2025-10-22T23:20:59.2635283Z,Updating submodules.,8dd64dfa-4061-4222-91fb-dde8007f7ac8,0
2025-10-22T23:21:00.3679143Z,Preparing deployment for commit id 'b78db4f8-7'.,04554f91-a39d-4d52-9271-0699e368bf3b,0
2025-10-22T23:21:00.6957299Z,PreDeployment: context.CleanOutputPath False,8b9cda63-30ec-4204-a3fc-b3aacbc55943,0
2025-10-22T23:21:00.8121113Z,PreDeployment: context.OutputPath /home/site/wwwroot,6d2510b4-261b-497a-b89c-fb0db0c6be4c,0
2025-10-22T23:21:00.9481752Z,Generating deployment script.,3c0a6bce-b91a-4150-b883-a660739817c4,0
2025-10-22T23:21:01.0740349Z,Running deployment command...,58c212ad-55da-43a4-99b8-b471ce428678,0
	2025-10-22T23:21:01.0770018Z,Command: /opt/Kudu/Scripts/parallel_rsync.sh /tmp/zipdeploy/extracted /home/site/wwwroot 8 /tmp/ False True  ,,0
	2025-10-22T23:21:01.1142298Z,Run rsync from: /tmp/zipdeploy/extracted/ to: /home/site/wwwroot/ in 8 parallel threads,,0
	2025-10-22T23:21:01.1213388Z,Delete options: clean=False&comma; use manifest=True&comma; directory to ignore=,,0
	2025-10-22T23:21:01.1262771Z,Prev manifest = /home/site/deployments/848e7ab4-2f1e-42b3-a62b-31d8e118d791/manifest and next /home/site/deployments/b78db4f8-783d-4d4b-b886-66c3d22f5dbf/manifest,,0
	2025-10-22T23:21:01.1362034Z,Cleaning up /tmp//filelist.txt and /tmp//splits,,0
	2025-10-22T23:21:01.1427079Z,Creating a list of all files at /tmp//filelist.txt,,0
	2025-10-22T23:21:01.1511185Z,No directory to exclude.,,0
	2025-10-22T23:21:01.1611108Z,Created /tmp//filelist.txt. Total number of files to be synced = 444.,,0
	2025-10-22T23:21:01.1684697Z,Created batches from the list of files. Processing 56 files in each thread,,0
	2025-10-22T23:21:01.1801929Z,Running rsync for filelist /tmp//splits/split.aa from /tmp/zipdeploy/extracted/ to /home/site/wwwroot/,,0
	2025-10-22T23:21:01.1936031Z,Running rsync for filelist /tmp//splits/split.ab from /tmp/zipdeploy/extracted/ to /home/site/wwwroot/,,0
	2025-10-22T23:21:01.1995140Z,Running rsync for filelist /tmp//splits/split.ac from /tmp/zipdeploy/extracted/ to /home/site/wwwroot/,,0
	2025-10-22T23:21:01.2063900Z,Running rsync for filelist /tmp//splits/split.ad from /tmp/zipdeploy/extracted/ to /home/site/wwwroot/,,0
	2025-10-22T23:21:01.2163967Z,Running rsync for filelist /tmp//splits/split.ae from /tmp/zipdeploy/extracted/ to /home/site/wwwroot/,,0
	2025-10-22T23:21:01.2270673Z,Running rsync for filelist /tmp//splits/split.af from /tmp/zipdeploy/extracted/ to /home/site/wwwroot/,,0
	2025-10-22T23:21:01.2524682Z,Running rsync for filelist /tmp//splits/split.ag from /tmp/zipdeploy/extracted/ to /home/site/wwwroot/,,0
	2025-10-22T23:21:01.2574200Z,Running rsync for filelist /tmp//splits/split.ah from /tmp/zipdeploy/extracted/ to /home/site/wwwroot/,,0
	2025-10-22T23:21:07.0940221Z,,,0
	2025-10-22T23:21:07.1213719Z,Number of files: 75 (reg: 56&comma; dir: 19),,0
	2025-10-22T23:21:07.1367072Z,Number of created files: 4 (reg: 3&comma; dir: 1),,0
	2025-10-22T23:21:07.1487798Z,Number of deleted files: 0,,0
	2025-10-22T23:21:07.1706849Z,Number of regular files transferred: 56,,0
	2025-10-22T23:21:07.1899842Z,Total file size: 1.04M bytes,,0
	2025-10-22T23:21:07.2075828Z,Total transferred file size: 1.04M bytes,,0
	2025-10-22T23:21:07.2105040Z,Literal data: 1.04M bytes,,0
	2025-10-22T23:21:07.2147104Z,Matched data: 0 bytes,,0
	2025-10-22T23:21:07.2367040Z,File list size: 0,,0
	2025-10-22T23:21:07.2572268Z,File list generation time: 0.004 seconds,,0
	2025-10-22T23:21:07.2731756Z,File list transfer time: 0.000 seconds,,0
	2025-10-22T23:21:07.2757025Z,Total bytes sent: 397.88K,,0
	2025-10-22T23:21:07.2795954Z,Total bytes received: 1.13K,,0
	2025-10-22T23:21:07.3093505Z,,,0
	2025-10-22T23:21:07.3212834Z,sent 397.88K bytes  received 1.13K bytes  61.39K bytes/sec,,0
	2025-10-22T23:21:07.3304738Z,total size is 1.04M  speedup is 2.62,,0
	2025-10-22T23:21:07.3531148Z,Attempt 1: Rsync for filelist /tmp//splits/split.aa completed with exit code 0,,0
	2025-10-22T23:21:07.3761596Z,,,0
	2025-10-22T23:21:07.3816977Z,Number of files: 62 (reg: 56&comma; dir: 6),,0
	2025-10-22T23:21:07.3940654Z,Number of created files: 0,,0
	2025-10-22T23:21:07.3994924Z,Number of deleted files: 0,,0
	2025-10-22T23:21:07.4037812Z,Number of regular files transferred: 56,,0
	2025-10-22T23:21:07.4410001Z,Total file size: 3.03M bytes,,0
	2025-10-22T23:21:07.4508084Z,Total transferred file size: 3.03M bytes,,0
	2025-10-22T23:21:07.4553081Z,Literal data: 3.03M bytes,,0
	2025-10-22T23:21:07.4596728Z,Matched data: 0 bytes,,0
	2025-10-22T23:21:07.4639427Z,File list size: 0,,0
	2025-10-22T23:21:07.4685385Z,File list generation time: 0.008 seconds,,0
	2025-10-22T23:21:07.4771802Z,File list transfer time: 0.000 seconds,,0
	2025-10-22T23:21:07.5181701Z,Total bytes sent: 680.98K,,0
	2025-10-22T23:21:07.5231995Z,Total bytes received: 1.09K,,0
	2025-10-22T23:21:07.5273011Z,,,0
	2025-10-22T23:21:07.5298027Z,sent 680.98K bytes  received 1.09K bytes  104.93K bytes/sec,,0
	2025-10-22T23:21:07.5324981Z,total size is 3.03M  speedup is 4.44,,0
	2025-10-22T23:21:07.5355446Z,Attempt 1: Rsync for filelist /tmp//splits/split.af completed with exit code 0,,0
	2025-10-22T23:21:07.5379602Z,,,0
	2025-10-22T23:21:07.5408155Z,Number of files: 69 (reg: 56&comma; dir: 13),,0
	2025-10-22T23:21:07.5437931Z,Number of created files: 0,,0
	2025-10-22T23:21:07.5469724Z,Number of deleted files: 0,,0
	2025-10-22T23:21:07.5509165Z,Number of regular files transferred: 56,,0
	2025-10-22T23:21:07.5764999Z,Total file size: 1.05M bytes,,0
	2025-10-22T23:21:07.5813923Z,Total transferred file size: 1.05M bytes,,0
	2025-10-22T23:21:07.5844742Z,Literal data: 1.05M bytes,,0
	2025-10-22T23:21:07.5870209Z,Matched data: 0 bytes,,0
	2025-10-22T23:21:07.6032171Z,File list size: 0,,0
	2025-10-22T23:21:07.6070171Z,File list generation time: 0.032 seconds,,0
	2025-10-22T23:21:07.6093812Z,File list transfer time: 0.000 seconds,,0
	2025-10-22T23:21:07.6119607Z,Total bytes sent: 270.89K,,0
	2025-10-22T23:21:07.6150322Z,Total bytes received: 1.11K,,0
	2025-10-22T23:21:07.6181436Z,,,0
	2025-10-22T23:21:07.6204765Z,sent 270.89K bytes  received 1.11K bytes  41.85K bytes/sec,,0
	2025-10-22T23:21:07.6234736Z,total size is 1.05M  speedup is 3.85,,0
	2025-10-22T23:21:07.6262538Z,Attempt 1: Rsync for filelist /tmp//splits/split.ad completed with exit code 0,,0
	2025-10-22T23:21:07.6286371Z,,,0
	2025-10-22T23:21:07.6313613Z,Number of files: 75 (reg: 56&comma; dir: 19),,0
	2025-10-22T23:21:07.6340973Z,Number of created files: 0,,0
	2025-10-22T23:21:07.6370062Z,Number of deleted files: 0,,0
	2025-10-22T23:21:07.6533162Z,Number of regular files transferred: 56,,0
	2025-10-22T23:21:07.6584405Z,Total file size: 137.56K bytes,,0
	2025-10-22T23:21:07.6628428Z,Total transferred file size: 137.56K bytes,,0
	2025-10-22T23:21:07.6662289Z,Literal data: 137.56K bytes,,0
	2025-10-22T23:21:07.6707871Z,Matched data: 0 bytes,,0
	2025-10-22T23:21:07.6748356Z,File list size: 0,,0
	2025-10-22T23:21:07.6778510Z,File list generation time: 0.006 seconds,,0
	2025-10-22T23:21:07.6806938Z,File list transfer time: 0.000 seconds,,0
	2025-10-22T23:21:07.6838342Z,Total bytes sent: 25.67K,,0
	2025-10-22T23:21:07.6866544Z,Total bytes received: 1.12K,,0
	2025-10-22T23:21:07.6896213Z,,,0
	2025-10-22T23:21:07.6920083Z,sent 25.67K bytes  received 1.12K bytes  4.12K bytes/sec,,0
	2025-10-22T23:21:07.6945233Z,total size is 137.56K  speedup is 5.13,,0
	2025-10-22T23:21:07.6975090Z,Attempt 1: Rsync for filelist /tmp//splits/split.ae completed with exit code 0,,0
	2025-10-22T23:21:07.7003183Z,,,0
	2025-10-22T23:21:07.7072278Z,Number of files: 72 (reg: 56&comma; dir: 16),,0
	2025-10-22T23:21:07.7106471Z,Number of created files: 31 (reg: 25&comma; dir: 6),,0
	2025-10-22T23:21:07.7235343Z,Number of deleted files: 0,,0
	2025-10-22T23:21:07.7322509Z,Number of regular files transferred: 56,,0
	2025-10-22T23:21:07.7412358Z,Total file size: 1.80M bytes,,0
	2025-10-22T23:21:07.7515077Z,Total transferred file size: 1.80M bytes,,0
	2025-10-22T23:21:07.7618517Z,Literal data: 1.80M bytes,,0
	2025-10-22T23:21:07.7681788Z,Matched data: 0 bytes,,0
	2025-10-22T23:21:07.7773304Z,File list size: 0,,0
	2025-10-22T23:21:07.7839027Z,File list generation time: 0.008 seconds,,0
	2025-10-22T23:21:07.7910657Z,File list transfer time: 0.000 seconds,,0
	2025-10-22T23:21:07.7994350Z,Total bytes sent: 554.07K,,0
	2025-10-22T23:21:07.8035011Z,Total bytes received: 1.12K,,0
	2025-10-22T23:21:07.8078889Z,,,0
	2025-10-22T23:21:07.8113415Z,sent 554.07K bytes  received 1.12K bytes  85.41K bytes/sec,,0
	2025-10-22T23:21:07.8155252Z,total size is 1.80M  speedup is 3.24,,0
	2025-10-22T23:21:07.8198241Z,Attempt 1: Rsync for filelist /tmp//splits/split.ab completed with exit code 0,,0
	2025-10-22T23:21:07.8244815Z,,,0
	2025-10-22T23:21:07.8282851Z,Number of files: 89 (reg: 52&comma; dir: 37),,0
	2025-10-22T23:21:07.8322439Z,Number of created files: 4 (reg: 2&comma; dir: 2),,0
	2025-10-22T23:21:07.8373608Z,Number of deleted files: 0,,0
	2025-10-22T23:21:07.8426976Z,Number of regular files transferred: 52,,0
	2025-10-22T23:21:07.8474019Z,Total file size: 46.55K bytes,,0
	2025-10-22T23:21:07.8710414Z,Total transferred file size: 46.55K bytes,,0
	2025-10-22T23:21:07.8757093Z,Literal data: 46.55K bytes,,0
	2025-10-22T23:21:07.8795363Z,Matched data: 0 bytes,,0
	2025-10-22T23:21:07.8837448Z,File list size: 0,,0
	2025-10-22T23:21:07.8878032Z,File list generation time: 0.010 seconds,,0
	2025-10-22T23:21:07.8969515Z,File list transfer time: 0.000 seconds,,0
	2025-10-22T23:21:07.9011503Z,Total bytes sent: 33.12K,,0
	2025-10-22T23:21:07.9055955Z,Total bytes received: 1.11K,,0
	2025-10-22T23:21:07.9103104Z,,,0
	2025-10-22T23:21:07.9145129Z,sent 33.12K bytes  received 1.11K bytes  5.27K bytes/sec,,0
	2025-10-22T23:21:07.9180814Z,total size is 46.55K  speedup is 1.36,,0
	2025-10-22T23:21:07.9226079Z,Attempt 1: Rsync for filelist /tmp//splits/split.ah completed with exit code 0,,0
	2025-10-22T23:21:07.9265070Z,,,0
	2025-10-22T23:21:07.9306900Z,Number of files: 77 (reg: 56&comma; dir: 21),,0
	2025-10-22T23:21:07.9350478Z,Number of created files: 0,,0
	2025-10-22T23:21:07.9388428Z,Number of deleted files: 0,,0
	2025-10-22T23:21:07.9433636Z,Number of regular files transferred: 56,,0
	2025-10-22T23:21:07.9478344Z,Total file size: 144.22K bytes,,0
	2025-10-22T23:21:07.9520796Z,Total transferred file size: 144.22K bytes,,0
	2025-10-22T23:21:07.9558879Z,Literal data: 144.22K bytes,,0
	2025-10-22T23:21:07.9603602Z,Matched data: 0 bytes,,0
	2025-10-22T23:21:07.9642421Z,File list size: 0,,0
	2025-10-22T23:21:07.9687957Z,File list generation time: 0.016 seconds,,0
	2025-10-22T23:21:07.9726623Z,File list transfer time: 0.000 seconds,,0
	2025-10-22T23:21:07.9803180Z,Total bytes sent: 25.56K,,0
	2025-10-22T23:21:07.9852751Z,Total bytes received: 1.13K,,0
	2025-10-22T23:21:07.9899223Z,,,0
	2025-10-22T23:21:07.9938735Z,sent 25.56K bytes  received 1.13K bytes  4.11K bytes/sec,,0
	2025-10-22T23:21:07.9981344Z,total size is 144.22K  speedup is 5.40,,0
	2025-10-22T23:21:08.0080197Z,Attempt 1: Rsync for filelist /tmp//splits/split.ac completed with exit code 0,,0
	2025-10-22T23:21:08.0132302Z,,,0
	2025-10-22T23:21:08.0179101Z,Number of files: 92 (reg: 56&comma; dir: 36),,0
	2025-10-22T23:21:08.0220717Z,Number of created files: 8 (reg: 4&comma; dir: 4),,0
	2025-10-22T23:21:08.0261901Z,Number of deleted files: 0,,0
	2025-10-22T23:21:08.0312975Z,Number of regular files transferred: 56,,0
	2025-10-22T23:21:08.0355128Z,Total file size: 1.95M bytes,,0
	2025-10-22T23:21:08.0404255Z,Total transferred file size: 1.95M bytes,,0
	2025-10-22T23:21:08.0446031Z,Literal data: 1.95M bytes,,0
	2025-10-22T23:21:08.0503220Z,Matched data: 0 bytes,,0
	2025-10-22T23:21:08.0548745Z,File list size: 0,,0
	2025-10-22T23:21:08.0580277Z,File list generation time: 0.007 seconds,,0
	2025-10-22T23:21:08.0610118Z,File list transfer time: 0.000 seconds,,0
	2025-10-22T23:21:08.0644297Z,Total bytes sent: 555.66K,,0
	2025-10-22T23:21:08.0672368Z,Total bytes received: 1.19K,,0
	2025-10-22T23:21:08.0769769Z,,,0
	2025-10-22T23:21:08.0823020Z,sent 555.66K bytes  received 1.19K bytes  85.67K bytes/sec,,0
	2025-10-22T23:21:08.0851579Z,total size is 1.95M  speedup is 3.49,,0
	2025-10-22T23:21:08.0894429Z,Attempt 1: Rsync for filelist /tmp//splits/split.ag completed with exit code 0,,0
	2025-10-22T23:21:08.0921919Z,Deleting files not present in /tmp/zipdeploy/extracted/ from /home/site/wwwroot/ based on manifest file /home/site/deployments/848e7ab4-2f1e-42b3-a62b-31d8e118d791/manifest,,0
	2025-10-22T23:21:08.0953208Z,Number of files deleted: 6. See /tmp//rsync_deletion_logs.txt for more details.,,0
	2025-10-22T23:21:08.0985447Z,create new manifest file at /home/site/deployments/b78db4f8-783d-4d4b-b886-66c3d22f5dbf/manifest,,0
	2025-10-22T23:21:08.1045964Z,Completed successfully in 7 seconds,,0
2025-10-22T23:21:08.2329338Z,Running post deployment command(s)...,7815d32f-5a65-49eb-a4c3-246b1d97fe78,0
2025-10-22T23:21:08.3776002Z,Triggering recycle (preview mode disabled).,058ab44e-48ea-4441-83d9-58af27df4573,0
2025-10-22T23:21:08.5316659Z,Deployment successful. deployer = Push-Deployer deploymentPath = ZipDeploy. Extract zip.,71df42c4-6bfa-4b2d-b196-c9fb253a8b39,0
