2025-10-22T22:57:26.3678335Z,Updating submodules.,15995c72-f329-4f57-9cbd-6d88b94cb7db,0
2025-10-22T22:57:27.4768426Z,Preparing deployment for commit id 'ed367497-2'.,1b6c6e92-912c-42a4-b1f6-5a3dc17f039e,0
2025-10-22T22:57:27.7257770Z,PreDeployment: context.CleanOutputPath False,0c01dd61-e7af-4986-9b12-0079ff0f765e,0
2025-10-22T22:57:27.8484143Z,PreDeployment: context.OutputPath /home/site/wwwroot,1f4269f1-2612-4216-8fc9-3127971f4bae,0
2025-10-22T22:57:27.9608151Z,Generating deployment script.,5ddd94be-7090-4633-8ef6-3b7782b79502,0
2025-10-22T22:57:28.1354148Z,Running deployment command...,21ec89de-3400-4aab-a3ce-e821a4fe9d62,0
	2025-10-22T22:57:28.1387369Z,Command: /opt/Kudu/Scripts/parallel_rsync.sh /tmp/zipdeploy/extracted /home/site/wwwroot 8 /tmp/ False True  ,,0
	2025-10-22T22:57:28.1744044Z,Run rsync from: /tmp/zipdeploy/extracted/ to: /home/site/wwwroot/ in 8 parallel threads,,0
	2025-10-22T22:57:28.1793134Z,Delete options: clean=False&comma; use manifest=True&comma; directory to ignore=,,0
	2025-10-22T22:57:28.1820533Z,Prev manifest = /opt/Kudu/Scripts/firstDeploymentManifest and next /home/site/deployments/ed367497-2f9b-4e6a-8e0b-4a0e4fa60476/manifest,,0
	2025-10-22T22:57:28.1845809Z,Cleaning up /tmp//filelist.txt and /tmp//splits,,0
	2025-10-22T22:57:28.1872677Z,Creating a list of all files at /tmp//filelist.txt,,0
	2025-10-22T22:57:28.1898764Z,No directory to exclude.,,0
	2025-10-22T22:57:28.1945833Z,Created /tmp//filelist.txt. Total number of files to be synced = 109.,,0
	2025-10-22T22:57:28.1995637Z,Created batches from the list of files. Processing 14 files in each thread,,0
	2025-10-22T22:57:28.2068526Z,Running rsync for filelist /tmp//splits/split.aa from /tmp/zipdeploy/extracted/ to /home/site/wwwroot/,,0
	2025-10-22T22:57:28.2166547Z,Running rsync for filelist /tmp//splits/split.ac from /tmp/zipdeploy/extracted/ to /home/site/wwwroot/,,0
	2025-10-22T22:57:28.2198132Z,Running rsync for filelist /tmp//splits/split.ad from /tmp/zipdeploy/extracted/ to /home/site/wwwroot/,,0
	2025-10-22T22:57:28.2303862Z,Running rsync for filelist /tmp//splits/split.ab from /tmp/zipdeploy/extracted/ to /home/site/wwwroot/,,0
	2025-10-22T22:57:28.2343079Z,Running rsync for filelist /tmp//splits/split.af from /tmp/zipdeploy/extracted/ to /home/site/wwwroot/,,0
	2025-10-22T22:57:28.2378764Z,Running rsync for filelist /tmp//splits/split.ag from /tmp/zipdeploy/extracted/ to /home/site/wwwroot/,,0
	2025-10-22T22:57:28.2404220Z,Running rsync for filelist /tmp//splits/split.ae from /tmp/zipdeploy/extracted/ to /home/site/wwwroot/,,0
	2025-10-22T22:57:28.2426682Z,Running rsync for filelist /tmp//splits/split.ah from /tmp/zipdeploy/extracted/ to /home/site/wwwroot/,,0
	2025-10-22T22:57:30.2410986Z,,,0
	2025-10-22T22:57:30.2609059Z,Number of files: 15 (reg: 11&comma; dir: 4),,0
	2025-10-22T22:57:30.3022381Z,Number of created files: 14 (reg: 11&comma; dir: 3),,0
	2025-10-22T22:57:30.3052819Z,Number of deleted files: 0,,0
	2025-10-22T22:57:30.3362381Z,Number of regular files transferred: 11,,0
	2025-10-22T22:57:30.3599223Z,Total file size: 245.95K bytes,,0
	2025-10-22T22:57:30.3830978Z,Total transferred file size: 245.95K bytes,,0
	2025-10-22T22:57:30.4041500Z,Literal data: 245.95K bytes,,0
	2025-10-22T22:57:30.4380309Z,Matched data: 0 bytes,,0
	2025-10-22T22:57:30.4612436Z,File list size: 0,,0
	2025-10-22T22:57:30.5085664Z,File list generation time: 0.001 seconds,,0
	2025-10-22T22:57:30.5435992Z,File list transfer time: 0.000 seconds,,0
	2025-10-22T22:57:30.5486351Z,Total bytes sent: 67.14K,,0
	2025-10-22T22:57:30.5514222Z,Total bytes received: 237,,0
	2025-10-22T22:57:30.5542640Z,,,0
	2025-10-22T22:57:30.5601739Z,sent 67.14K bytes  received 237 bytes  26.95K bytes/sec,,0
	2025-10-22T22:57:30.5632648Z,total size is 245.95K  speedup is 3.65,,0
	2025-10-22T22:57:30.5660387Z,Attempt 1: Rsync for filelist /tmp//splits/split.ah completed with exit code 0,,0
	2025-10-22T22:57:30.5697734Z,,,0
	2025-10-22T22:57:30.6068708Z,Number of files: 20 (reg: 14&comma; dir: 6),,0
	2025-10-22T22:57:30.6101557Z,Number of created files: 16 (reg: 14&comma; dir: 2),,0
	2025-10-22T22:57:30.6131407Z,Number of deleted files: 0,,0
	2025-10-22T22:57:30.6158265Z,Number of regular files transferred: 14,,0
	2025-10-22T22:57:30.6231862Z,Total file size: 40.37K bytes,,0
	2025-10-22T22:57:30.6540180Z,Total transferred file size: 40.37K bytes,,0
	2025-10-22T22:57:30.6913468Z,Literal data: 40.37K bytes,,0
	2025-10-22T22:57:30.6947316Z,Matched data: 0 bytes,,0
	2025-10-22T22:57:30.7026363Z,File list size: 0,,0
	2025-10-22T22:57:30.7483224Z,File list generation time: 0.001 seconds,,0
	2025-10-22T22:57:30.7753600Z,File list transfer time: 0.000 seconds,,0
	2025-10-22T22:57:30.8169960Z,Total bytes sent: 10.63K,,0
	2025-10-22T22:57:30.8318389Z,Total bytes received: 294,,0
	2025-10-22T22:57:30.8497511Z,,,0
	2025-10-22T22:57:30.8629950Z,sent 10.63K bytes  received 294 bytes  4.37K bytes/sec,,0
	2025-10-22T22:57:30.8765154Z,total size is 40.37K  speedup is 3.69,,0
	2025-10-22T22:57:30.8823107Z,Attempt 1: Rsync for filelist /tmp//splits/split.aa completed with exit code 0,,0
	2025-10-22T22:57:30.8938329Z,,,0
	2025-10-22T22:57:30.9041229Z,Number of files: 18 (reg: 14&comma; dir: 4),,0
	2025-10-22T22:57:30.9093482Z,Number of created files: 17 (reg: 14&comma; dir: 3),,0
	2025-10-22T22:57:30.9163706Z,Number of deleted files: 0,,0
	2025-10-22T22:57:30.9226631Z,Number of regular files transferred: 14,,0
	2025-10-22T22:57:30.9283160Z,Total file size: 281.78K bytes,,0
	2025-10-22T22:57:30.9345514Z,Total transferred file size: 281.78K bytes,,0
	2025-10-22T22:57:30.9385044Z,Literal data: 281.78K bytes,,0
	2025-10-22T22:57:30.9414721Z,Matched data: 0 bytes,,0
	2025-10-22T22:57:30.9455336Z,File list size: 0,,0
	2025-10-22T22:57:30.9479600Z,File list generation time: 0.002 seconds,,0
	2025-10-22T22:57:30.9509172Z,File list transfer time: 0.000 seconds,,0
	2025-10-22T22:57:30.9533559Z,Total bytes sent: 82.40K,,0
	2025-10-22T22:57:30.9562506Z,Total bytes received: 294,,0
	2025-10-22T22:57:30.9606470Z,,,0
	2025-10-22T22:57:30.9661348Z,sent 82.40K bytes  received 294 bytes  33.08K bytes/sec,,0
	2025-10-22T22:57:30.9686669Z,total size is 281.78K  speedup is 3.41,,0
	2025-10-22T22:57:30.9717694Z,Attempt 1: Rsync for filelist /tmp//splits/split.ag completed with exit code 0,,0
	2025-10-22T22:57:30.9744160Z,,,0
	2025-10-22T22:57:30.9770017Z,Number of files: 20 (reg: 14&comma; dir: 6),,0
	2025-10-22T22:57:30.9912886Z,Number of created files: 14 (reg: 14),,0
	2025-10-22T22:57:30.9967660Z,Number of deleted files: 0,,0
	2025-10-22T22:57:31.0042378Z,Number of regular files transferred: 14,,0
	2025-10-22T22:57:31.0073073Z,Total file size: 335.72K bytes,,0
	2025-10-22T22:57:31.0100757Z,Total transferred file size: 335.72K bytes,,0
	2025-10-22T22:57:31.0128128Z,Literal data: 335.72K bytes,,0
	2025-10-22T22:57:31.0153906Z,Matched data: 0 bytes,,0
	2025-10-22T22:57:31.0197358Z,File list size: 0,,0
	2025-10-22T22:57:31.0227458Z,File list generation time: 0.002 seconds,,0
	2025-10-22T22:57:31.0255809Z,File list transfer time: 0.000 seconds,,0
	2025-10-22T22:57:31.0287399Z,Total bytes sent: 109.22K,,0
	2025-10-22T22:57:31.0321187Z,Total bytes received: 294,,0
	2025-10-22T22:57:31.0352233Z,,,0
	2025-10-22T22:57:31.0379462Z,sent 109.22K bytes  received 294 bytes  43.81K bytes/sec,,0
	2025-10-22T22:57:31.0404705Z,total size is 335.72K  speedup is 3.07,,0
	2025-10-22T22:57:31.0445734Z,Attempt 1: Rsync for filelist /tmp//splits/split.af completed with exit code 0,,0
	2025-10-22T22:57:31.0476973Z,,,0
	2025-10-22T22:57:31.0500294Z,Number of files: 20 (reg: 14&comma; dir: 6),,0
	2025-10-22T22:57:31.0568695Z,Number of created files: 16 (reg: 14&comma; dir: 2),,0
	2025-10-22T22:57:31.0603379Z,Number of deleted files: 0,,0
	2025-10-22T22:57:31.0632873Z,Number of regular files transferred: 14,,0
	2025-10-22T22:57:31.0663642Z,Total file size: 68.62K bytes,,0
	2025-10-22T22:57:31.0701371Z,Total transferred file size: 68.62K bytes,,0
	2025-10-22T22:57:31.0738567Z,Literal data: 68.62K bytes,,0
	2025-10-22T22:57:31.0766703Z,Matched data: 0 bytes,,0
	2025-10-22T22:57:31.0806867Z,File list size: 0,,0
	2025-10-22T22:57:31.0847151Z,File list generation time: 0.001 seconds,,0
	2025-10-22T22:57:31.0883517Z,File list transfer time: 0.000 seconds,,0
	2025-10-22T22:57:31.0909321Z,Total bytes sent: 17.90K,,0
	2025-10-22T22:57:31.0939094Z,Total bytes received: 297,,0
	2025-10-22T22:57:31.1277097Z,,,0
	2025-10-22T22:57:31.1306459Z,sent 17.90K bytes  received 297 bytes  7.28K bytes/sec,,0
	2025-10-22T22:57:31.1381431Z,total size is 68.62K  speedup is 3.77,,0
	2025-10-22T22:57:31.1653619Z,Attempt 1: Rsync for filelist /tmp//splits/split.ab completed with exit code 0,,0
	2025-10-22T22:57:31.1692867Z,,,0
	2025-10-22T22:57:31.1721611Z,Number of files: 21 (reg: 14&comma; dir: 7),,0
	2025-10-22T22:57:31.1746845Z,Number of created files: 17 (reg: 14&comma; dir: 3),,0
	2025-10-22T22:57:31.1773230Z,Number of deleted files: 0,,0
	2025-10-22T22:57:31.1810566Z,Number of regular files transferred: 14,,0
	2025-10-22T22:57:31.1838768Z,Total file size: 23.94K bytes,,0
	2025-10-22T22:57:31.1867166Z,Total transferred file size: 23.94K bytes,,0
	2025-10-22T22:57:31.1895617Z,Literal data: 23.94K bytes,,0
	2025-10-22T22:57:31.1958273Z,Matched data: 0 bytes,,0
	2025-10-22T22:57:31.1984788Z,File list size: 0,,0
	2025-10-22T22:57:31.2011226Z,File list generation time: 0.001 seconds,,0
	2025-10-22T22:57:31.2037582Z,File list transfer time: 0.000 seconds,,0
	2025-10-22T22:57:31.2082532Z,Total bytes sent: 4.99K,,0
	2025-10-22T22:57:31.2145523Z,Total bytes received: 300,,0
	2025-10-22T22:57:31.2177791Z,,,0
	2025-10-22T22:57:31.2240954Z,sent 4.99K bytes  received 300 bytes  2.12K bytes/sec,,0
	2025-10-22T22:57:31.2268250Z,total size is 23.94K  speedup is 4.52,,0
	2025-10-22T22:57:31.2309458Z,Attempt 1: Rsync for filelist /tmp//splits/split.ae completed with exit code 0,,0
	2025-10-22T22:57:31.2359354Z,,,0
	2025-10-22T22:57:31.2389227Z,Number of files: 21 (reg: 14&comma; dir: 7),,0
	2025-10-22T22:57:31.2416850Z,Number of created files: 20 (reg: 14&comma; dir: 6),,0
	2025-10-22T22:57:31.2462447Z,Number of deleted files: 0,,0
	2025-10-22T22:57:31.2492125Z,Number of regular files transferred: 14,,0
	2025-10-22T22:57:31.2525623Z,Total file size: 23.93K bytes,,0
	2025-10-22T22:57:31.2556459Z,Total transferred file size: 23.93K bytes,,0
	2025-10-22T22:57:31.2590072Z,Literal data: 23.93K bytes,,0
	2025-10-22T22:57:31.2676096Z,Matched data: 0 bytes,,0
	2025-10-22T22:57:31.2731580Z,File list size: 0,,0
	2025-10-22T22:57:31.2755434Z,File list generation time: 0.011 seconds,,0
	2025-10-22T22:57:31.2780198Z,File list transfer time: 0.000 seconds,,0
	2025-10-22T22:57:31.2812526Z,Total bytes sent: 5.85K,,0
	2025-10-22T22:57:31.2839310Z,Total bytes received: 303,,0
	2025-10-22T22:57:31.2870859Z,,,0
	2025-10-22T22:57:31.2898354Z,sent 5.85K bytes  received 303 bytes  2.46K bytes/sec,,0
	2025-10-22T22:57:31.2926598Z,total size is 23.93K  speedup is 3.89,,0
	2025-10-22T22:57:31.2953974Z,Attempt 1: Rsync for filelist /tmp//splits/split.ad completed with exit code 0,,0
	2025-10-22T22:57:31.2979944Z,,,0
	2025-10-22T22:57:31.3046677Z,Number of files: 25 (reg: 14&comma; dir: 11),,0
	2025-10-22T22:57:31.3112535Z,Number of created files: 20 (reg: 14&comma; dir: 6),,0
	2025-10-22T22:57:31.3155661Z,Number of deleted files: 0,,0
	2025-10-22T22:57:31.3180874Z,Number of regular files transferred: 14,,0
	2025-10-22T22:57:31.3206529Z,Total file size: 17.79K bytes,,0
	2025-10-22T22:57:31.3232297Z,Total transferred file size: 17.79K bytes,,0
	2025-10-22T22:57:31.3264757Z,Literal data: 17.79K bytes,,0
	2025-10-22T22:57:31.3295731Z,Matched data: 0 bytes,,0
	2025-10-22T22:57:31.3320988Z,File list size: 0,,0
	2025-10-22T22:57:31.3354777Z,File list generation time: 0.002 seconds,,0
	2025-10-22T22:57:31.3381860Z,File list transfer time: 0.000 seconds,,0
	2025-10-22T22:57:31.3406814Z,Total bytes sent: 5.45K,,0
	2025-10-22T22:57:31.3438355Z,Total bytes received: 309,,0
	2025-10-22T22:57:31.3467939Z,,,0
	2025-10-22T22:57:31.3690677Z,sent 5.45K bytes  received 309 bytes  2.30K bytes/sec,,0
	2025-10-22T22:57:31.3720111Z,total size is 17.79K  speedup is 3.09,,0
	2025-10-22T22:57:31.3749807Z,Attempt 1: Rsync for filelist /tmp//splits/split.ac completed with exit code 0,,0
	2025-10-22T22:57:31.3777301Z,Deleting files not present in /tmp/zipdeploy/extracted/ from /home/site/wwwroot/ based on manifest file /opt/Kudu/Scripts/firstDeploymentManifest,,0
	2025-10-22T22:57:31.3822779Z,Number of files deleted: 1. See /tmp//rsync_deletion_logs.txt for more details.,,0
	2025-10-22T22:57:31.3850652Z,create new manifest file at /home/site/deployments/ed367497-2f9b-4e6a-8e0b-4a0e4fa60476/manifest,,0
	2025-10-22T22:57:31.3876249Z,Completed successfully in 2 seconds,,0
2025-10-22T22:57:31.4959283Z,Running post deployment command(s)...,45f537b6-155c-435c-9663-bb04026de5e9,0
2025-10-22T22:57:31.6370310Z,Triggering recycle (preview mode disabled).,dcc24444-0960-4530-86b3-b105295a1ff8,0
2025-10-22T22:57:31.7791674Z,Deployment successful. deployer = Push-Deployer deploymentPath = ZipDeploy. Extract zip.,8287585e-de87-4b54-9e46-b576bfcc19a3,0
