2025-10-22T21:19:31.0320575Z    _____                               
2025-10-22T21:19:31.0325906Z   /  _  \ __________ _________   ____  
2025-10-22T21:19:31.0326555Z  /  /_\  \\___   /  |  \_  __ \_/ __ \ 
2025-10-22T21:19:31.0326655Z /    |    \/    /|  |  /|  | \/\  ___/ 
2025-10-22T21:19:31.0326712Z \____|__  /_____ \____/ |__|    \___  >
2025-10-22T21:19:31.0326781Z         \/      \/                  \/ 
2025-10-22T21:19:31.0326839Z A P P   S E R V I C E   O N   L I N U X
2025-10-22T21:19:31.0326922Z 
2025-10-22T21:19:31.0326989Z Documentation: http://aka.ms/webapp-linux
2025-10-22T21:19:31.0327241Z NodeJS quickstart: https://aka.ms/node-qs
2025-10-22T21:19:31.0327300Z NodeJS Version : v20.19.3
2025-10-22T21:19:31.0327359Z Note: Any data outside '/home' is not persisted
2025-10-22T21:19:31.0327401Z 
2025-10-22T21:19:32.8055696Z Starting OpenBSD Secure Shell server: sshd.
2025-10-22T21:19:32.8095915Z WEBSITES_INCLUDE_CLOUD_CERTS is not set to true.
2025-10-22T21:19:32.8252296Z Updating certificates in /etc/ssl/certs...
2025-10-22T21:19:34.7093825Z rehash: warning: skipping ca-certificates.crt,it does not contain exactly one certificate or CRL
2025-10-22T21:19:34.7226114Z 4 added, 0 removed; done.
2025-10-22T21:19:34.7236938Z Running hooks in /etc/ca-certificates/update.d...
2025-10-22T21:19:34.7273891Z done.
2025-10-22T21:19:34.7381566Z CA certificates copied and updated successfully.
2025-10-22T21:19:34.7743136Z Starting periodic command scheduler: cron.
2025-10-22T21:19:34.8297491Z Could not find build manifest file at '/home/site/wwwroot/oryx-manifest.toml'
2025-10-22T21:19:34.8300330Z Could not find operation ID in manifest. Generating an operation id...
2025-10-22T21:19:34.8300497Z Build Operation ID: 4204a87f-5484-4e7f-a341-0ceb848242dc
2025-10-22T21:19:34.9779859Z Environment Variables for Application Insight's IPA Codeless Configuration exists..
2025-10-22T21:19:35.0000022Z Writing output script to '/opt/startup/startup.sh'
2025-10-22T21:19:35.0346799Z Running #!/bin/sh
2025-10-22T21:19:35.0347672Z 
2025-10-22T21:19:35.0347791Z # Enter the source directory to make sure the script runs where the user expects
2025-10-22T21:19:35.0347934Z cd "/home/site/wwwroot"
2025-10-22T21:19:35.0347980Z 
2025-10-22T21:19:35.0348111Z export NODE_PATH=/usr/local/lib/node_modules:$NODE_PATH
2025-10-22T21:19:35.0348168Z if [ -z "$PORT" ]; then
2025-10-22T21:19:35.0348214Z 		export PORT=8080
2025-10-22T21:19:35.0348254Z fi
2025-10-22T21:19:35.0348292Z 
2025-10-22T21:19:35.0348340Z node /opt/startup/default-static-site.js
2025-10-22T21:24:41.7713534Z    _____                               
2025-10-22T21:24:41.7805549Z   /  _  \ __________ _________   ____  
2025-10-22T21:24:41.7810043Z  /  /_\  \\___   /  |  \_  __ \_/ __ \ 
2025-10-22T21:24:41.7810393Z /    |    \/    /|  |  /|  | \/\  ___/ 
2025-10-22T21:24:41.7810522Z \____|__  /_____ \____/ |__|    \___  >
2025-10-22T21:24:41.7810655Z         \/      \/                  \/ 
2025-10-22T21:24:41.7810739Z A P P   S E R V I C E   O N   L I N U X
2025-10-22T21:24:41.7810832Z 
2025-10-22T21:24:41.7810911Z Documentation: http://aka.ms/webapp-linux
2025-10-22T21:24:41.7810988Z NodeJS quickstart: https://aka.ms/node-qs
2025-10-22T21:24:41.7811061Z NodeJS Version : v20.19.3
2025-10-22T21:24:41.7811155Z Note: Any data outside '/home' is not persisted
2025-10-22T21:24:41.7811233Z 
2025-10-22T21:24:43.2054834Z Starting OpenBSD Secure Shell server: sshd.
2025-10-22T21:24:43.2093932Z WEBSITES_INCLUDE_CLOUD_CERTS is not set to true.
2025-10-22T21:24:43.2166977Z Updating certificates in /etc/ssl/certs...
2025-10-22T21:24:45.1288469Z rehash: warning: skipping ca-certificates.crt,it does not contain exactly one certificate or CRL
2025-10-22T21:24:45.1371968Z 4 added, 0 removed; done.
2025-10-22T21:24:45.1373138Z Running hooks in /etc/ca-certificates/update.d...
2025-10-22T21:24:45.1393822Z done.
2025-10-22T21:24:45.1448601Z CA certificates copied and updated successfully.
2025-10-22T21:24:45.1812148Z Starting periodic command scheduler: cron.
2025-10-22T21:24:45.1929413Z Could not find build manifest file at '/home/site/wwwroot/oryx-manifest.toml'
2025-10-22T21:24:45.1931435Z Could not find operation ID in manifest. Generating an operation id...
2025-10-22T21:24:45.1933231Z Build Operation ID: 5a0703a9-6c36-46e7-b5d8-96f2991796d7
2025-10-22T21:24:45.3178637Z Environment Variables for Application Insight's IPA Codeless Configuration exists..
2025-10-22T21:24:45.3337956Z Writing output script to '/opt/startup/startup.sh'
2025-10-22T21:24:45.3551868Z Running #!/bin/sh
2025-10-22T21:24:45.3553361Z 
2025-10-22T21:24:45.3553490Z # Enter the source directory to make sure the script runs where the user expects
2025-10-22T21:24:45.3553596Z cd "/home/site/wwwroot"
2025-10-22T21:24:45.3602111Z 
2025-10-22T21:24:45.3602339Z export NODE_PATH=/usr/local/lib/node_modules:$NODE_PATH
2025-10-22T21:24:45.3602424Z if [ -z "$PORT" ]; then
2025-10-22T21:24:45.3602495Z 		export PORT=8080
2025-10-22T21:24:45.3602604Z fi
2025-10-22T21:24:45.3602665Z 
2025-10-22T21:24:45.3602722Z node /opt/startup/default-static-site.js
2025-10-22T21:54:05.2609986Z    _____                               
2025-10-22T21:54:05.2617345Z   /  _  \ __________ _________   ____  
2025-10-22T21:54:05.2617752Z  /  /_\  \\___   /  |  \_  __ \_/ __ \ 
2025-10-22T21:54:05.2617864Z /    |    \/    /|  |  /|  | \/\  ___/ 
2025-10-22T21:54:05.2617947Z \____|__  /_____ \____/ |__|    \___  >
2025-10-22T21:54:05.2618291Z         \/      \/                  \/ 
2025-10-22T21:54:05.2618401Z A P P   S E R V I C E   O N   L I N U X
2025-10-22T21:54:05.2618531Z 
2025-10-22T21:54:05.2618605Z Documentation: http://aka.ms/webapp-linux
2025-10-22T21:54:05.2618700Z NodeJS quickstart: https://aka.ms/node-qs
2025-10-22T21:54:05.2618774Z NodeJS Version : v20.19.3
2025-10-22T21:54:05.2618853Z Note: Any data outside '/home' is not persisted
2025-10-22T21:54:05.2618949Z 
2025-10-22T21:54:06.4001837Z Starting OpenBSD Secure Shell server: sshd.
2025-10-22T21:54:06.4048865Z WEBSITES_INCLUDE_CLOUD_CERTS is not set to true.
2025-10-22T21:54:06.4149709Z Updating certificates in /etc/ssl/certs...
2025-10-22T21:54:08.4995464Z rehash: warning: skipping ca-certificates.crt,it does not contain exactly one certificate or CRL
2025-10-22T21:54:08.5075069Z 4 added, 0 removed; done.
2025-10-22T21:54:08.5077242Z Running hooks in /etc/ca-certificates/update.d...
2025-10-22T21:54:08.5095715Z done.
2025-10-22T21:54:08.5144879Z CA certificates copied and updated successfully.
2025-10-22T21:54:08.5627276Z Starting periodic command scheduler: cron.
2025-10-22T21:54:08.6136742Z Could not find build manifest file at '/home/site/wwwroot/oryx-manifest.toml'
2025-10-22T21:54:08.6141578Z Could not find operation ID in manifest. Generating an operation id...
2025-10-22T21:54:08.6143426Z Build Operation ID: c3875090-771d-49d9-9bf7-f8361c439249
2025-10-22T21:54:08.7761362Z Environment Variables for Application Insight's IPA Codeless Configuration exists..
2025-10-22T21:54:08.7918685Z Writing output script to '/opt/startup/startup.sh'
2025-10-22T21:54:08.8154750Z Running #!/bin/sh
2025-10-22T21:54:08.8155808Z 
2025-10-22T21:54:08.8155924Z # Enter the source directory to make sure the script runs where the user expects
2025-10-22T21:54:08.8156003Z cd "/home/site/wwwroot"
2025-10-22T21:54:08.8156170Z 
2025-10-22T21:54:08.8156229Z export NODE_PATH=/usr/local/lib/node_modules:$NODE_PATH
2025-10-22T21:54:08.8156292Z if [ -z "$PORT" ]; then
2025-10-22T21:54:08.8156350Z 		export PORT=8080
2025-10-22T21:54:08.8156435Z fi
2025-10-22T21:54:08.8156492Z 
2025-10-22T21:54:08.8185060Z node /opt/startup/default-static-site.js
2025-10-22T22:30:08.8395670Z    _____                               
2025-10-22T22:30:08.8417377Z   /  _  \ __________ _________   ____  
2025-10-22T22:30:08.8417741Z  /  /_\  \\___   /  |  \_  __ \_/ __ \ 
2025-10-22T22:30:08.8417860Z /    |    \/    /|  |  /|  | \/\  ___/ 
2025-10-22T22:30:08.8417933Z \____|__  /_____ \____/ |__|    \___  >
2025-10-22T22:30:08.8418248Z         \/      \/                  \/ 
2025-10-22T22:30:08.8418362Z A P P   S E R V I C E   O N   L I N U X
2025-10-22T22:30:08.8418426Z 
2025-10-22T22:30:08.8418491Z Documentation: http://aka.ms/webapp-linux
2025-10-22T22:30:08.8418558Z NodeJS quickstart: https://aka.ms/node-qs
2025-10-22T22:30:08.8418642Z NodeJS Version : v20.19.3
2025-10-22T22:30:08.8429170Z Note: Any data outside '/home' is not persisted
2025-10-22T22:30:08.8429297Z 
2025-10-22T22:30:10.0454055Z Starting OpenBSD Secure Shell server: sshd.
2025-10-22T22:30:10.0455294Z WEBSITES_INCLUDE_CLOUD_CERTS is not set to true.
2025-10-22T22:30:10.0538124Z Updating certificates in /etc/ssl/certs...
2025-10-22T22:30:11.8422326Z rehash: warning: skipping ca-certificates.crt,it does not contain exactly one certificate or CRL
2025-10-22T22:30:11.8510937Z 4 added, 0 removed; done.
2025-10-22T22:30:11.8511771Z Running hooks in /etc/ca-certificates/update.d...
2025-10-22T22:30:11.8533006Z done.
2025-10-22T22:30:11.8582937Z CA certificates copied and updated successfully.
2025-10-22T22:30:11.8996184Z Starting periodic command scheduler: cron.
2025-10-22T22:30:11.9088150Z Could not find build manifest file at '/home/site/wwwroot/oryx-manifest.toml'
2025-10-22T22:30:11.9121029Z Could not find operation ID in manifest. Generating an operation id...
2025-10-22T22:30:11.9121237Z Build Operation ID: 08380548-df60-42fd-8e13-1ff37280d51b
2025-10-22T22:30:12.0317311Z Environment Variables for Application Insight's IPA Codeless Configuration exists..
2025-10-22T22:30:12.0474693Z Writing output script to '/opt/startup/startup.sh'
2025-10-22T22:30:12.0689513Z Running #!/bin/sh
2025-10-22T22:30:12.0690448Z 
2025-10-22T22:30:12.0690530Z # Enter the source directory to make sure the script runs where the user expects
2025-10-22T22:30:12.0690605Z cd "/home/site/wwwroot"
2025-10-22T22:30:12.0690712Z 
2025-10-22T22:30:12.0690794Z export NODE_PATH=/usr/local/lib/node_modules:$NODE_PATH
2025-10-22T22:30:12.0690855Z if [ -z "$PORT" ]; then
2025-10-22T22:30:12.0690918Z 		export PORT=8080
2025-10-22T22:30:12.0691134Z fi
2025-10-22T22:30:12.0691191Z 
2025-10-22T22:30:12.0709267Z npm start
2025-10-22T22:30:12.2814097Z npm info using npm@10.9.2
2025-10-22T22:30:12.2830481Z npm info using node@v20.19.3
2025-10-22T22:30:12.9641920Z 
2025-10-22T22:30:12.9643831Z > ea-website@0.1.0 start
2025-10-22T22:30:12.9644080Z > next start
2025-10-22T22:30:12.9644150Z 
2025-10-22T22:30:13.0327480Z sh: 1: next: not found
2025-10-22T22:34:13.7039413Z    _____                               
2025-10-22T22:34:13.7040012Z   /  _  \ __________ _________   ____  
2025-10-22T22:34:13.7040138Z  /  /_\  \\___   /  |  \_  __ \_/ __ \ 
2025-10-22T22:34:13.7040195Z /    |    \/    /|  |  /|  | \/\  ___/ 
2025-10-22T22:34:13.7040541Z \____|__  /_____ \____/ |__|    \___  >
2025-10-22T22:34:13.7040615Z         \/      \/                  \/ 
2025-10-22T22:34:13.7040668Z A P P   S E R V I C E   O N   L I N U X
2025-10-22T22:34:13.7040713Z 
2025-10-22T22:34:13.7040758Z Documentation: http://aka.ms/webapp-linux
2025-10-22T22:34:13.7040826Z NodeJS quickstart: https://aka.ms/node-qs
2025-10-22T22:34:13.7040870Z NodeJS Version : v20.19.3
2025-10-22T22:34:13.7040917Z Note: Any data outside '/home' is not persisted
2025-10-22T22:34:13.7040967Z 
2025-10-22T22:34:15.8645037Z Starting OpenBSD Secure Shell server: sshd.
2025-10-22T22:34:15.8645529Z WEBSITES_INCLUDE_CLOUD_CERTS is not set to true.
2025-10-22T22:34:15.8645597Z Updating certificates in /etc/ssl/certs...
2025-10-22T22:34:17.0472411Z rehash: warning: skipping ca-certificates.crt,it does not contain exactly one certificate or CRL
2025-10-22T22:34:17.0545924Z 4 added, 0 removed; done.
2025-10-22T22:34:17.0546946Z Running hooks in /etc/ca-certificates/update.d...
2025-10-22T22:34:17.0563339Z done.
2025-10-22T22:34:17.0602150Z CA certificates copied and updated successfully.
2025-10-22T22:34:17.0980353Z Starting periodic command scheduler: cron.
2025-10-22T22:34:17.1071199Z Could not find build manifest file at '/home/site/wwwroot/oryx-manifest.toml'
2025-10-22T22:34:17.1071857Z Could not find operation ID in manifest. Generating an operation id...
2025-10-22T22:34:17.1072095Z Build Operation ID: 58993564-1f31-4781-8df0-b76d5bd04e7a
2025-10-22T22:34:17.2281032Z Environment Variables for Application Insight's IPA Codeless Configuration exists..
2025-10-22T22:34:17.2504740Z Writing output script to '/opt/startup/startup.sh'
2025-10-22T22:34:17.2694643Z Running #!/bin/sh
2025-10-22T22:34:17.2695413Z 
2025-10-22T22:34:17.2695505Z # Enter the source directory to make sure the script runs where the user expects
2025-10-22T22:34:17.2695634Z cd "/home/site/wwwroot"
2025-10-22T22:34:17.2695740Z 
2025-10-22T22:34:17.2695795Z export NODE_PATH=/usr/local/lib/node_modules:$NODE_PATH
2025-10-22T22:34:17.2695847Z if [ -z "$PORT" ]; then
2025-10-22T22:34:17.2695901Z 		export PORT=8080
2025-10-22T22:34:17.2695979Z fi
2025-10-22T22:34:17.2696028Z 
2025-10-22T22:34:17.2709730Z npm start
2025-10-22T22:34:17.4309703Z npm info using npm@10.9.2
2025-10-22T22:34:17.4335166Z npm info using node@v20.19.3
2025-10-22T22:34:17.9143297Z 
2025-10-22T22:34:17.9144150Z > ea-website@0.1.0 start
2025-10-22T22:34:17.9144422Z > next start
2025-10-22T22:34:17.9144489Z 
2025-10-22T22:34:17.9280003Z sh: 1: next: not found
2025-10-22T22:34:58.091869388Z    _____                               
2025-10-22T22:34:58.091912404Z   /  _  \ __________ _________   ____  
2025-10-22T22:34:58.091917079Z  /  /_\  \\___   /  |  \_  __ \_/ __ \ 
2025-10-22T22:34:58.091920059Z /    |    \/    /|  |  /|  | \/\  ___/ 
2025-10-22T22:34:58.091922865Z \____|__  /_____ \____/ |__|    \___  >
2025-10-22T22:34:58.091925798Z         \/      \/                  \/ 
2025-10-22T22:34:58.091928490Z A P P   S E R V I C E   O N   L I N U X
2025-10-22T22:34:58.091931096Z 
2025-10-22T22:34:58.091933576Z Documentation: http://aka.ms/webapp-linux
2025-10-22T22:34:58.091936297Z NodeJS quickstart: https://aka.ms/node-qs
2025-10-22T22:34:58.091938879Z NodeJS Version : v20.19.3
2025-10-22T22:34:58.091941587Z Note: Any data outside '/home' is not persisted
2025-10-22T22:34:58.091944336Z 
2025-10-22T22:34:58.542169117Z Starting OpenBSD Secure Shell server: sshd.
2025-10-22T22:34:58.549022597Z WEBSITES_INCLUDE_CLOUD_CERTS is not set to true.
2025-10-22T22:34:58.570271060Z Updating certificates in /etc/ssl/certs...
2025-10-22T22:35:01.536148515Z rehash: warning: skipping ca-certificates.crt,it does not contain exactly one certificate or CRL
2025-10-22T22:35:01.554713443Z 4 added, 0 removed; done.
2025-10-22T22:35:01.554740157Z Running hooks in /etc/ca-certificates/update.d...
2025-10-22T22:35:01.564270737Z done.
2025-10-22T22:35:01.582563283Z CA certificates copied and updated successfully.
2025-10-22T22:35:01.679411264Z Starting periodic command scheduler: cron.
2025-10-22T22:35:01.686615420Z Could not find build manifest file at '/home/site/wwwroot/oryx-manifest.toml'
2025-10-22T22:35:01.686779294Z Could not find operation ID in manifest. Generating an operation id...
2025-10-22T22:35:01.692499230Z Build Operation ID: 848593d6-6a01-4975-bcf6-e2492460d9fe
2025-10-22T22:35:01.873383183Z Environment Variables for Application Insight's IPA Codeless Configuration exists..
2025-10-22T22:35:01.884366193Z Writing output script to '/opt/startup/startup.sh'
2025-10-22T22:35:01.934809203Z Running #!/bin/sh
2025-10-22T22:35:01.934831245Z 
2025-10-22T22:35:01.934836026Z # Enter the source directory to make sure the script runs where the user expects
2025-10-22T22:35:01.934839789Z cd "/home/site/wwwroot"
2025-10-22T22:35:01.934843066Z 
2025-10-22T22:35:01.934846702Z export NODE_PATH=/usr/local/lib/node_modules:$NODE_PATH
2025-10-22T22:35:01.934850195Z if [ -z "$PORT" ]; then
2025-10-22T22:35:01.934854179Z 		export PORT=8080
2025-10-22T22:35:01.934858533Z fi
2025-10-22T22:35:01.934862081Z 
2025-10-22T22:35:01.934865787Z npm start
2025-10-22T22:35:02.212447817Z npm info using npm@10.9.2
2025-10-22T22:35:02.212468318Z npm info using node@v20.19.3
2025-10-22T22:35:02.870711463Z 
2025-10-22T22:35:02.870734476Z > ea-website@0.1.0 start
2025-10-22T22:35:02.870738509Z > next start
2025-10-22T22:35:02.870741727Z 
2025-10-22T22:35:02.904211027Z sh: 1: next: not found

2025-10-22T22:39:14.316165650Z    _____                               
2025-10-22T22:39:14.316207963Z   /  _  \ __________ _________   ____  
2025-10-22T22:39:14.316212208Z  /  /_\  \\___   /  |  \_  __ \_/ __ \ 
2025-10-22T22:39:14.316215652Z /    |    \/    /|  |  /|  | \/\  ___/ 
2025-10-22T22:39:14.316218412Z \____|__  /_____ \____/ |__|    \___  >
2025-10-22T22:39:14.316221842Z         \/      \/                  \/ 
2025-10-22T22:39:14.316224905Z A P P   S E R V I C E   O N   L I N U X
2025-10-22T22:39:14.316227912Z 
2025-10-22T22:39:14.316230629Z Documentation: http://aka.ms/webapp-linux
2025-10-22T22:39:14.316233232Z NodeJS quickstart: https://aka.ms/node-qs
2025-10-22T22:39:14.316235472Z NodeJS Version : v20.19.3
2025-10-22T22:39:14.316237884Z Note: Any data outside '/home' is not persisted
2025-10-22T22:39:14.316240306Z 
2025-10-22T22:39:16.213216697Z Starting OpenBSD Secure Shell server: sshd.
2025-10-22T22:39:16.218733691Z WEBSITES_INCLUDE_CLOUD_CERTS is not set to true.
2025-10-22T22:39:16.231243243Z Updating certificates in /etc/ssl/certs...
2025-10-22T22:39:18.477926092Z rehash: warning: skipping ca-certificates.crt,it does not contain exactly one certificate or CRL
2025-10-22T22:39:18.485762844Z 4 added, 0 removed; done.
2025-10-22T22:39:18.485913205Z Running hooks in /etc/ca-certificates/update.d...
2025-10-22T22:39:18.488078391Z done.
2025-10-22T22:39:18.491088475Z CA certificates copied and updated successfully.
2025-10-22T22:39:18.525900843Z Starting periodic command scheduler: cron.
2025-10-22T22:39:18.531118663Z Could not find build manifest file at '/home/site/wwwroot/oryx-manifest.toml'
2025-10-22T22:39:18.531137986Z Could not find operation ID in manifest. Generating an operation id...
2025-10-22T22:39:18.531498618Z Build Operation ID: 2d8fd1d4-b76f-4407-864c-e62d98f8def3
2025-10-22T22:39:18.649306293Z Environment Variables for Application Insight's IPA Codeless Configuration exists..
2025-10-22T22:39:18.665428662Z Writing output script to '/opt/startup/startup.sh'
2025-10-22T22:39:18.690280131Z Running #!/bin/sh
2025-10-22T22:39:18.690303609Z 
2025-10-22T22:39:18.690308001Z # Enter the source directory to make sure the script runs where the user expects
2025-10-22T22:39:18.690311441Z cd "/home/site/wwwroot"
2025-10-22T22:39:18.690314773Z 
2025-10-22T22:39:18.690318001Z export NODE_PATH=/usr/local/lib/node_modules:$NODE_PATH
2025-10-22T22:39:18.690321279Z if [ -z "$PORT" ]; then
2025-10-22T22:39:18.690324801Z 		export PORT=8080
2025-10-22T22:39:18.690328846Z fi
2025-10-22T22:39:18.690332678Z 
2025-10-22T22:39:18.690336052Z npm start
2025-10-22T22:39:18.872909433Z npm info using npm@10.9.2
2025-10-22T22:39:18.873685702Z npm info using node@v20.19.3
2025-10-22T22:39:19.295796393Z 
2025-10-22T22:39:19.295842728Z > ea-website@0.1.0 start
2025-10-22T22:39:19.295848167Z > next start
2025-10-22T22:39:19.295851287Z 
2025-10-22T22:39:19.314288917Z sh: 1: next: not found

2025-10-22T22:44:14.5539632Z    _____                               
2025-10-22T22:44:14.5547347Z   /  _  \ __________ _________   ____  
2025-10-22T22:44:14.5547640Z  /  /_\  \\___   /  |  \_  __ \_/ __ \ 
2025-10-22T22:44:14.5547720Z /    |    \/    /|  |  /|  | \/\  ___/ 
2025-10-22T22:44:14.5547813Z \____|__  /_____ \____/ |__|    \___  >
2025-10-22T22:44:14.5547897Z         \/      \/                  \/ 
2025-10-22T22:44:14.5547971Z A P P   S E R V I C E   O N   L I N U X
2025-10-22T22:44:14.5548029Z 
2025-10-22T22:44:14.5548114Z Documentation: http://aka.ms/webapp-linux
2025-10-22T22:44:14.5548176Z NodeJS quickstart: https://aka.ms/node-qs
2025-10-22T22:44:14.5548230Z NodeJS Version : v20.19.3
2025-10-22T22:44:14.5548305Z Note: Any data outside '/home' is not persisted
2025-10-22T22:44:14.5548372Z 
2025-10-22T22:44:15.7004309Z Starting OpenBSD Secure Shell server: sshd.
2025-10-22T22:44:15.7042133Z WEBSITES_INCLUDE_CLOUD_CERTS is not set to true.
2025-10-22T22:44:15.7114963Z Updating certificates in /etc/ssl/certs...
2025-10-22T22:44:17.5292664Z rehash: warning: skipping ca-certificates.crt,it does not contain exactly one certificate or CRL
2025-10-22T22:44:17.5381384Z 4 added, 0 removed; done.
2025-10-22T22:44:17.5386599Z Running hooks in /etc/ca-certificates/update.d...
2025-10-22T22:44:17.5409197Z done.
2025-10-22T22:44:17.5458073Z CA certificates copied and updated successfully.
2025-10-22T22:44:17.5798313Z Starting periodic command scheduler: cron.
2025-10-22T22:44:17.5850161Z Could not find build manifest file at '/home/site/wwwroot/oryx-manifest.toml'
2025-10-22T22:44:17.5859241Z Could not find operation ID in manifest. Generating an operation id...
2025-10-22T22:44:17.5859677Z Build Operation ID: 2dcacb5c-6c0f-4ab8-97d0-84bcf70e589b
2025-10-22T22:44:17.7142855Z Environment Variables for Application Insight's IPA Codeless Configuration exists..
2025-10-22T22:44:17.7320021Z Writing output script to '/opt/startup/startup.sh'
2025-10-22T22:44:17.7535600Z Running #!/bin/sh
2025-10-22T22:44:17.7536305Z 
2025-10-22T22:44:17.7536485Z # Enter the source directory to make sure the script runs where the user expects
2025-10-22T22:44:17.7536557Z cd "/home/site/wwwroot"
2025-10-22T22:44:17.7536676Z 
2025-10-22T22:44:17.7536735Z export NODE_PATH=/usr/local/lib/node_modules:$NODE_PATH
2025-10-22T22:44:17.7536815Z if [ -z "$PORT" ]; then
2025-10-22T22:44:17.7536871Z 		export PORT=8080
2025-10-22T22:44:17.7536934Z fi
2025-10-22T22:44:17.7536984Z 
2025-10-22T22:44:17.7537988Z npm start
2025-10-22T22:44:17.9321639Z npm info using npm@10.9.2
2025-10-22T22:44:17.9322468Z npm info using node@v20.19.3
2025-10-22T22:44:18.3984976Z 
2025-10-22T22:44:18.3985750Z > ea-website@0.1.0 start
2025-10-22T22:44:18.3986032Z > next start
2025-10-22T22:44:18.3986413Z 
2025-10-22T22:44:18.4129643Z sh: 1: next: not found
2025-10-22T22:44:24.569824342Z    _____                               
2025-10-22T22:44:24.570013322Z   /  _  \ __________ _________   ____  
2025-10-22T22:44:24.570022425Z  /  /_\  \\___   /  |  \_  __ \_/ __ \ 
2025-10-22T22:44:24.570025884Z /    |    \/    /|  |  /|  | \/\  ___/ 
2025-10-22T22:44:24.570028529Z \____|__  /_____ \____/ |__|    \___  >
2025-10-22T22:44:24.570055365Z         \/      \/                  \/ 
2025-10-22T22:44:24.570058369Z A P P   S E R V I C E   O N   L I N U X
2025-10-22T22:44:24.570061245Z 
2025-10-22T22:44:24.570063850Z Documentation: http://aka.ms/webapp-linux
2025-10-22T22:44:24.570066547Z NodeJS quickstart: https://aka.ms/node-qs
2025-10-22T22:44:24.570069184Z NodeJS Version : v20.19.3
2025-10-22T22:44:24.570072022Z Note: Any data outside '/home' is not persisted
2025-10-22T22:44:24.570074989Z 
2025-10-22T22:44:25.502792142Z Starting OpenBSD Secure Shell server: sshd.
2025-10-22T22:44:25.506769578Z WEBSITES_INCLUDE_CLOUD_CERTS is not set to true.
2025-10-22T22:44:25.514888619Z Updating certificates in /etc/ssl/certs...
2025-10-22T22:44:28.378756599Z rehash: warning: skipping ca-certificates.crt,it does not contain exactly one certificate or CRL
2025-10-22T22:44:28.391280931Z 4 added, 0 removed; done.
2025-10-22T22:44:28.391305795Z Running hooks in /etc/ca-certificates/update.d...
2025-10-22T22:44:28.394638360Z done.
2025-10-22T22:44:28.411722506Z CA certificates copied and updated successfully.
2025-10-22T22:44:28.463044944Z Starting periodic command scheduler: cron.
2025-10-22T22:44:28.483514874Z Could not find build manifest file at '/home/site/wwwroot/oryx-manifest.toml'
2025-10-22T22:44:28.483544211Z Could not find operation ID in manifest. Generating an operation id...
2025-10-22T22:44:28.483549604Z Build Operation ID: 21a3bc9e-83a5-4752-9a83-e9def3f20d69
2025-10-22T22:44:28.654055054Z Environment Variables for Application Insight's IPA Codeless Configuration exists..
2025-10-22T22:44:28.671873413Z Writing output script to '/opt/startup/startup.sh'
2025-10-22T22:44:28.697901885Z Running #!/bin/sh
2025-10-22T22:44:28.697927601Z 
2025-10-22T22:44:28.697932874Z # Enter the source directory to make sure the script runs where the user expects
2025-10-22T22:44:28.697937073Z cd "/home/site/wwwroot"
2025-10-22T22:44:28.697940996Z 
2025-10-22T22:44:28.697944861Z export NODE_PATH=/usr/local/lib/node_modules:$NODE_PATH
2025-10-22T22:44:28.697948767Z if [ -z "$PORT" ]; then
2025-10-22T22:44:28.697952992Z 		export PORT=8080
2025-10-22T22:44:28.697965517Z fi
2025-10-22T22:44:28.697969697Z 
2025-10-22T22:44:28.699223802Z npm start
2025-10-22T22:44:29.000136786Z npm info using npm@10.9.2
2025-10-22T22:44:29.000171073Z npm info using node@v20.19.3
2025-10-22T22:44:29.537501673Z 
2025-10-22T22:44:29.537537758Z > ea-website@0.1.0 start
2025-10-22T22:44:29.537542455Z > next start
2025-10-22T22:44:29.537545550Z 
2025-10-22T22:44:29.556793703Z sh: 1: next: not found

2025-10-22T22:49:14.060501623Z    _____                               
2025-10-22T22:49:14.060546136Z   /  _  \ __________ _________   ____  
2025-10-22T22:49:14.060550245Z  /  /_\  \\___   /  |  \_  __ \_/ __ \ 
2025-10-22T22:49:14.060553361Z /    |    \/    /|  |  /|  | \/\  ___/ 
2025-10-22T22:49:14.060556165Z \____|__  /_____ \____/ |__|    \___  >
2025-10-22T22:49:14.060558906Z         \/      \/                  \/ 
2025-10-22T22:49:14.060561739Z A P P   S E R V I C E   O N   L I N U X
2025-10-22T22:49:14.060564386Z 
2025-10-22T22:49:14.060571588Z Documentation: http://aka.ms/webapp-linux
2025-10-22T22:49:14.060574075Z NodeJS quickstart: https://aka.ms/node-qs
2025-10-22T22:49:14.060576571Z NodeJS Version : v20.19.3
2025-10-22T22:49:14.060579315Z Note: Any data outside '/home' is not persisted
2025-10-22T22:49:14.060582080Z 
2025-10-22T22:49:14.988172886Z Starting OpenBSD Secure Shell server: sshd.
2025-10-22T22:49:14.994148191Z WEBSITES_INCLUDE_CLOUD_CERTS is not set to true.
2025-10-22T22:49:15.005954793Z Updating certificates in /etc/ssl/certs...
2025-10-22T22:49:18.076249501Z rehash: warning: skipping ca-certificates.crt,it does not contain exactly one certificate or CRL
2025-10-22T22:49:18.090480020Z 4 added, 0 removed; done.
2025-10-22T22:49:18.090503649Z Running hooks in /etc/ca-certificates/update.d...
2025-10-22T22:49:18.093636883Z done.
2025-10-22T22:49:18.099011382Z CA certificates copied and updated successfully.
2025-10-22T22:49:18.156970404Z Starting periodic command scheduler: cron.
2025-10-22T22:49:18.172403294Z Could not find build manifest file at '/home/site/wwwroot/oryx-manifest.toml'
2025-10-22T22:49:18.173836412Z Could not find operation ID in manifest. Generating an operation id...
2025-10-22T22:49:18.173851906Z Build Operation ID: 17b9121d-5192-4956-80d1-e9113153d304
2025-10-22T22:49:18.333370818Z Environment Variables for Application Insight's IPA Codeless Configuration exists..
2025-10-22T22:49:18.352105655Z Writing output script to '/opt/startup/startup.sh'
2025-10-22T22:49:18.370851061Z Running #!/bin/sh
2025-10-22T22:49:18.370875499Z 
2025-10-22T22:49:18.370880002Z # Enter the source directory to make sure the script runs where the user expects
2025-10-22T22:49:18.370884097Z cd "/home/site/wwwroot"
2025-10-22T22:49:18.370887636Z 
2025-10-22T22:49:18.370890937Z export NODE_PATH=/usr/local/lib/node_modules:$NODE_PATH
2025-10-22T22:49:18.370894023Z if [ -z "$PORT" ]; then
2025-10-22T22:49:18.370897655Z 		export PORT=8080
2025-10-22T22:49:18.370901172Z fi
2025-10-22T22:49:18.370904399Z 
2025-10-22T22:49:18.372255534Z npm start
2025-10-22T22:49:18.701527163Z npm info using npm@10.9.2
2025-10-22T22:49:18.702652886Z npm info using node@v20.19.3
2025-10-22T22:49:19.221710749Z 
2025-10-22T22:49:19.221759696Z > ea-website@0.1.0 start
2025-10-22T22:49:19.221765240Z > next start
2025-10-22T22:49:19.221768277Z 
2025-10-22T22:49:19.237080653Z sh: 1: next: not found

2025-10-22T22:51:59.7089378Z    _____                               
2025-10-22T22:51:59.7187436Z   /  _  \ __________ _________   ____  
2025-10-22T22:51:59.7187683Z  /  /_\  \\___   /  |  \_  __ \_/ __ \ 
2025-10-22T22:51:59.7187756Z /    |    \/    /|  |  /|  | \/\  ___/ 
2025-10-22T22:51:59.7187851Z \____|__  /_____ \____/ |__|    \___  >
2025-10-22T22:51:59.7187927Z         \/      \/                  \/ 
2025-10-22T22:51:59.7188000Z A P P   S E R V I C E   O N   L I N U X
2025-10-22T22:51:59.7188058Z 
2025-10-22T22:51:59.7188134Z Documentation: http://aka.ms/webapp-linux
2025-10-22T22:51:59.7188192Z NodeJS quickstart: https://aka.ms/node-qs
2025-10-22T22:51:59.7188248Z NodeJS Version : v20.19.3
2025-10-22T22:51:59.7224899Z Note: Any data outside '/home' is not persisted
2025-10-22T22:51:59.7225006Z 
2025-10-22T22:52:00.1756585Z Starting OpenBSD Secure Shell server: sshd.
2025-10-22T22:52:00.1791358Z WEBSITES_INCLUDE_CLOUD_CERTS is not set to true.
2025-10-22T22:52:00.1867641Z Updating certificates in /etc/ssl/certs...
2025-10-22T22:52:02.4914107Z rehash: warning: skipping ca-certificates.crt,it does not contain exactly one certificate or CRL
2025-10-22T22:52:02.4997474Z 4 added, 0 removed; done.
2025-10-22T22:52:02.5001909Z Running hooks in /etc/ca-certificates/update.d...
2025-10-22T22:52:02.5022232Z done.
2025-10-22T22:52:02.5074427Z CA certificates copied and updated successfully.
2025-10-22T22:52:02.5429482Z Starting periodic command scheduler: cron.
2025-10-22T22:52:02.5503661Z Could not find build manifest file at '/home/site/wwwroot/oryx-manifest.toml'
2025-10-22T22:52:02.5510077Z Could not find operation ID in manifest. Generating an operation id...
2025-10-22T22:52:02.5517847Z Build Operation ID: 86fc0972-1ec7-4524-9e38-5672881dffa9
2025-10-22T22:52:02.6851176Z Environment Variables for Application Insight's IPA Codeless Configuration exists..
2025-10-22T22:52:02.7026091Z Writing output script to '/opt/startup/startup.sh'
2025-10-22T22:52:02.7260438Z Running #!/bin/sh
2025-10-22T22:52:02.7261485Z 
2025-10-22T22:52:02.7261580Z # Enter the source directory to make sure the script runs where the user expects
2025-10-22T22:52:02.7261655Z cd "/home/site/wwwroot"
2025-10-22T22:52:02.7261726Z 
2025-10-22T22:52:02.7261799Z export NODE_PATH=/usr/local/lib/node_modules:$NODE_PATH
2025-10-22T22:52:02.7261856Z if [ -z "$PORT" ]; then
2025-10-22T22:52:02.7261908Z 		export PORT=8080
2025-10-22T22:52:02.7261963Z fi
2025-10-22T22:52:02.7262032Z 
2025-10-22T22:52:02.7263018Z npm start
2025-10-22T22:52:02.9140356Z npm info using npm@10.9.2
2025-10-22T22:52:02.9146659Z npm info using node@v20.19.3
2025-10-22T22:52:03.3467820Z 
2025-10-22T22:52:03.3468925Z > ea-website@0.1.0 start
2025-10-22T22:52:03.3469158Z > next start
2025-10-22T22:52:03.3469230Z 
2025-10-22T22:52:03.3644266Z sh: 1: next: not found
2025-10-22T22:52:09.651547671Z    _____                               
2025-10-22T22:52:09.651589708Z   /  _  \ __________ _________   ____  
2025-10-22T22:52:09.651594459Z  /  /_\  \\___   /  |  \_  __ \_/ __ \ 
2025-10-22T22:52:09.651597413Z /    |    \/    /|  |  /|  | \/\  ___/ 
2025-10-22T22:52:09.651600164Z \____|__  /_____ \____/ |__|    \___  >
2025-10-22T22:52:09.651603188Z         \/      \/                  \/ 
2025-10-22T22:52:09.651605935Z A P P   S E R V I C E   O N   L I N U X
2025-10-22T22:52:09.651608529Z 
2025-10-22T22:52:09.651610972Z Documentation: http://aka.ms/webapp-linux
2025-10-22T22:52:09.651613908Z NodeJS quickstart: https://aka.ms/node-qs
2025-10-22T22:52:09.651616647Z NodeJS Version : v20.19.3
2025-10-22T22:52:09.651619176Z Note: Any data outside '/home' is not persisted
2025-10-22T22:52:09.651621906Z 
2025-10-22T22:52:12.262925485Z Starting OpenBSD Secure Shell server: sshd.
2025-10-22T22:52:12.265539745Z WEBSITES_INCLUDE_CLOUD_CERTS is not set to true.
2025-10-22T22:52:12.271226175Z Updating certificates in /etc/ssl/certs...
2025-10-22T22:52:13.677130339Z rehash: warning: skipping ca-certificates.crt,it does not contain exactly one certificate or CRL
2025-10-22T22:52:13.686365385Z 4 added, 0 removed; done.
2025-10-22T22:52:13.687096557Z Running hooks in /etc/ca-certificates/update.d...
2025-10-22T22:52:13.691557111Z done.
2025-10-22T22:52:13.697119649Z CA certificates copied and updated successfully.
2025-10-22T22:52:14.528851561Z Starting periodic command scheduler: cron.
2025-10-22T22:52:14.538389338Z Could not find build manifest file at '/home/site/wwwroot/oryx-manifest.toml'
2025-10-22T22:52:14.539607851Z Could not find operation ID in manifest. Generating an operation id...
2025-10-22T22:52:14.539627103Z Build Operation ID: 674d9503-580c-4671-92a8-82eef2f95dcd
2025-10-22T22:52:14.686782797Z Environment Variables for Application Insight's IPA Codeless Configuration exists..
2025-10-22T22:52:14.705251881Z Writing output script to '/opt/startup/startup.sh'
2025-10-22T22:52:14.734791147Z Running #!/bin/sh
2025-10-22T22:52:14.734817257Z 
2025-10-22T22:52:14.734822181Z # Enter the source directory to make sure the script runs where the user expects
2025-10-22T22:52:14.734826230Z cd "/home/site/wwwroot"
2025-10-22T22:52:14.734829935Z 
2025-10-22T22:52:14.734833515Z export NODE_PATH=/usr/local/lib/node_modules:$NODE_PATH
2025-10-22T22:52:14.734837220Z if [ -z "$PORT" ]; then
2025-10-22T22:52:14.734840769Z 		export PORT=8080
2025-10-22T22:52:14.734844729Z fi
2025-10-22T22:52:14.734848211Z 
2025-10-22T22:52:14.734851750Z npm start
2025-10-22T22:52:14.878626231Z npm info using npm@10.9.2
2025-10-22T22:52:14.878958025Z npm info using node@v20.19.3
2025-10-22T22:52:15.218629851Z 
2025-10-22T22:52:15.218663347Z > ea-website@0.1.0 start
2025-10-22T22:52:15.218668610Z > next start
2025-10-22T22:52:15.218671307Z 
2025-10-22T22:52:15.225204641Z sh: 1: next: not found

2025-10-22T22:55:24.341545616Z    _____                               
2025-10-22T22:55:24.341589041Z   /  _  \ __________ _________   ____  
2025-10-22T22:55:24.341593101Z  /  /_\  \\___   /  |  \_  __ \_/ __ \ 
2025-10-22T22:55:24.341596256Z /    |    \/    /|  |  /|  | \/\  ___/ 
2025-10-22T22:55:24.341598846Z \____|__  /_____ \____/ |__|    \___  >
2025-10-22T22:55:24.341601675Z         \/      \/                  \/ 
2025-10-22T22:55:24.341604472Z A P P   S E R V I C E   O N   L I N U X
2025-10-22T22:55:24.341607286Z 
2025-10-22T22:55:24.341610090Z Documentation: http://aka.ms/webapp-linux
2025-10-22T22:55:24.341613081Z NodeJS quickstart: https://aka.ms/node-qs
2025-10-22T22:55:24.341615890Z NodeJS Version : v20.19.3
2025-10-22T22:55:24.341618809Z Note: Any data outside '/home' is not persisted
2025-10-22T22:55:24.341621767Z 
2025-10-22T22:55:25.050249753Z Starting OpenBSD Secure Shell server: sshd.
2025-10-22T22:55:25.053450935Z WEBSITES_INCLUDE_CLOUD_CERTS is not set to true.
2025-10-22T22:55:25.062054952Z Updating certificates in /etc/ssl/certs...
2025-10-22T22:55:28.011446915Z rehash: warning: skipping ca-certificates.crt,it does not contain exactly one certificate or CRL
2025-10-22T22:55:28.022598637Z 4 added, 0 removed; done.
2025-10-22T22:55:28.022918726Z Running hooks in /etc/ca-certificates/update.d...
2025-10-22T22:55:28.025900777Z done.
2025-10-22T22:55:28.033252397Z CA certificates copied and updated successfully.
2025-10-22T22:55:28.104375231Z Starting periodic command scheduler: cron.
2025-10-22T22:55:28.117101350Z Could not find build manifest file at '/home/site/wwwroot/oryx-manifest.toml'
2025-10-22T22:55:28.117439367Z Could not find operation ID in manifest. Generating an operation id...
2025-10-22T22:55:28.117451592Z Build Operation ID: 9975be74-c2d9-4d33-b1cb-d97a3439c4db
2025-10-22T22:55:28.248181457Z Environment Variables for Application Insight's IPA Codeless Configuration exists..
2025-10-22T22:55:28.265747910Z Writing output script to '/opt/startup/startup.sh'
2025-10-22T22:55:28.288652972Z Running #!/bin/sh
2025-10-22T22:55:28.288679896Z 
2025-10-22T22:55:28.288684617Z # Enter the source directory to make sure the script runs where the user expects
2025-10-22T22:55:28.288688917Z cd "/home/site/wwwroot"
2025-10-22T22:55:28.288692945Z 
2025-10-22T22:55:28.288696703Z export NODE_PATH=/usr/local/lib/node_modules:$NODE_PATH
2025-10-22T22:55:28.288700839Z if [ -z "$PORT" ]; then
2025-10-22T22:55:28.288704483Z 		export PORT=8080
2025-10-22T22:55:28.288708620Z fi
2025-10-22T22:55:28.288712156Z 
2025-10-22T22:55:28.290399861Z PATH="$PATH:/home/site/wwwroot" node server.js
2025-10-22T22:55:28.340067206Z node:internal/modules/cjs/loader:1215
2025-10-22T22:55:28.340099556Z   throw err;
2025-10-22T22:55:28.340103278Z   ^
2025-10-22T22:55:28.340106196Z 
2025-10-22T22:55:28.340109131Z Error: Cannot find module '/home/site/wwwroot/server.js'
2025-10-22T22:55:28.340112261Z     at Module._resolveFilename (node:internal/modules/cjs/loader:1212:15)
2025-10-22T22:55:28.340115764Z     at Module._load (node:internal/modules/cjs/loader:1043:27)
2025-10-22T22:55:28.340118774Z     at Function.executeUserEntryPoint [as runMain] (node:internal/modules/run_main:164:12)
2025-10-22T22:55:28.340121846Z     at node:internal/main/run_main_module:28:49 {
2025-10-22T22:55:28.340124795Z   code: 'MODULE_NOT_FOUND',
2025-10-22T22:55:28.340127669Z   requireStack: []
2025-10-22T22:55:28.340130552Z }
2025-10-22T22:55:28.340639409Z 
2025-10-22T22:55:28.340652305Z Node.js v20.19.3

2025-10-22T23:11:12.940853178Z    _____                               
2025-10-22T23:11:12.941219860Z   /  _  \ __________ _________   ____  
2025-10-22T23:11:12.941229578Z  /  /_\  \\___   /  |  \_  __ \_/ __ \ 
2025-10-22T23:11:12.941233470Z /    |    \/    /|  |  /|  | \/\  ___/ 
2025-10-22T23:11:12.941236457Z \____|__  /_____ \____/ |__|    \___  >
2025-10-22T23:11:12.941239643Z         \/      \/                  \/ 
2025-10-22T23:11:12.941242366Z A P P   S E R V I C E   O N   L I N U X
2025-10-22T23:11:12.941244929Z 
2025-10-22T23:11:12.941247874Z Documentation: http://aka.ms/webapp-linux
2025-10-22T23:11:12.941250815Z NodeJS quickstart: https://aka.ms/node-qs
2025-10-22T23:11:12.941253482Z NodeJS Version : v20.19.3
2025-10-22T23:11:12.941256248Z Note: Any data outside '/home' is not persisted
2025-10-22T23:11:12.941259204Z 
2025-10-22T23:11:13.878836464Z Starting OpenBSD Secure Shell server: sshd.
2025-10-22T23:11:13.884101339Z WEBSITES_INCLUDE_CLOUD_CERTS is not set to true.
2025-10-22T23:11:13.900773904Z Updating certificates in /etc/ssl/certs...
2025-10-22T23:11:15.953730838Z rehash: warning: skipping ca-certificates.crt,it does not contain exactly one certificate or CRL
2025-10-22T23:11:15.986616943Z 4 added, 0 removed; done.
2025-10-22T23:11:15.986639879Z Running hooks in /etc/ca-certificates/update.d...
2025-10-22T23:11:15.991005622Z done.
2025-10-22T23:11:16.000727966Z CA certificates copied and updated successfully.
2025-10-22T23:11:16.087302483Z Starting periodic command scheduler: cron.
2025-10-22T23:11:16.100519950Z Could not find build manifest file at '/home/site/wwwroot/oryx-manifest.toml'
2025-10-22T23:11:16.100562693Z Could not find operation ID in manifest. Generating an operation id...
2025-10-22T23:11:16.100885455Z Build Operation ID: 2a7033a9-5c6c-46df-9614-33fcaf9dc40a
2025-10-22T23:11:16.202421864Z Environment Variables for Application Insight's IPA Codeless Configuration exists..
2025-10-22T23:11:16.219191879Z Writing output script to '/opt/startup/startup.sh'
2025-10-22T23:11:16.240630246Z Running #!/bin/sh
2025-10-22T23:11:16.243063388Z 
2025-10-22T23:11:16.243068737Z # Enter the source directory to make sure the script runs where the user expects
2025-10-22T23:11:16.243072152Z cd "/home/site/wwwroot"
2025-10-22T23:11:16.243075628Z 
2025-10-22T23:11:16.243079728Z export NODE_PATH=/usr/local/lib/node_modules:$NODE_PATH
2025-10-22T23:11:16.243083016Z if [ -z "$PORT" ]; then
2025-10-22T23:11:16.243086557Z 		export PORT=8080
2025-10-22T23:11:16.243090539Z fi
2025-10-22T23:11:16.243093750Z 
2025-10-22T23:11:16.243096929Z PATH="$PATH:/home/site/wwwroot" node server.js
2025-10-22T23:11:16.294275894Z node:internal/modules/cjs/loader:1215
2025-10-22T23:11:16.294308780Z   throw err;
2025-10-22T23:11:16.294312704Z   ^
2025-10-22T23:11:16.294315507Z 
2025-10-22T23:11:16.294318210Z Error: Cannot find module '/home/site/wwwroot/server.js'
2025-10-22T23:11:16.294321108Z     at Module._resolveFilename (node:internal/modules/cjs/loader:1212:15)
2025-10-22T23:11:16.294324042Z     at Module._load (node:internal/modules/cjs/loader:1043:27)
2025-10-22T23:11:16.294326877Z     at Function.executeUserEntryPoint [as runMain] (node:internal/modules/run_main:164:12)
2025-10-22T23:11:16.294329869Z     at node:internal/main/run_main_module:28:49 {
2025-10-22T23:11:16.294332941Z   code: 'MODULE_NOT_FOUND',
2025-10-22T23:11:16.294335740Z   requireStack: []
2025-10-22T23:11:16.294338538Z }
2025-10-22T23:11:16.295705831Z 
2025-10-22T23:11:16.295719217Z Node.js v20.19.3

2025-10-22T23:21:21.021568601Z    _____                               
2025-10-22T23:21:21.021618224Z   /  _  \ __________ _________   ____  
2025-10-22T23:21:21.021622652Z  /  /_\  \\___   /  |  \_  __ \_/ __ \ 
2025-10-22T23:21:21.021625719Z /    |    \/    /|  |  /|  | \/\  ___/ 
2025-10-22T23:21:21.021628389Z \____|__  /_____ \____/ |__|    \___  >
2025-10-22T23:21:21.021631217Z         \/      \/                  \/ 
2025-10-22T23:21:21.021633873Z A P P   S E R V I C E   O N   L I N U X
2025-10-22T23:21:21.021636530Z 
2025-10-22T23:21:21.021639211Z Documentation: http://aka.ms/webapp-linux
2025-10-22T23:21:21.021641884Z NodeJS quickstart: https://aka.ms/node-qs
2025-10-22T23:21:21.021644118Z NodeJS Version : v20.19.3
2025-10-22T23:21:21.021646582Z Note: Any data outside '/home' is not persisted
2025-10-22T23:21:21.021649052Z 
2025-10-22T23:21:21.576780779Z Starting OpenBSD Secure Shell server: sshd.
2025-10-22T23:21:21.582567124Z WEBSITES_INCLUDE_CLOUD_CERTS is not set to true.
2025-10-22T23:21:21.609390726Z Updating certificates in /etc/ssl/certs...
2025-10-22T23:21:24.593639492Z rehash: warning: skipping ca-certificates.crt,it does not contain exactly one certificate or CRL
2025-10-22T23:21:24.601555075Z 4 added, 0 removed; done.
2025-10-22T23:21:24.602064301Z Running hooks in /etc/ca-certificates/update.d...
2025-10-22T23:21:24.603304167Z done.
2025-10-22T23:21:24.608265140Z CA certificates copied and updated successfully.
2025-10-22T23:21:24.640332900Z Starting periodic command scheduler: cron.
2025-10-22T23:21:24.647738723Z Could not find build manifest file at '/home/site/wwwroot/oryx-manifest.toml'
2025-10-22T23:21:24.648011540Z Could not find operation ID in manifest. Generating an operation id...
2025-10-22T23:21:24.648538069Z Build Operation ID: f9866e11-2b91-437e-a506-944dcd85e218
2025-10-22T23:21:24.753274656Z Environment Variables for Application Insight's IPA Codeless Configuration exists..
2025-10-22T23:21:24.771542028Z Writing output script to '/opt/startup/startup.sh'
2025-10-22T23:21:24.792660202Z Running #!/bin/sh
2025-10-22T23:21:24.792685333Z 
2025-10-22T23:21:24.792690164Z # Enter the source directory to make sure the script runs where the user expects
2025-10-22T23:21:24.792693976Z cd "/home/site/wwwroot"
2025-10-22T23:21:24.792698453Z 
2025-10-22T23:21:24.792702412Z export NODE_PATH=/usr/local/lib/node_modules:$NODE_PATH
2025-10-22T23:21:24.792706206Z if [ -z "$PORT" ]; then
2025-10-22T23:21:24.792709935Z 		export PORT=8080
2025-10-22T23:21:24.792713861Z fi
2025-10-22T23:21:24.792717228Z 
2025-10-22T23:21:24.792720738Z PATH="$PATH:/home/site/wwwroot" node server.js
2025-10-22T23:21:24.836181949Z node:internal/modules/cjs/loader:1215
2025-10-22T23:21:24.836236065Z   throw err;
2025-10-22T23:21:24.836240569Z   ^
2025-10-22T23:21:24.836243112Z 
2025-10-22T23:21:24.836245963Z Error: Cannot find module '/home/site/wwwroot/server.js'
2025-10-22T23:21:24.836248944Z     at Module._resolveFilename (node:internal/modules/cjs/loader:1212:15)
2025-10-22T23:21:24.836251736Z     at Module._load (node:internal/modules/cjs/loader:1043:27)
2025-10-22T23:21:24.836254367Z     at Function.executeUserEntryPoint [as runMain] (node:internal/modules/run_main:164:12)
2025-10-22T23:21:24.836257166Z     at node:internal/main/run_main_module:28:49 {
2025-10-22T23:21:24.836259763Z   code: 'MODULE_NOT_FOUND',
2025-10-22T23:21:24.836262676Z   requireStack: []
2025-10-22T23:21:24.836265240Z }
2025-10-22T23:21:24.837263060Z 
2025-10-22T23:21:24.837278779Z Node.js v20.19.3

2025-10-22T23:24:06.990303796Z    _____                               
2025-10-22T23:24:06.990360825Z   /  _  \ __________ _________   ____  
2025-10-22T23:24:06.990366118Z  /  /_\  \\___   /  |  \_  __ \_/ __ \ 
2025-10-22T23:24:06.990369126Z /    |    \/    /|  |  /|  | \/\  ___/ 
2025-10-22T23:24:06.990371981Z \____|__  /_____ \____/ |__|    \___  >
2025-10-22T23:24:06.990375170Z         \/      \/                  \/ 
2025-10-22T23:24:06.990377905Z A P P   S E R V I C E   O N   L I N U X
2025-10-22T23:24:06.990380503Z 
2025-10-22T23:24:06.990382897Z Documentation: http://aka.ms/webapp-linux
2025-10-22T23:24:06.990385541Z NodeJS quickstart: https://aka.ms/node-qs
2025-10-22T23:24:06.990388399Z NodeJS Version : v20.19.3
2025-10-22T23:24:06.990391036Z Note: Any data outside '/home' is not persisted
2025-10-22T23:24:06.990393966Z 
2025-10-22T23:24:10.048168014Z Starting OpenBSD Secure Shell server: sshd.
2025-10-22T23:24:10.051145719Z WEBSITES_INCLUDE_CLOUD_CERTS is not set to true.
2025-10-22T23:24:10.058705561Z Updating certificates in /etc/ssl/certs...
2025-10-22T23:24:11.845521335Z rehash: warning: skipping ca-certificates.crt,it does not contain exactly one certificate or CRL
2025-10-22T23:24:11.853269398Z 4 added, 0 removed; done.
2025-10-22T23:24:11.853423511Z Running hooks in /etc/ca-certificates/update.d...
2025-10-22T23:24:11.855140243Z done.
2025-10-22T23:24:11.859575327Z CA certificates copied and updated successfully.
2025-10-22T23:24:11.897155332Z Starting periodic command scheduler: cron.
2025-10-22T23:24:11.904277179Z Could not find build manifest file at '/home/site/wwwroot/oryx-manifest.toml'
2025-10-22T23:24:11.905429697Z Could not find operation ID in manifest. Generating an operation id...
2025-10-22T23:24:11.905448627Z Build Operation ID: 45a6582a-a153-4f9c-ab70-1bab3a367773
2025-10-22T23:24:12.009325301Z Environment Variables for Application Insight's IPA Codeless Configuration exists..
2025-10-22T23:24:12.028977640Z Writing output script to '/opt/startup/startup.sh'
2025-10-22T23:24:12.051051973Z Running #!/bin/sh
2025-10-22T23:24:12.051624958Z 
2025-10-22T23:24:12.051638928Z # Enter the source directory to make sure the script runs where the user expects
2025-10-22T23:24:12.051643239Z cd "/home/site/wwwroot"
2025-10-22T23:24:12.051646532Z 
2025-10-22T23:24:12.051649640Z export NODE_PATH=/usr/local/lib/node_modules:$NODE_PATH
2025-10-22T23:24:12.051653194Z if [ -z "$PORT" ]; then
2025-10-22T23:24:12.051656708Z 		export PORT=8080
2025-10-22T23:24:12.051660263Z fi
2025-10-22T23:24:12.051663210Z 
2025-10-22T23:24:12.052530696Z PATH="$PATH:/home/site/wwwroot" node server.js
2025-10-22T23:24:12.094488078Z node:internal/modules/cjs/loader:1215
2025-10-22T23:24:12.094550480Z   throw err;
2025-10-22T23:24:12.094556865Z   ^
2025-10-22T23:24:12.094559492Z 
2025-10-22T23:24:12.094561803Z Error: Cannot find module '/home/site/wwwroot/server.js'
2025-10-22T23:24:12.094564455Z     at Module._resolveFilename (node:internal/modules/cjs/loader:1212:15)
2025-10-22T23:24:12.094567181Z     at Module._load (node:internal/modules/cjs/loader:1043:27)
2025-10-22T23:24:12.094569822Z     at Function.executeUserEntryPoint [as runMain] (node:internal/modules/run_main:164:12)
2025-10-22T23:24:12.094572891Z     at node:internal/main/run_main_module:28:49 {
2025-10-22T23:24:12.094575540Z   code: 'MODULE_NOT_FOUND',
2025-10-22T23:24:12.094578151Z   requireStack: []
2025-10-22T23:24:12.094580578Z }
2025-10-22T23:24:12.094582993Z 
2025-10-22T23:24:12.094585408Z Node.js v20.19.3

