2025-10-22T21:19:28.9267999Z Container start method called.
2025-10-22T21:19:28.9283388Z Establishing network.
2025-10-22T21:19:28.9285577Z Pulling image: appsvc/node:20-lts_20250724.2.tuxprod.
2025-10-22T21:19:30.5826684Z Container is starting.
2025-10-22T21:19:30.5829837Z Establishing user namespace if not established already.
2025-10-22T21:19:30.5831247Z Establishing network if not established already.
2025-10-22T21:19:30.5832492Z Mounting volumes.
2025-10-22T21:19:30.5835085Z Nested mountpoint 
2025-10-22T21:19:30.5856103Z Nested mountpoint volatile/logs
2025-10-22T21:19:30.5894219Z Nested mountpoint 
2025-10-22T21:19:30.6004354Z Nested mountpoint 
2025-10-22T21:19:30.6029759Z Nested mountpoint 
2025-10-22T21:19:30.6890506Z Creating container.
2025-10-22T21:19:30.6891964Z Creating pipes for streaming container io.
2025-10-22T21:19:30.6893082Z Creating stdout named pipe at /podr/container/pipe/977e2ccf4c35_app-rixoirdj4a3x6/stdout_dcee93dd0aac4489bd8406af805cb268.
2025-10-22T21:19:30.6922354Z Successfully created stdout named pipe at: /podr/container/pipe/977e2ccf4c35_app-rixoirdj4a3x6/stdout_dcee93dd0aac4489bd8406af805cb268.
2025-10-22T21:19:30.6925358Z Opening named pipe /podr/container/pipe/977e2ccf4c35_app-rixoirdj4a3x6/stdout_dcee93dd0aac4489bd8406af805cb268 for reading in non-blocking mode.
2025-10-22T21:19:30.6927159Z Successfully opened named pipe: /podr/container/pipe/977e2ccf4c35_app-rixoirdj4a3x6/stdout_dcee93dd0aac4489bd8406af805cb268.
2025-10-22T21:19:30.6928490Z Successfully removed non-blocking flag from /podr/container/pipe/977e2ccf4c35_app-rixoirdj4a3x6/stdout_dcee93dd0aac4489bd8406af805cb268.
2025-10-22T21:19:30.6930271Z Creating stderr named pipe at /podr/container/pipe/977e2ccf4c35_app-rixoirdj4a3x6/stderr_e633c77963784e58a4df6ad21968e063.
2025-10-22T21:19:30.6933108Z Successfully created stderr named pipe at: /podr/container/pipe/977e2ccf4c35_app-rixoirdj4a3x6/stderr_e633c77963784e58a4df6ad21968e063.
2025-10-22T21:19:30.6934679Z Opening named pipe /podr/container/pipe/977e2ccf4c35_app-rixoirdj4a3x6/stderr_e633c77963784e58a4df6ad21968e063 for reading in non-blocking mode.
2025-10-22T21:19:30.6936178Z Successfully opened named pipe: /podr/container/pipe/977e2ccf4c35_app-rixoirdj4a3x6/stderr_e633c77963784e58a4df6ad21968e063.
2025-10-22T21:19:30.6937354Z Successfully removed non-blocking flag from /podr/container/pipe/977e2ccf4c35_app-rixoirdj4a3x6/stderr_e633c77963784e58a4df6ad21968e063.
2025-10-22T21:19:30.6938620Z Creating container with image: appsvc/node:20-lts_20250724.2.tuxprod from registry: mcr.microsoft.com and fully qualified image name: mcr.microsoft.com/appsvc/node:20-lts_20250724.2.tuxprod
2025-10-22T21:19:30.8481990Z Starting container: 977e2ccf4c35_app-rixoirdj4a3x6.
2025-10-22T21:19:30.8629832Z Starting watchers and probes.
2025-10-22T21:19:30.8698307Z Starting metrics collection.
2025-10-22T21:19:30.8702429Z Container is running.
2025-10-22T21:19:30.8910147Z Container start method finished after 1962 ms.
2025-10-22T21:19:36.1669896Z Site startup probe succeeded after 5.2546765 seconds.
2025-10-22T21:19:39.5867190Z Site started.
2025-10-22T21:19:39.6256171Z Site is running with patch version: 20.19.3
2025-10-22T21:24:39.7653523Z Container start method called.
2025-10-22T21:24:39.7673050Z Establishing network.
2025-10-22T21:24:39.7685262Z Pulling image: appsvc/node:20-lts_20250724.2.tuxprod.
2025-10-22T21:24:41.4241599Z Container is starting.
2025-10-22T21:24:41.4252899Z Establishing user namespace if not established already.
2025-10-22T21:24:41.4254658Z Establishing network if not established already.
2025-10-22T21:24:41.4256244Z Mounting volumes.
2025-10-22T21:24:41.4259674Z Nested mountpoint 
2025-10-22T21:24:41.4413469Z Nested mountpoint volatile/logs
2025-10-22T21:24:41.4486820Z Nested mountpoint 
2025-10-22T21:24:41.4494107Z Nested mountpoint 
2025-10-22T21:24:41.4613321Z Nested mountpoint 
2025-10-22T21:24:41.5805659Z Creating container.
2025-10-22T21:24:41.5807036Z Creating pipes for streaming container io.
2025-10-22T21:24:41.5808262Z Creating stdout named pipe at /podr/container/pipe/fe2cd4708b17_app-rixoirdj4a3x6/stdout_21305b229b2a4a5d87c20739800c8d21.
2025-10-22T21:24:41.5810712Z Successfully created stdout named pipe at: /podr/container/pipe/fe2cd4708b17_app-rixoirdj4a3x6/stdout_21305b229b2a4a5d87c20739800c8d21.
2025-10-22T21:24:41.5811972Z Opening named pipe /podr/container/pipe/fe2cd4708b17_app-rixoirdj4a3x6/stdout_21305b229b2a4a5d87c20739800c8d21 for reading in non-blocking mode.
2025-10-22T21:24:41.5813419Z Successfully opened named pipe: /podr/container/pipe/fe2cd4708b17_app-rixoirdj4a3x6/stdout_21305b229b2a4a5d87c20739800c8d21.
2025-10-22T21:24:41.5814607Z Successfully removed non-blocking flag from /podr/container/pipe/fe2cd4708b17_app-rixoirdj4a3x6/stdout_21305b229b2a4a5d87c20739800c8d21.
2025-10-22T21:24:41.5815780Z Creating stderr named pipe at /podr/container/pipe/fe2cd4708b17_app-rixoirdj4a3x6/stderr_d39b9e7415f047469329a3483154e9f9.
2025-10-22T21:24:41.5817657Z Successfully created stderr named pipe at: /podr/container/pipe/fe2cd4708b17_app-rixoirdj4a3x6/stderr_d39b9e7415f047469329a3483154e9f9.
2025-10-22T21:24:41.5818816Z Opening named pipe /podr/container/pipe/fe2cd4708b17_app-rixoirdj4a3x6/stderr_d39b9e7415f047469329a3483154e9f9 for reading in non-blocking mode.
2025-10-22T21:24:41.5820282Z Successfully opened named pipe: /podr/container/pipe/fe2cd4708b17_app-rixoirdj4a3x6/stderr_d39b9e7415f047469329a3483154e9f9.
2025-10-22T21:24:41.5821482Z Successfully removed non-blocking flag from /podr/container/pipe/fe2cd4708b17_app-rixoirdj4a3x6/stderr_d39b9e7415f047469329a3483154e9f9.
2025-10-22T21:24:41.5822871Z Creating container with image: appsvc/node:20-lts_20250724.2.tuxprod from registry: mcr.microsoft.com and fully qualified image name: mcr.microsoft.com/appsvc/node:20-lts_20250724.2.tuxprod
2025-10-22T21:24:41.7347389Z Starting container: fe2cd4708b17_app-rixoirdj4a3x6.
2025-10-22T21:24:41.7546232Z Starting watchers and probes.
2025-10-22T21:24:41.7591177Z Starting metrics collection.
2025-10-22T21:24:41.7601631Z Container is running.
2025-10-22T21:24:42.7813416Z Container start method finished after 3014 ms.
2025-10-22T21:24:45.8224366Z Site startup probe succeeded after 3.0396153 seconds.
2025-10-22T21:24:47.9236124Z Site started.
2025-10-22T21:24:47.9242149Z Site is running with patch version: 20.19.3
2025-10-22T21:25:07.9477791Z Container is terminating. Grace period: 5 seconds.
2025-10-22T21:25:07.9504740Z Stop and delete container. Retry count = 0
2025-10-22T21:25:07.9506059Z Stopping container: 977e2ccf4c35_app-rixoirdj4a3x6.
2025-10-22T21:25:12.9831173Z Deleting container: 977e2ccf4c35_app-rixoirdj4a3x6. Retry count = 0
2025-10-22T21:25:13.0449447Z Container spec TerminationMessagePolicy  path 
2025-10-22T21:25:13.0457818Z Container is terminated. Total time elapsed: 5097 ms.
2025-10-22T21:25:13.0472015Z Site: app-rixoirdj4a3x6 stopped.
2025-10-22T21:54:01.8767477Z Container start method called.
2025-10-22T21:54:01.8802263Z Establishing network.
2025-10-22T21:54:01.8806804Z Pulling image: appsvc/node:20-lts_20250724.2.tuxprod.
2025-10-22T21:54:04.7049321Z Container is starting.
2025-10-22T21:54:04.7052694Z Establishing user namespace if not established already.
2025-10-22T21:54:04.7054096Z Establishing network if not established already.
2025-10-22T21:54:04.7055413Z Mounting volumes.
2025-10-22T21:54:04.7057256Z Nested mountpoint 
2025-10-22T21:54:04.7123754Z Nested mountpoint volatile/logs
2025-10-22T21:54:04.7147092Z Nested mountpoint 
2025-10-22T21:54:04.7154036Z Nested mountpoint 
2025-10-22T21:54:04.7204253Z Nested mountpoint 
2025-10-22T21:54:04.8686541Z Creating container.
2025-10-22T21:54:04.8699750Z Creating pipes for streaming container io.
2025-10-22T21:54:04.8742902Z Creating stdout named pipe at /podr/container/pipe/4a26d84baf68_app-rixoirdj4a3x6/stdout_1b0b348b43ed4dc2ac1a26f9281c4246.
2025-10-22T21:54:04.8749784Z Successfully created stdout named pipe at: /podr/container/pipe/4a26d84baf68_app-rixoirdj4a3x6/stdout_1b0b348b43ed4dc2ac1a26f9281c4246.
2025-10-22T21:54:04.8755721Z Opening named pipe /podr/container/pipe/4a26d84baf68_app-rixoirdj4a3x6/stdout_1b0b348b43ed4dc2ac1a26f9281c4246 for reading in non-blocking mode.
2025-10-22T21:54:04.8757134Z Successfully opened named pipe: /podr/container/pipe/4a26d84baf68_app-rixoirdj4a3x6/stdout_1b0b348b43ed4dc2ac1a26f9281c4246.
2025-10-22T21:54:04.8758210Z Successfully removed non-blocking flag from /podr/container/pipe/4a26d84baf68_app-rixoirdj4a3x6/stdout_1b0b348b43ed4dc2ac1a26f9281c4246.
2025-10-22T21:54:04.8759502Z Creating stderr named pipe at /podr/container/pipe/4a26d84baf68_app-rixoirdj4a3x6/stderr_39f2eab55b5c4a518aca49693999aa83.
2025-10-22T21:54:04.8806349Z Successfully created stderr named pipe at: /podr/container/pipe/4a26d84baf68_app-rixoirdj4a3x6/stderr_39f2eab55b5c4a518aca49693999aa83.
2025-10-22T21:54:04.8837953Z Opening named pipe /podr/container/pipe/4a26d84baf68_app-rixoirdj4a3x6/stderr_39f2eab55b5c4a518aca49693999aa83 for reading in non-blocking mode.
2025-10-22T21:54:04.8842358Z Successfully opened named pipe: /podr/container/pipe/4a26d84baf68_app-rixoirdj4a3x6/stderr_39f2eab55b5c4a518aca49693999aa83.
2025-10-22T21:54:04.8846071Z Successfully removed non-blocking flag from /podr/container/pipe/4a26d84baf68_app-rixoirdj4a3x6/stderr_39f2eab55b5c4a518aca49693999aa83.
2025-10-22T21:54:04.8848751Z Creating container with image: appsvc/node:20-lts_20250724.2.tuxprod from registry: mcr.microsoft.com and fully qualified image name: mcr.microsoft.com/appsvc/node:20-lts_20250724.2.tuxprod
2025-10-22T21:54:05.0881205Z Starting container: 4a26d84baf68_app-rixoirdj4a3x6.
2025-10-22T21:54:05.1077344Z Starting watchers and probes.
2025-10-22T21:54:05.1088961Z Starting metrics collection.
2025-10-22T21:54:05.1090095Z Container is running.
2025-10-22T21:54:05.1358402Z Container start method finished after 3258 ms.
2025-10-22T21:54:10.1869559Z Site startup probe succeeded after 5.0475408 seconds.
2025-10-22T21:54:11.7703966Z Site is running with deployment version: 
2025-10-22T21:54:11.7712954Z Site started.
2025-10-22T21:54:11.7723467Z Site is running with patch version: 20.19.3
2025-10-22T21:54:31.7783954Z Container is terminating. Grace period: 5 seconds.
2025-10-22T21:54:31.7831886Z Stop and delete container. Retry count = 0
2025-10-22T21:54:31.7833451Z Stopping container: fe2cd4708b17_app-rixoirdj4a3x6.
2025-10-22T21:54:36.8237015Z Deleting container: fe2cd4708b17_app-rixoirdj4a3x6. Retry count = 0
2025-10-22T21:54:36.8900647Z Container spec TerminationMessagePolicy  path 
2025-10-22T21:54:36.8902804Z Container is terminated. Total time elapsed: 5109 ms.
2025-10-22T21:54:36.8903312Z Site: app-rixoirdj4a3x6 stopped.
2025-10-22T22:30:06.1524670Z Container start method called.
2025-10-22T22:30:06.1555333Z Establishing network.
2025-10-22T22:30:06.1565266Z Pulling image: appsvc/node:20-lts_20250724.2.tuxprod.
2025-10-22T22:30:08.2181370Z Container is starting.
2025-10-22T22:30:08.2186898Z Establishing user namespace if not established already.
2025-10-22T22:30:08.2188529Z Establishing network if not established already.
2025-10-22T22:30:08.2190001Z Mounting volumes.
2025-10-22T22:30:08.2196665Z Nested mountpoint site/wwwroot
2025-10-22T22:30:08.2235296Z Nested mountpoint volatile/logs
2025-10-22T22:30:08.2287656Z Nested mountpoint 
2025-10-22T22:30:08.2352622Z Nested mountpoint 
2025-10-22T22:30:08.2867618Z Nested mountpoint 
2025-10-22T22:30:08.3108976Z Nested mountpoint 
2025-10-22T22:30:08.5876659Z Creating container.
2025-10-22T22:30:08.5880568Z Creating pipes for streaming container io.
2025-10-22T22:30:08.5883270Z Creating stdout named pipe at /podr/container/pipe/d9eef84fab56_app-rixoirdj4a3x6/stdout_421b06cc24474bd2a6713186dfff78f8.
2025-10-22T22:30:08.5885952Z Successfully created stdout named pipe at: /podr/container/pipe/d9eef84fab56_app-rixoirdj4a3x6/stdout_421b06cc24474bd2a6713186dfff78f8.
2025-10-22T22:30:08.5887541Z Opening named pipe /podr/container/pipe/d9eef84fab56_app-rixoirdj4a3x6/stdout_421b06cc24474bd2a6713186dfff78f8 for reading in non-blocking mode.
2025-10-22T22:30:08.5889050Z Successfully opened named pipe: /podr/container/pipe/d9eef84fab56_app-rixoirdj4a3x6/stdout_421b06cc24474bd2a6713186dfff78f8.
2025-10-22T22:30:08.5892595Z Successfully removed non-blocking flag from /podr/container/pipe/d9eef84fab56_app-rixoirdj4a3x6/stdout_421b06cc24474bd2a6713186dfff78f8.
2025-10-22T22:30:08.5894341Z Creating stderr named pipe at /podr/container/pipe/d9eef84fab56_app-rixoirdj4a3x6/stderr_1aaa42e743aa4fe6ae6d4a480c487abe.
2025-10-22T22:30:08.5896318Z Successfully created stderr named pipe at: /podr/container/pipe/d9eef84fab56_app-rixoirdj4a3x6/stderr_1aaa42e743aa4fe6ae6d4a480c487abe.
2025-10-22T22:30:08.5897593Z Opening named pipe /podr/container/pipe/d9eef84fab56_app-rixoirdj4a3x6/stderr_1aaa42e743aa4fe6ae6d4a480c487abe for reading in non-blocking mode.
2025-10-22T22:30:08.5899440Z Successfully opened named pipe: /podr/container/pipe/d9eef84fab56_app-rixoirdj4a3x6/stderr_1aaa42e743aa4fe6ae6d4a480c487abe.
2025-10-22T22:30:08.5902106Z Successfully removed non-blocking flag from /podr/container/pipe/d9eef84fab56_app-rixoirdj4a3x6/stderr_1aaa42e743aa4fe6ae6d4a480c487abe.
2025-10-22T22:30:08.5904088Z Creating container with image: appsvc/node:20-lts_20250724.2.tuxprod from registry: mcr.microsoft.com and fully qualified image name: mcr.microsoft.com/appsvc/node:20-lts_20250724.2.tuxprod
2025-10-22T22:30:08.8010988Z Starting container: d9eef84fab56_app-rixoirdj4a3x6.
2025-10-22T22:30:08.8213242Z Starting watchers and probes.
2025-10-22T22:30:08.8216663Z Starting metrics collection.
2025-10-22T22:30:08.8282962Z Container is running.
2025-10-22T22:30:08.8872022Z Container start method finished after 2733 ms.
2025-10-22T22:30:13.0748160Z Container has finished running with exit code: 127.
2025-10-22T22:30:13.0770358Z Container is terminating. Grace period: 5 seconds.
2025-10-22T22:30:13.0792587Z Stop and delete container. Retry count = 0
2025-10-22T22:30:13.0805795Z Stopping container: d9eef84fab56_app-rixoirdj4a3x6.
2025-10-22T22:30:13.1020246Z Deleting container: d9eef84fab56_app-rixoirdj4a3x6. Retry count = 0
2025-10-22T22:30:13.2686668Z Container spec TerminationMessagePolicy  path 
2025-10-22T22:30:13.2689138Z Container is terminated. Total time elapsed: 190 ms.
2025-10-22T22:30:13.2690539Z Site container: app-rixoirdj4a3x6 terminated during site startup.
2025-10-22T22:30:13.2710163Z Site startup probe failed after 4.3829717 seconds.
2025-10-22T22:30:13.2909290Z Failed to start site. Revert by stopping site.
2025-10-22T22:30:13.2914164Z Site: app-rixoirdj4a3x6 stopped.
2025-10-22T22:30:34.8056572Z Container is terminating. Grace period: 5 seconds.
2025-10-22T22:30:34.8074395Z Stop and delete container. Retry count = 0
2025-10-22T22:30:34.8076163Z Stopping container: 4a26d84baf68_app-rixoirdj4a3x6.
2025-10-22T22:30:39.8494173Z Deleting container: 4a26d84baf68_app-rixoirdj4a3x6. Retry count = 0
2025-10-22T22:30:40.6322493Z Container spec TerminationMessagePolicy  path 
2025-10-22T22:30:40.6329355Z Container is terminated. Total time elapsed: 5826 ms.
2025-10-22T22:30:40.6329987Z Site: app-rixoirdj4a3x6 stopped.
2025-10-22T22:30:14.0172725Z Site container: app-rixoirdj4a3x6_managedIdentity terminated during site startup.
2025-10-22T22:30:14.0192365Z ManagedIdentity container failed to startup
2025-10-22T22:34:11.7354625Z Container start method called.
2025-10-22T22:34:11.7388139Z Establishing network.
2025-10-22T22:34:11.7390702Z Pulling image: appsvc/node:20-lts_20250724.2.tuxprod.
2025-10-22T22:34:13.3401592Z Container is starting.
2025-10-22T22:34:13.3404265Z Establishing user namespace if not established already.
2025-10-22T22:34:13.3405768Z Establishing network if not established already.
2025-10-22T22:34:13.3407138Z Mounting volumes.
2025-10-22T22:34:13.3408912Z Nested mountpoint site/wwwroot
2025-10-22T22:34:13.3426231Z Nested mountpoint volatile/logs
2025-10-22T22:34:13.3644797Z Nested mountpoint 
2025-10-22T22:34:13.3698350Z Nested mountpoint 
2025-10-22T22:34:13.3808621Z Nested mountpoint 
2025-10-22T22:34:13.3954664Z Nested mountpoint 
2025-10-22T22:34:13.5287203Z Creating container.
2025-10-22T22:34:13.5288981Z Creating pipes for streaming container io.
2025-10-22T22:34:13.5290541Z Creating stdout named pipe at /podr/container/pipe/bd5f87acb2d3_app-rixoirdj4a3x6/stdout_34787b2af7824d15acb2349a76ccb733.
2025-10-22T22:34:13.5293379Z Successfully created stdout named pipe at: /podr/container/pipe/bd5f87acb2d3_app-rixoirdj4a3x6/stdout_34787b2af7824d15acb2349a76ccb733.
2025-10-22T22:34:13.5294586Z Opening named pipe /podr/container/pipe/bd5f87acb2d3_app-rixoirdj4a3x6/stdout_34787b2af7824d15acb2349a76ccb733 for reading in non-blocking mode.
2025-10-22T22:34:13.5295983Z Successfully opened named pipe: /podr/container/pipe/bd5f87acb2d3_app-rixoirdj4a3x6/stdout_34787b2af7824d15acb2349a76ccb733.
2025-10-22T22:34:13.5297070Z Successfully removed non-blocking flag from /podr/container/pipe/bd5f87acb2d3_app-rixoirdj4a3x6/stdout_34787b2af7824d15acb2349a76ccb733.
2025-10-22T22:34:13.5298330Z Creating stderr named pipe at /podr/container/pipe/bd5f87acb2d3_app-rixoirdj4a3x6/stderr_aab0aa20abd942378e9aadfee5b9057c.
2025-10-22T22:34:13.5300049Z Successfully created stderr named pipe at: /podr/container/pipe/bd5f87acb2d3_app-rixoirdj4a3x6/stderr_aab0aa20abd942378e9aadfee5b9057c.
2025-10-22T22:34:13.5301071Z Opening named pipe /podr/container/pipe/bd5f87acb2d3_app-rixoirdj4a3x6/stderr_aab0aa20abd942378e9aadfee5b9057c for reading in non-blocking mode.
2025-10-22T22:34:13.5302294Z Successfully opened named pipe: /podr/container/pipe/bd5f87acb2d3_app-rixoirdj4a3x6/stderr_aab0aa20abd942378e9aadfee5b9057c.
2025-10-22T22:34:13.5303392Z Successfully removed non-blocking flag from /podr/container/pipe/bd5f87acb2d3_app-rixoirdj4a3x6/stderr_aab0aa20abd942378e9aadfee5b9057c.
2025-10-22T22:34:13.5304717Z Creating container with image: appsvc/node:20-lts_20250724.2.tuxprod from registry: mcr.microsoft.com and fully qualified image name: mcr.microsoft.com/appsvc/node:20-lts_20250724.2.tuxprod
2025-10-22T22:34:13.6674570Z Starting container: bd5f87acb2d3_app-rixoirdj4a3x6.
2025-10-22T22:34:13.6840163Z Starting watchers and probes.
2025-10-22T22:34:13.6849723Z Starting metrics collection.
2025-10-22T22:34:13.6851878Z Container is running.
2025-10-22T22:34:13.7236008Z Container start method finished after 1987 ms.
2025-10-22T22:34:17.9476437Z Container has finished running with exit code: 127.
2025-10-22T22:34:17.9484028Z Container is terminating. Grace period: 5 seconds.
2025-10-22T22:34:17.9491972Z Stop and delete container. Retry count = 0
2025-10-22T22:34:17.9493815Z Stopping container: bd5f87acb2d3_app-rixoirdj4a3x6.
2025-10-22T22:34:17.9617535Z Deleting container: bd5f87acb2d3_app-rixoirdj4a3x6. Retry count = 0
2025-10-22T22:34:18.0186437Z Container spec TerminationMessagePolicy  path 
2025-10-22T22:34:18.0192943Z Container is terminated. Total time elapsed: 70 ms.
2025-10-22T22:34:18.0203431Z Site container: app-rixoirdj4a3x6 terminated during site startup.
2025-10-22T22:34:18.0221355Z Site startup probe failed after 4.2947461 seconds.
2025-10-22T22:34:18.0274781Z Failed to start site. Revert by stopping site.
2025-10-22T22:34:18.0287809Z Site: app-rixoirdj4a3x6 stopped.
2025-10-22T22:34:58.377Z INFO  - Pulling image: mcr.microsoft.com/appsvc/middleware:stage5
2025-10-22T22:34:58.753Z INFO  - stage5 Pulling from appsvc/middleware
2025-10-22T22:34:58.754Z INFO  - 71e8ee0feba1 Pulling fs layer
2025-10-22T22:34:58.755Z INFO  - dcf9164e728d Pulling fs layer
2025-10-22T22:34:58.757Z INFO  - 445fff30179a Pulling fs layer
2025-10-22T22:34:58.758Z INFO  - d4686acd0aaf Pulling fs layer
2025-10-22T22:34:58.758Z INFO  - 5505b5508946 Pulling fs layer
2025-10-22T22:34:58.758Z INFO  - 4705ecae348e Pulling fs layer
2025-10-22T22:34:58.759Z INFO  - 29d2d9adb309 Pulling fs layer
2025-10-22T22:34:58.759Z INFO  - 7294c5074fcb Pulling fs layer
2025-10-22T22:34:58.760Z INFO  - 71af4ce4af58 Pulling fs layer
2025-10-22T22:34:58.760Z INFO  - c3966e466b66 Pulling fs layer
2025-10-22T22:34:58.761Z INFO  - c18c71402346 Pulling fs layer
2025-10-22T22:34:58.762Z INFO  - bb21c236e66b Pulling fs layer
2025-10-22T22:34:58.762Z INFO  - 1fabb3940e9f Pulling fs layer
2025-10-22T22:34:58.762Z INFO  - 880d3cdd5e5e Pulling fs layer
2025-10-22T22:34:58.763Z INFO  - b8b65e111215 Pulling fs layer
2025-10-22T22:34:58.949Z INFO  - dcf9164e728d Downloading 4KB / 4KB
2025-10-22T22:34:58.950Z INFO  - dcf9164e728d Verifying Checksum
2025-10-22T22:34:58.950Z INFO  - dcf9164e728d Download complete
2025-10-22T22:34:58.964Z INFO  - 71af4ce4af58 Downloading 91B / 91B
2025-10-22T22:34:58.965Z INFO  - 71af4ce4af58 Verifying Checksum
2025-10-22T22:34:58.965Z INFO  - 71af4ce4af58 Download complete
2025-10-22T22:34:58.992Z INFO  - 880d3cdd5e5e Downloading 289B / 289B
2025-10-22T22:34:58.993Z INFO  - 880d3cdd5e5e Verifying Checksum
2025-10-22T22:34:58.993Z INFO  - 880d3cdd5e5e Download complete
2025-10-22T22:34:59.056Z INFO  - 5505b5508946 Downloading 120B / 120B
2025-10-22T22:34:59.059Z INFO  - 5505b5508946 Verifying Checksum
2025-10-22T22:34:59.059Z INFO  - 5505b5508946 Download complete
2025-10-22T22:34:59.070Z INFO  - 29d2d9adb309 Downloading 154B / 154B
2025-10-22T22:34:59.070Z INFO  - 1fabb3940e9f Downloading 290B / 290B
2025-10-22T22:34:59.070Z INFO  - 29d2d9adb309 Verifying Checksum
2025-10-22T22:34:59.070Z INFO  - 29d2d9adb309 Download complete
2025-10-22T22:34:59.070Z INFO  - 1fabb3940e9f Verifying Checksum
2025-10-22T22:34:59.071Z INFO  - 1fabb3940e9f Download complete
2025-10-22T22:34:59.074Z INFO  - bb21c236e66b Downloading 3KB / 159KB
2025-10-22T22:34:59.081Z INFO  - d4686acd0aaf Downloading 727B / 727B
2025-10-22T22:34:59.092Z INFO  - d4686acd0aaf Verifying Checksum
2025-10-22T22:34:59.095Z INFO  - d4686acd0aaf Download complete
2025-10-22T22:34:59.146Z INFO  - bb21c236e66b Verifying Checksum
2025-10-22T22:34:59.146Z INFO  - bb21c236e66b Download complete
2025-10-22T22:34:59.214Z INFO  - 445fff30179a Downloading 1MB / 16MB
2025-10-22T22:34:59.250Z INFO  - 7294c5074fcb Downloading 4MB / 10MB
2025-10-22T22:34:59.250Z INFO  - c3966e466b66 Downloading 2MB / 3MB
2025-10-22T22:34:59.345Z INFO  - c3966e466b66 Downloading 3MB / 3MB
2025-10-22T22:34:59.353Z INFO  - c3966e466b66 Verifying Checksum
2025-10-22T22:34:59.354Z INFO  - c3966e466b66 Download complete
2025-10-22T22:34:59.374Z INFO  - 445fff30179a Downloading 3MB / 16MB
2025-10-22T22:34:59.374Z INFO  - b8b65e111215 Downloading 2MB / 14MB
2025-10-22T22:34:59.417Z INFO  - c18c71402346 Downloading 766KB / 4MB
2025-10-22T22:34:59.418Z INFO  - 4705ecae348e Downloading 4MB / 30MB
2025-10-22T22:34:59.444Z INFO  - 71e8ee0feba1 Downloading 8MB / 27MB
2025-10-22T22:34:59.489Z INFO  - c18c71402346 Downloading 2MB / 4MB
2025-10-22T22:34:59.521Z INFO  - c18c71402346 Verifying Checksum
2025-10-22T22:34:59.521Z INFO  - c18c71402346 Download complete
2025-10-22T22:34:59.556Z INFO  - 445fff30179a Downloading 8MB / 16MB
2025-10-22T22:34:59.556Z INFO  - 4705ecae348e Downloading 5MB / 30MB
2025-10-22T22:34:59.567Z INFO  - 7294c5074fcb Verifying Checksum
2025-10-22T22:34:59.567Z INFO  - 7294c5074fcb Download complete
2025-10-22T22:34:59.569Z INFO  - b8b65e111215 Downloading 4MB / 14MB
2025-10-22T22:34:59.621Z INFO  - 445fff30179a Downloading 11MB / 16MB
2025-10-22T22:34:59.656Z INFO  - 4705ecae348e Downloading 10MB / 30MB
2025-10-22T22:34:59.667Z INFO  - b8b65e111215 Downloading 8MB / 14MB
2025-10-22T22:34:59.760Z INFO  - 4705ecae348e Downloading 13MB / 30MB
2025-10-22T22:34:59.878Z INFO  - 445fff30179a Verifying Checksum
2025-10-22T22:34:59.879Z INFO  - 445fff30179a Download complete
2025-10-22T22:34:59.903Z INFO  - b8b65e111215 Downloading 12MB / 14MB
2025-10-22T22:34:59.924Z INFO  - b8b65e111215 Verifying Checksum
2025-10-22T22:34:59.924Z INFO  - b8b65e111215 Download complete
2025-10-22T22:34:59.966Z INFO  - 4705ecae348e Downloading 24MB / 30MB
2025-10-22T22:34:59.985Z INFO  - 71e8ee0feba1 Verifying Checksum
2025-10-22T22:34:59.985Z INFO  - 71e8ee0feba1 Download complete
2025-10-22T22:35:00.043Z INFO  - 4705ecae348e Verifying Checksum
2025-10-22T22:35:00.043Z INFO  - 4705ecae348e Download complete
2025-10-22T22:35:00.361Z INFO  - 71e8ee0feba1 Extracting 2MB / 27MB
2025-10-22T22:35:00.486Z INFO  - 71e8ee0feba1 Extracting 2MB / 27MB
2025-10-22T22:35:01.021Z INFO  - 71e8ee0feba1 Extracting 5MB / 27MB
2025-10-22T22:35:01.136Z INFO  - 71e8ee0feba1 Extracting 6MB / 27MB
2025-10-22T22:35:01.449Z INFO  - 71e8ee0feba1 Extracting 7MB / 27MB
2025-10-22T22:35:01.768Z INFO  - 71e8ee0feba1 Extracting 9MB / 27MB
2025-10-22T22:35:01.873Z INFO  - 71e8ee0feba1 Extracting 9MB / 27MB
2025-10-22T22:35:02.135Z INFO  - 71e8ee0feba1 Extracting 12MB / 27MB
2025-10-22T22:35:02.254Z INFO  - 71e8ee0feba1 Extracting 12MB / 27MB
2025-10-22T22:35:02.412Z INFO  - 71e8ee0feba1 Extracting 13MB / 27MB
2025-10-22T22:35:02.753Z INFO  - 71e8ee0feba1 Extracting 15MB / 27MB
2025-10-22T22:35:02.878Z INFO  - 71e8ee0feba1 Extracting 16MB / 27MB
2025-10-22T22:35:02.978Z INFO  - 71e8ee0feba1 Extracting 17MB / 27MB
2025-10-22T22:35:03.178Z INFO  - 71e8ee0feba1 Extracting 21MB / 27MB
2025-10-22T22:35:04.312Z INFO  - 71e8ee0feba1 Extracting 27MB / 27MB
2025-10-22T22:35:04.525Z INFO  - 71e8ee0feba1 Pull complete
2025-10-22T22:35:04.526Z INFO  - dcf9164e728d Extracting 4KB / 4KB
2025-10-22T22:35:04.540Z INFO  - dcf9164e728d Extracting 4KB / 4KB
2025-10-22T22:35:04.550Z INFO  - dcf9164e728d Pull complete
2025-10-22T22:35:04.880Z INFO  - 445fff30179a Extracting 10MB / 16MB
2025-10-22T22:35:05.141Z INFO  - 445fff30179a Extracting 15MB / 16MB
2025-10-22T22:35:05.306Z INFO  - 445fff30179a Extracting 15MB / 16MB
2025-10-22T22:35:05.415Z INFO  - 445fff30179a Extracting 16MB / 16MB
2025-10-22T22:35:05.761Z INFO  - 445fff30179a Pull complete
2025-10-22T22:35:05.763Z INFO  - d4686acd0aaf Extracting 727B / 727B
2025-10-22T22:35:05.771Z INFO  - d4686acd0aaf Extracting 727B / 727B
2025-10-22T22:35:05.785Z INFO  - d4686acd0aaf Pull complete
2025-10-22T22:35:05.788Z INFO  - 5505b5508946 Extracting 120B / 120B
2025-10-22T22:35:05.797Z INFO  - 5505b5508946 Extracting 120B / 120B
2025-10-22T22:35:05.822Z INFO  - 5505b5508946 Pull complete
2025-10-22T22:35:05.951Z INFO  - 4705ecae348e Extracting 3MB / 30MB
2025-10-22T22:35:06.270Z INFO  - 4705ecae348e Extracting 14MB / 30MB
2025-10-22T22:35:06.378Z INFO  - 4705ecae348e Extracting 18MB / 30MB
2025-10-22T22:35:06.482Z INFO  - 4705ecae348e Extracting 21MB / 30MB
2025-10-22T22:35:06.584Z INFO  - 4705ecae348e Extracting 24MB / 30MB
2025-10-22T22:35:06.784Z INFO  - 4705ecae348e Extracting 30MB / 30MB
2025-10-22T22:35:07.362Z INFO  - 4705ecae348e Pull complete
2025-10-22T22:35:07.364Z INFO  - 29d2d9adb309 Extracting 154B / 154B
2025-10-22T22:35:07.374Z INFO  - 29d2d9adb309 Extracting 154B / 154B
2025-10-22T22:35:07.403Z INFO  - 29d2d9adb309 Pull complete
2025-10-22T22:35:07.624Z INFO  - 7294c5074fcb Extracting 6MB / 10MB
2025-10-22T22:35:07.773Z INFO  - 7294c5074fcb Extracting 10MB / 10MB
2025-10-22T22:35:07.941Z INFO  - 7294c5074fcb Pull complete
2025-10-22T22:35:07.942Z INFO  - 71af4ce4af58 Extracting 91B / 91B
2025-10-22T22:35:07.948Z INFO  - 71af4ce4af58 Extracting 91B / 91B
2025-10-22T22:35:07.963Z INFO  - 71af4ce4af58 Pull complete
2025-10-22T22:35:08.091Z INFO  - c3966e466b66 Extracting 2MB / 3MB
2025-10-22T22:35:08.157Z INFO  - c3966e466b66 Extracting 3MB / 3MB
2025-10-22T22:35:08.157Z INFO  - c3966e466b66 Extracting 3MB / 3MB
2025-10-22T22:35:08.264Z INFO  - c3966e466b66 Pull complete
2025-10-22T22:35:08.378Z INFO  - c18c71402346 Extracting 2MB / 4MB
2025-10-22T22:35:08.422Z INFO  - c18c71402346 Extracting 4MB / 4MB
2025-10-22T22:35:08.461Z INFO  - c18c71402346 Pull complete
2025-10-22T22:35:08.462Z INFO  - bb21c236e66b Extracting 32KB / 159KB
2025-10-22T22:35:08.468Z INFO  - bb21c236e66b Extracting 159KB / 159KB
2025-10-22T22:35:08.468Z INFO  - bb21c236e66b Extracting 159KB / 159KB
2025-10-22T22:35:08.506Z INFO  - bb21c236e66b Pull complete
2025-10-22T22:35:08.507Z INFO  - 1fabb3940e9f Extracting 290B / 290B
2025-10-22T22:35:08.511Z INFO  - 1fabb3940e9f Extracting 290B / 290B
2025-10-22T22:35:08.533Z INFO  - 1fabb3940e9f Pull complete
2025-10-22T22:35:08.537Z INFO  - 880d3cdd5e5e Extracting 289B / 289B
2025-10-22T22:35:08.541Z INFO  - 880d3cdd5e5e Extracting 289B / 289B
2025-10-22T22:35:08.563Z INFO  - 880d3cdd5e5e Pull complete
2025-10-22T22:35:08.780Z INFO  - b8b65e111215 Extracting 6MB / 14MB
2025-10-22T22:35:09.053Z INFO  - b8b65e111215 Extracting 14MB / 14MB
2025-10-22T22:35:09.360Z INFO  - b8b65e111215 Pull complete
2025-10-22T22:35:09.386Z INFO  -  Digest: sha256:c6b2ef843d6563d5e4de4fc215ed70767a024502327712fce37342fe3f2e5d75
2025-10-22T22:35:09.405Z INFO  -  Status: Downloaded newer image for mcr.microsoft.com/appsvc/middleware:stage5
2025-10-22T22:35:09.420Z INFO  - Pull Image successful, Time taken: 11 Seconds
2025-10-22T22:35:09.804Z INFO  - Starting container for site
2025-10-22T22:35:09.804Z INFO  - docker run -d --expose=8181 --name app-rixoirdj4a3x6_0_74198f4c_middleware -e WEBSITE_CORS_ALLOWED_ORIGINS=https://portal.azure.com -e WEBSITE_CORS_SUPPORT_CREDENTIALS=False -e WEBSITE_SITE_NAME=app-rixoirdj4a3x6 -e WEBSITE_AUTH_ENABLED=False -e WEBSITE_ROLE_INSTANCE_ID=0 -e WEBSITE_HOSTNAME=app-rixoirdj4a3x6.azurewebsites.net -e WEBSITE_INSTANCE_ID=2f0d54a3d68efe2f7a693970af13e8d62542fa72c1dd143a310a639116915630 -e HTTP_LOGGING_ENABLED=1 mcr.microsoft.com/appsvc/middleware:stage5 /Host.ListenUrl=http://0.0.0.0:8181 /Host.DestinationHostUrl=http://169.254.131.3:8080 /Host.UseFileLogging=true
:34:32.179Z INFO  - cdcdb6bbda74 Verifying Checksum
2025-10-22T22:34:32.179Z INFO  - cdcdb6bbda74 Download complete
2025-10-22T22:34:32.192Z INFO  - e705a3b12771 Downloading 269B / 269B
2025-10-22T22:34:32.192Z INFO  - e705a3b12771 Verifying Checksum
2025-10-22T22:34:32.192Z INFO  - e705a3b12771 Download complete
2025-10-22T22:34:32.999Z INFO  - b49b2c83cf45 Downloading 24MB / 35MB
2025-10-22T22:34:33.000Z INFO  - c19952135643 Downloading 23MB / 46MB
2025-10-22T22:34:33.000Z INFO  - 3c56665f14df Downloading 124B / 124B
2025-10-22T22:34:33.000Z INFO  - 6076b5261919 Downloading 416B / 416B
2025-10-22T22:34:33.000Z INFO  - 3c56665f14df Verifying Checksum
2025-10-22T22:34:33.000Z INFO  - 3c56665f14df Download complete
2025-10-22T22:34:33.000Z INFO  - 6076b5261919 Verifying Checksum
2025-10-22T22:34:33.000Z INFO  - 6076b5261919 Download complete
2025-10-22T22:34:33.000Z INFO  - cfb2442eec7a Downloading 1KB / 1KB
2025-10-22T22:34:33.000Z INFO  - cfb2442eec7a Verifying Checksum
2025-10-22T22:34:33.000Z INFO  - cfb2442eec7a Download complete
2025-10-22T22:34:33.000Z INFO  - 81114daeece3 Downloading 33MB / 46MB
2025-10-22T22:34:33.000Z INFO  - b5ee41dce4d1 Downloading 15MB / 67MB
2025-10-22T22:34:33.000Z INFO  - c19952135643 Downloading 28MB / 46MB
2025-10-22T22:34:33.000Z INFO  - 70b2d1c62102 Downloading 35MB / 45MB
2025-10-22T22:34:33.000Z INFO  - 9e40ee8f5c7c Downloading 133B / 133B
2025-10-22T22:34:33.000Z INFO  - 9e40ee8f5c7c Verifying Checksum
2025-10-22T22:34:33.000Z INFO  - 9e40ee8f5c7c Download complete
2025-10-22T22:34:33.000Z INFO  - b5ee41dce4d1 Downloading 19MB / 67MB
2025-10-22T22:34:33.000Z INFO  - b49b2c83cf45 Verifying Checksum
2025-10-22T22:34:33.000Z INFO  - b49b2c83cf45 Download complete
2025-10-22T22:34:33.000Z INFO  - c7bf2b05e76c Downloading 1MB / 1MB
2025-10-22T22:34:33.000Z INFO  - 70b2d1c62102 Downloading 39MB / 45MB
2025-10-22T22:34:33.000Z INFO  - c7bf2b05e76c Downloading 1MB / 1MB
2025-10-22T22:34:33.000Z INFO  - c7bf2b05e76c Verifying Checksum
2025-10-22T22:34:33.000Z INFO  - c7bf2b05e76c Download complete
2025-10-22T22:34:33.000Z INFO  - 81114daeece3 Verifying Checksum
2025-10-22T22:34:33.000Z INFO  - 81114daeece3 Download complete
2025-10-22T22:34:33.000Z INFO  - b5ee41dce4d1 Downloading 24MB / 67MB
2025-10-22T22:34:33.000Z INFO  - 70b2d1c62102 Verifying Checksum
2025-10-22T22:34:33.000Z INFO  - 70b2d1c62102 Download complete
2025-10-22T22:34:33.000Z INFO  - c19952135643 Verifying Checksum
2025-10-22T22:34:33.000Z INFO  - c19952135643 Download complete
2025-10-22T22:34:33.000Z INFO  - b5ee41dce4d1 Downloading 39MB / 67MB
2025-10-22T22:34:33.000Z INFO  - b5ee41dce4d1 Downloading 50MB / 67MB
2025-10-22T22:34:33.000Z INFO  - b5ee41dce4d1 Downloading 61MB / 67MB
2025-10-22T22:34:33.000Z INFO  - b5ee41dce4d1 Downloading 67MB / 67MB
2025-10-22T22:34:33.000Z INFO  - b5ee41dce4d1 Verifying Checksum
2025-10-22T22:34:33.000Z INFO  - b5ee41dce4d1 Download complete
2025-10-22T22:34:33.025Z INFO  - c19952135643 Extracting 4MB / 46MB
2025-10-22T22:34:33.131Z INFO  - c19952135643 Extracting 7MB / 46MB
2025-10-22T22:34:33.253Z INFO  - c19952135643 Extracting 9MB / 46MB
2025-10-22T22:34:33.462Z INFO  - c19952135643 Extracting 15MB / 46MB
2025-10-22T22:34:33.577Z INFO  - c19952135643 Extracting 18MB / 46MB
2025-10-22T22:34:33.988Z INFO  - c19952135643 Extracting 25MB / 46MB
2025-10-22T22:34:34.104Z INFO  - c19952135643 Extracting 30MB / 46MB
2025-10-22T22:34:34.324Z INFO  - c19952135643 Extracting 35MB / 46MB
2025-10-22T22:34:34.425Z INFO  - c19952135643 Extracting 37MB / 46MB
2025-10-22T22:34:34.670Z INFO  - c19952135643 Extracting 41MB / 46MB
2025-10-22T22:34:34.921Z INFO  - c19952135643 Extracting 44MB / 46MB
2025-10-22T22:34:35.213Z INFO  - c19952135643 Extracting 45MB / 46MB
2025-10-22T22:34:35.342Z INFO  - c19952135643 Extracting 46MB / 46MB
2025-10-22T22:34:35.378Z INFO  - c19952135643 Pull complete
2025-10-22T22:34:35.560Z INFO  - b49b2c83cf45 Extracting 3MB / 35MB
2025-10-22T22:34:35.999Z INFO  - b49b2c83cf45 Extracting 16MB / 35MB
2025-10-22T22:34:36.140Z INFO  - b49b2c83cf45 Extracting 18MB / 35MB
2025-10-22T22:34:36.362Z INFO  - b49b2c83cf45 Extracting 21MB / 35MB
2025-10-22T22:34:36.669Z INFO  - b49b2c83cf45 Extracting 34MB / 35MB
2025-10-22T22:34:36.737Z INFO  - b49b2c83cf45 Extracting 35MB / 35MB
2025-10-22T22:34:37.026Z INFO  - b49b2c83cf45 Pull complete
2025-10-22T22:34:37.188Z INFO  - a7350ec49683 Extracting 3MB / 3MB
2025-10-22T22:34:40.196Z INFO  - a7350ec49683 Pull complete
2025-10-22T22:34:40.198Z INFO  - ca64976d1f75 Extracting 387B / 387B
2025-10-22T22:34:40.205Z INFO  - ca64976d1f75 Extracting 387B / 387B
2025-10-22T22:34:40.224Z INFO  - ca64976d1f75 Pull complete
2025-10-22T22:34:40.225Z INFO  - 9c231cb2d468 Extracting 32KB / 1MB
2025-10-22T22:34:40.261Z INFO  - 9c231cb2d468 Extracting 1MB / 1MB
2025-10-22T22:34:40.282Z INFO  - 9c231cb2d468 Pull complete
2025-10-22T22:34:40.284Z INFO  - 6d5ed858bc79 Extracting 32KB / 39KB
2025-10-22T22:34:40.305Z INFO  - 6d5ed858bc79 Extracting 39KB / 39KB
2025-10-22T22:34:40.312Z INFO  - 6d5ed858bc79 Extracting 39KB / 39KB
2025-10-22T22:34:40.335Z INFO  - 6d5ed858bc79 Pull complete
2025-10-22T22:34:40.336Z INFO  - b147e1d819b6 Extracting 10KB / 10KB
2025-10-22T22:34:40.344Z INFO  - b147e1d819b6 Extracting 10KB / 10KB
2025-10-22T22:34:40.350Z INFO  - b147e1d819b6 Pull complete
2025-10-22T22:34:40.351Z INFO  - bddeee446dea Extracting 14KB / 14KB
2025-10-22T22:34:40.377Z INFO  - bddeee446dea Extracting 14KB / 14KB
2025-10-22T22:34:40.399Z INFO  - bddeee446dea Pull complete
2025-10-22T22:34:40.418Z INFO  - 3bba0ee51794 Extracting 281KB / 281KB
2025-10-22T22:34:40.421Z INFO  - 3bba0ee51794 Extracting 281KB / 281KB
2025-10-22T22:34:40.428Z INFO  - 3bba0ee51794 Pull complete
2025-10-22T22:34:40.429Z INFO  - 5b5c68b4e022 Extracting 10KB / 10KB
2025-10-22T22:34:40.434Z INFO  - 5b5c68b4e022 Extracting 10KB / 10KB
2025-10-22T22:34:40.445Z INFO  - 5b5c68b4e022 Pull complete
2025-10-22T22:34:40.449Z INFO  - 589fad460b75 Extracting 32KB / 1MB
2025-10-22T22:34:40.458Z INFO  - 589fad460b75 Extracting 1MB / 1MB
2025-10-22T22:34:40.464Z INFO  - 589fad460b75 Pull complete
2025-10-22T22:34:40.469Z INFO  - a4ac82e1650a Extracting 32KB / 1MB
2025-10-22T22:34:40.525Z INFO  - a4ac82e1650a Extracting 1MB / 1MB
2025-10-22T22:34:40.554Z INFO  - a4ac82e1650a Pull complete
2025-10-22T22:34:40.556Z INFO  - 6e652537f0de Extracting 3KB / 3KB
2025-10-22T22:34:40.564Z INFO  - 6e652537f0de Extracting 3KB / 3KB
2025-10-22T22:34:40.586Z INFO  - 6e652537f0de Pull complete
2025-10-22T22:34:40.587Z INFO  - 4f4fb700ef54 Extracting 32B / 32B
2025-10-22T22:34:40.590Z INFO  - 4f4fb700ef54 Extracting 32B / 32B
2025-10-22T22:34:40.597Z INFO  - 4f4fb700ef54 Pull complete
2025-10-22T22:34:40.928Z INFO  - 70b2d1c62102 Extracting 36MB / 45MB
2025-10-22T22:34:41.003Z INFO  - 70b2d1c62102 Extracting 45MB / 45MB
2025-10-22T22:34:41.362Z INFO  - 70b2d1c62102 Pull complete
2025-10-22T22:34:41.497Z INFO  - 81114daeece3 Extracting 3MB / 46MB
2025-10-22T22:34:41.704Z INFO  - 81114daeece3 Extracting 10MB / 46MB
2025-10-22T22:34:41.813Z INFO  - 81114daeece3 Extracting 14MB / 46MB
2025-10-22T22:34:42.122Z INFO  - 81114daeece3 Extracting 23MB / 46MB
2025-10-22T22:34:42.224Z INFO  - 81114daeece3 Extracting 27MB / 46MB
2025-10-22T22:34:42.444Z INFO  - 81114daeece3 Extracting 33MB / 46MB
2025-10-22T22:34:42.560Z INFO  - 81114daeece3 Extracting 35MB / 46MB
2025-10-22T22:34:42.673Z INFO  - 81114daeece3 Extracting 36MB / 46MB
2025-10-22T22:34:42.791Z INFO  - 81114daeece3 Extracting 37MB / 46MB
2025-10-22T22:34:42.907Z INFO  - 81114daeece3 Extracting 38MB / 46MB
2025-10-22T22:34:43.017Z INFO  - 81114daeece3 Extracting 39MB / 46MB
2025-10-22T22:34:43.125Z INFO  - 81114daeece3 Extracting 40MB / 46MB
2025-10-22T22:34:43.234Z INFO  - 81114daeece3 Extracting 41MB / 46MB
2025-10-22T22:34:43.346Z INFO  - 81114daeece3 Extracting 42MB / 46MB
2025-10-22T22:34:43.453Z INFO  - 81114daeece3 Extracting 43MB / 46MB
2025-10-22T22:34:43.597Z INFO  - 81114daeece3 Extracting 44MB / 46MB
2025-10-22T22:34:43.836Z INFO  - 81114daeece3 Extracting 45MB / 46MB
2025-10-22T22:34:43.998Z INFO  - 81114daeece3 Extracting 45MB / 46MB
2025-10-22T22:34:44.167Z INFO  - 81114daeece3 Extracting 46MB / 46MB
2025-10-22T22:34:45.686Z INFO  - 81114daeece3 Pull complete
2025-10-22T22:34:45.819Z INFO  - 72560126db61 Extracting 4MB / 11MB
2025-10-22T22:34:46.359Z INFO  - 72560126db61 Extracting 9MB / 11MB
2025-10-22T22:34:46.567Z INFO  - 72560126db61 Extracting 10MB / 11MB
2025-10-22T22:34:46.682Z INFO  - 72560126db61 Extracting 10MB / 11MB
2025-10-22T22:34:46.778Z INFO  - 72560126db61 Extracting 11MB / 11MB
2025-10-22T22:34:47.210Z INFO  - 72560126db61 Pull complete
2025-10-22T22:34:47.445Z INFO  - b4ee02498c51 Extracting 5MB / 16MB
2025-10-22T22:34:47.547Z INFO  - b4ee02498c51 Extracting 8MB / 16MB
2025-10-22T22:34:47.829Z INFO  - b4ee02498c51 Extracting 8MB / 16MB
2025-10-22T22:34:48.114Z INFO  - b4ee02498c51 Extracting 9MB / 16MB
2025-10-22T22:34:48.335Z INFO  - b4ee02498c51 Extracting 10MB / 16MB
2025-10-22T22:34:48.591Z INFO  - b4ee02498c51 Extracting 11MB / 16MB
2025-10-22T22:34:48.737Z INFO  - b4ee02498c51 Extracting 11MB / 16MB
2025-10-22T22:34:49.230Z INFO  - b4ee02498c51 Extracting 14MB / 16MB
2025-10-22T22:34:49.333Z INFO  - b4ee02498c51 Extracting 14MB / 16MB
2025-10-22T22:34:49.558Z INFO  - b4ee02498c51 Extracting 15MB / 16MB
2025-10-22T22:34:49.868Z INFO  - b4ee02498c51 Extracting 16MB / 16MB
2025-10-22T22:34:50.709Z INFO  - b4ee02498c51 Pull complete
2025-10-22T22:34:50.710Z INFO  - 9f7642f5d897 Extracting 126B / 126B
2025-10-22T22:34:50.732Z INFO  - 9f7642f5d897 Extracting 126B / 126B
2025-10-22T22:34:50.770Z INFO  - 9f7642f5d897 Pull complete
2025-10-22T22:34:50.908Z INFO  - 064a93d404d8 Extracting 5MB / 5MB
2025-10-22T22:34:50.990Z INFO  - 064a93d404d8 Pull complete
2025-10-22T22:34:50.992Z INFO  - 9078bcfaabdd Extracting 948B / 948B
2025-10-22T22:34:51.002Z INFO  - 9078bcfaabdd Extracting 948B / 948B
2025-10-22T22:34:51.028Z INFO  - 9078bcfaabdd Pull complete
2025-10-22T22:34:51.029Z INFO  - 8367cb93fd79 Extracting 1KB / 1KB
2025-10-22T22:34:51.039Z INFO  - 8367cb93fd79 Extracting 1KB / 1KB
2025-10-22T22:34:51.053Z INFO  - 8367cb93fd79 Pull complete
2025-10-22T22:34:51.055Z INFO  - 432802c32c40 Extracting 139B / 139B
2025-10-22T22:34:51.059Z INFO  - 432802c32c40 Extracting 139B / 139B
2025-10-22T22:34:51.081Z INFO  - 432802c32c40 Pull complete
2025-10-22T22:34:51.144Z INFO  - b5ee41dce4d1 Extracting 544KB / 67MB
2025-10-22T22:34:51.254Z INFO  - b5ee41dce4d1 Extracting 3MB / 67MB
2025-10-22T22:34:51.619Z INFO  - b5ee41dce4d1 Extracting 11MB / 67MB
2025-10-22T22:34:51.793Z INFO  - b5ee41dce4d1 Extracting 12MB / 67MB
2025-10-22T22:34:51.930Z INFO  - b5ee41dce4d1 Extracting 14MB / 67MB
2025-10-22T22:34:52.053Z INFO  - b5ee41dce4d1 Extracting 16MB / 67MB
2025-10-22T22:34:52.808Z INFO  - b5ee41dce4d1 Extracting 19MB / 67MB
2025-10-22T22:34:52.808Z INFO  - b5ee41dce4d1 Extracting 27MB / 67MB
2025-10-22T22:34:52.808Z INFO  - b5ee41dce4d1 Extracting 30MB / 67MB
2025-10-22T22:34:52.808Z INFO  - b5ee41dce4d1 Extracting 36MB / 67MB
2025-10-22T22:34:53.006Z INFO  - b5ee41dce4d1 Extracting 40MB / 67MB
2025-10-22T22:34:53.132Z INFO  - b5ee41dce4d1 Extracting 41MB / 67MB
2025-10-22T22:34:53.405Z INFO  - b5ee41dce4d1 Extracting 45MB / 67MB
2025-10-22T22:34:53.519Z INFO  - b5ee41dce4d1 Extracting 47MB / 67MB
2025-10-22T22:34:53.982Z INFO  - b5ee41dce4d1 Extracting 55MB / 67MB
2025-10-22T22:34:54.809Z INFO  - b5ee41dce4d1 Extracting 65MB / 67MB
2025-10-22T22:34:54.809Z INFO  - b5ee41dce4d1 Extracting 67MB / 67MB
2025-10-22T22:34:55.858Z INFO  - b5ee41dce4d1 Pull complete
2025-10-22T22:34:55.859Z INFO  - 299358e274fc Extracting 1KB / 1KB
2025-10-22T22:34:55.869Z INFO  - 299358e274fc Extracting 1KB / 1KB
2025-10-22T22:34:55.885Z INFO  - 299358e274fc Pull complete
2025-10-22T22:34:55.887Z INFO  - a0f687a8a43e Extracting 1KB / 1KB
2025-10-22T22:34:55.902Z INFO  - a0f687a8a43e Extracting 1KB / 1KB
2025-10-22T22:34:55.915Z INFO  - a0f687a8a43e Pull complete
2025-10-22T22:34:55.917Z INFO  - f6668cf6fc4f Extracting 3KB / 3KB
2025-10-22T22:34:55.931Z INFO  - f6668cf6fc4f Extracting 3KB / 3KB
2025-10-22T22:34:55.944Z INFO  - f6668cf6fc4f Pull complete
2025-10-22T22:34:55.954Z INFO  - cab9518eb753 Extracting 151B / 151B
2025-10-22T22:34:55.959Z INFO  - cab9518eb753 Extracting 151B / 151B
2025-10-22T22:34:55.979Z INFO  - cab9518eb753 Pull complete
2025-10-22T22:34:55.981Z INFO  - f9717d513d08 Extracting 13KB / 13KB
2025-10-22T22:34:56.003Z INFO  - f9717d513d08 Extracting 13KB / 13KB
2025-10-22T22:34:56.008Z INFO  - f9717d513d08 Pull complete
2025-10-22T22:34:56.010Z INFO  - 81d0cf6a6204 Extracting 1KB / 1KB
2025-10-22T22:34:56.015Z INFO  - 81d0cf6a6204 Extracting 1KB / 1KB
2025-10-22T22:34:56.037Z INFO  - 81d0cf6a6204 Pull complete
2025-10-22T22:34:56.038Z INFO  - e705a3b12771 Extracting 269B / 269B
2025-10-22T22:34:56.059Z INFO  - e705a3b12771 Extracting 269B / 269B
2025-10-22T22:34:56.082Z INFO  - e705a3b12771 Pull complete
2025-10-22T22:34:56.084Z INFO  - cdcdb6bbda74 Extracting 269B / 269B
2025-10-22T22:34:56.089Z INFO  - cdcdb6bbda74 Extracting 269B / 269B
2025-10-22T22:34:56.112Z INFO  - cdcdb6bbda74 Pull complete
2025-10-22T22:34:56.135Z INFO  - 3c56665f14df Extracting 124B / 124B
2025-10-22T22:34:56.143Z INFO  - 3c56665f14df Extracting 124B / 124B
2025-10-22T22:34:56.164Z INFO  - 3c56665f14df Pull complete
2025-10-22T22:34:56.166Z INFO  - 6076b5261919 Extracting 416B / 416B
2025-10-22T22:34:56.190Z INFO  - 6076b5261919 Extracting 416B / 416B
2025-10-22T22:34:56.196Z INFO  - 6076b5261919 Pull complete
2025-10-22T22:34:56.198Z INFO  - cfb2442eec7a Extracting 1KB / 1KB
2025-10-22T22:34:56.209Z INFO  - cfb2442eec7a Extracting 1KB / 1KB
2025-10-22T22:34:56.233Z INFO  - cfb2442eec7a Pull complete
2025-10-22T22:34:56.335Z INFO  - c7bf2b05e76c Extracting 160KB / 1MB
2025-10-22T22:34:56.602Z INFO  - c7bf2b05e76c Extracting 1MB / 1MB
2025-10-22T22:34:56.641Z INFO  - c7bf2b05e76c Extracting 1MB / 1MB
2025-10-22T22:34:56.719Z INFO  - c7bf2b05e76c Pull complete
2025-10-22T22:34:56.720Z INFO  - 9e40ee8f5c7c Extracting 133B / 133B
2025-10-22T22:34:56.728Z INFO  - 9e40ee8f5c7c Extracting 133B / 133B
2025-10-22T22:34:56.741Z INFO  - 9e40ee8f5c7c Pull complete
2025-10-22T22:34:56.774Z INFO  -  Digest: sha256:090c03b4259823f8be151de295b9ef30aeea81cc540a9908f9a57cbe5e893095
2025-10-22T22:34:56.792Z INFO  -  Status: Downloaded newer image for mcr.microsoft.com/appsvc/node:20-lts_20250724.2.tuxprod
2025-10-22T22:34:56.817Z INFO  - Pull Image successful, Time taken: 25 Seconds
2025-10-22T22:34:57.142Z INFO  - Starting container for site
2025-10-22T22:34:57.142Z INFO  - docker run -d --expose=8080 --name app-rixoirdj4a3x6_0_74198f4c -e WEBSITE_USE_DIAGNOSTIC_SERVER=true -e WEBSITE_CORS_ALLOWED_ORIGINS=https://portal.azure.com -e WEBSITE_CORS_SUPPORT_CREDENTIALS=False -e WEBSITE_SITE_NAME=app-rixoirdj4a3x6 -e WEBSITE_AUTH_ENABLED=False -e WEBSITE_ROLE_INSTANCE_ID=0 -e WEBSITE_HOSTNAME=app-rixoirdj4a3x6.azurewebsites.net -e WEBSITE_INSTANCE_ID=2f0d54a3d68efe2f7a693970af13e8d62542fa72c1dd143a310a639116915630 -e HTTP_LOGGING_ENABLED=1 appsvc/node:20-lts_20250724.2.tuxprod 
2025-10-22T22:35:11.834Z INFO  - Initiating warmup request to container app-rixoirdj4a3x6_0_74198f4c_msiProxy for site app-rixoirdj4a3x6
2025-10-22T22:35:11.845Z INFO  - Container app-rixoirdj4a3x6_0_74198f4c_msiProxy for site app-rixoirdj4a3x6 initialized successfully and is ready to serve requests.
2025-10-22T22:35:11.845Z INFO  - Initiating warmup request to container app-rixoirdj4a3x6_0_74198f4c for site app-rixoirdj4a3x6
2025-10-22T22:35:11.857Z ERROR - Container app-rixoirdj4a3x6_0_74198f4c for site app-rixoirdj4a3x6 has exited, failing site start
2025-10-22T22:35:11.857Z INFO  - Initiating warmup request to container app-rixoirdj4a3x6_0_74198f4c_middleware for site app-rixoirdj4a3x6
2025-10-22T22:35:12.092Z INFO  - Container app-rixoirdj4a3x6_0_74198f4c_middleware for site app-rixoirdj4a3x6 initialized successfully and is ready to serve requests.
2025-10-22T22:35:12.102Z ERROR - Container app-rixoirdj4a3x6_0_74198f4c didn't respond to HTTP pings on port: 8080. Failing site start. See container logs for debugging.
2025-10-22T22:35:12.838Z INFO  - Stopping site app-rixoirdj4a3x6 because it failed during startup.
2025-10-22T22:39:14.569Z INFO  - Pulling image: mcr.microsoft.com/appsvc/middleware:stage5
2025-10-22T22:39:14.789Z INFO  - stage5 Pulling from appsvc/middleware
2025-10-22T22:39:14.802Z INFO  -  Digest: sha256:c6b2ef843d6563d5e4de4fc215ed70767a024502327712fce37342fe3f2e5d75
2025-10-22T22:39:14.808Z INFO  -  Status: Image is up to date for mcr.microsoft.com/appsvc/middleware:stage5
2025-10-22T22:39:14.826Z INFO  - Pull Image successful, Time taken: 0 Seconds
2025-10-22T22:39:14.874Z INFO  - Starting container for site
2025-10-22T22:39:14.876Z INFO  - docker run -d --expose=8181 --name app-rixoird2025-10-22T22:39:15.414Z INFO  - Initiating warmup request to container app-rixoirdj4a3x6_0_a4ba89ad_msiProxy for site app-rixoirdj4a3x6
2025-10-22T22:39:15.495Z INFO  - Container app-rixoirdj4a3x6_0_a4ba89ad_msiProxy for site app-rixoirdj4a3x6 initialized successfully and is ready to serve requests.
2025-10-22T22:39:15.496Z INFO  - Initiating warmup request to container app-rixoirdj4a3x6_0_a4ba89ad for site app-rixoirdj4a3x6
2025-10-22T22:39:19.582Z ERROR - Container app-rixoirdj4a3x6_0_a4ba89ad for site app-rixoirdj4a3x6 has exited, failing site start
2025-10-22T22:39:19.583Z INFO  - Initiating warmup request to container app-rixoirdj4a3x6_0_a4ba89ad_middleware for site app-rixoirdj4a3x6
2025-10-22T22:39:19.805Z INFO  - Container app-rixoirdj4a3x6_0_a4ba89ad_middleware for site app-rixoirdj4a3x6 initialized successfully and is ready to serve requests.
2025-10-22T22:39:19.812Z ERROR - Container app-rixoirdj4a3x6_0_a4ba89ad didn't respond to HTTP pings on port: 8080. Failing site start. See container logs for debugging.
2025-10-22T22:39:19.830Z INFO  - Stopping site app-rixoirdj4a3x6 because it failed during startup.
2025-10-22T22:44:12.5272591Z Container start method called.
2025-10-22T22:44:12.5277628Z Establishing network.
2025-10-22T22:44:12.5280226Z Pulling image: appsvc/node:20-lts_20250724.2.tuxprod.
2025-10-22T22:44:14.1134072Z Container is starting.
2025-10-22T22:44:14.1136991Z Establishing user namespace if not established already.
2025-10-22T22:44:14.1138316Z Establishing network if not established already.
2025-10-22T22:44:14.1139613Z Mounting volumes.
2025-10-22T22:44:14.1141360Z Nested mountpoint site/wwwroot
2025-10-22T22:44:14.1221635Z Nested mountpoint volatile/logs
2025-10-22T22:44:14.1287976Z Nested mountpoint 
2025-10-22T22:44:14.1296251Z Nested mountpoint 
2025-10-22T22:44:14.1376455Z Nested mountpoint 
2025-10-22T22:44:14.1384194Z Nested mountpoint 
2025-10-22T22:44:14.3074988Z Creating container.
2025-10-22T22:44:14.3076689Z Creating pipes for streaming container io.
2025-10-22T22:44:14.3078183Z Creating stdout named pipe at /podr/container/pipe/0baed7b2de61_app-rixoirdj4a3x6/stdout_9de4bcb4fb27450fa1bc411549df0cae.
2025-10-22T22:44:14.3081741Z Successfully created stdout named pipe at: /podr/container/pipe/0baed7b2de61_app-rixoirdj4a3x6/stdout_9de4bcb4fb27450fa1bc411549df0cae.
2025-10-22T22:44:14.3083214Z Opening named pipe /podr/container/pipe/0baed7b2de61_app-rixoirdj4a3x6/stdout_9de4bcb4fb27450fa1bc411549df0cae for reading in non-blocking mode.
2025-10-22T22:44:14.3084974Z Successfully opened named pipe: /podr/container/pipe/0baed7b2de61_app-rixoirdj4a3x6/stdout_9de4bcb4fb27450fa1bc411549df0cae.
2025-10-22T22:44:14.3086512Z Successfully removed non-blocking flag from /podr/container/pipe/0baed7b2de61_app-rixoirdj4a3x6/stdout_9de4bcb4fb27450fa1bc411549df0cae.
2025-10-22T22:44:14.3088156Z Creating stderr named pipe at /podr/container/pipe/0baed7b2de61_app-rixoirdj4a3x6/stderr_6c0e423985724dd0b2cbc9f664443274.
2025-10-22T22:44:14.3090062Z Successfully created stderr named pipe at: /podr/container/pipe/0baed7b2de61_app-rixoirdj4a3x6/stderr_6c0e423985724dd0b2cbc9f664443274.
2025-10-22T22:44:14.3091317Z Opening named pipe /podr/container/pipe/0baed7b2de61_app-rixoirdj4a3x6/stderr_6c0e423985724dd0b2cbc9f664443274 for reading in non-blocking mode.
2025-10-22T22:44:14.3093290Z Successfully opened named pipe: /podr/container/pipe/0baed7b2de61_app-rixoirdj4a3x6/stderr_6c0e423985724dd0b2cbc9f664443274.
2025-10-22T22:44:14.3095291Z Successfully removed non-blocking flag from /podr/container/pipe/0baed7b2de61_app-rixoirdj4a3x6/stderr_6c0e423985724dd0b2cbc9f664443274.
2025-10-22T22:44:14.3096630Z Creating container with image: appsvc/node:20-lts_20250724.2.tuxprod from registry: mcr.microsoft.com and fully qualified image name: mcr.microsoft.com/appsvc/node:20-lts_20250724.2.tuxprod
2025-10-22T22:44:14.5217634Z Starting container: 0baed7b2de61_app-rixoirdj4a3x6.
2025-10-22T22:44:14.5408553Z Starting watchers and probes.
2025-10-22T22:44:14.5423603Z Starting metrics collection.
2025-10-22T22:44:14.5445744Z Container is running.
2025-10-22T22:44:14.5875382Z Container start method finished after 2059 ms.
2025-10-22T22:44:18.4352876Z Container has finished running with exit code: 127.
2025-10-22T22:44:18.4354642Z Container is terminating. Grace period: 5 seconds.
2025-10-22T22:44:18.4358099Z Stop and delete container. Retry count = 0
2025-10-22T22:44:18.4359595Z Stopping container: 0baed7b2de61_app-rixoirdj4a3x6.
2025-10-22T22:44:18.4471334Z Deleting container: 0baed7b2de61_app-rixoirdj4a3x6. Retry count = 0
2025-10-22T22:44:18.5107313Z Container spec TerminationMessagePolicy  path 
2025-10-22T22:44:18.5109522Z Container is terminated. Total time elapsed: 75 ms.
2025-10-22T22:44:18.5110957Z Site container: app-rixoirdj4a3x6 terminated during site startup.
2025-10-22T22:44:18.5114207Z Site startup probe failed after 3.9229917 seconds.
2025-10-22T22:44:18.5164560Z Failed to start site. Revert by stopping site.
2025-10-22T22:44:18.5172880Z Site: app-rixoirdj4a3x6 stopped.
2025-10-22T22:44:24.870Z INFO  - Pulling image: mcr.microsoft.com/appsvc/middleware:stage5
2025-10-22T22:44:25.108Z INFO  - stage5 Pulling from appsvc/middleware
2025-10-22T22:44:25.132Z INFO  -  Digest: sha256:c6b2ef843d6563d5e4de4fc215ed70767a024502327712fce37342fe3f2e5d75
2025-10-22T22:44:25.133Z INFO  -  Status: Image is up to date for mcr.microsoft.com/appsvc/middleware:stage5
2025-10-22T22:44:25.148Z INFO  - Pull Image successful, Time taken: 0 Seconds
2025-10-22T22:44:26.007Z INFO  - Starting container for site
2025-10-22T22:44:26.008Z INFO  - docker run -d --expose=8181 --name app-rixoird2025-10-22T22:44:26.808Z INFO  - Initiating warmup request to container app-rixoirdj4a3x6_0_41fd3a95_msiProxy for site app-rixoirdj4a3x6
2025-10-22T22:44:26.860Z INFO  - Container app-rixoirdj4a3x6_0_41fd3a95_msiProxy for site app-rixoirdj4a3x6 initialized successfully and is ready to serve requests.
2025-10-22T22:44:26.860Z INFO  - Initiating warmup request to container app-rixoirdj4a3x6_0_41fd3a95 for site app-rixoirdj4a3x6
2025-10-22T22:44:29.938Z ERROR - Container app-rixoirdj4a3x6_0_41fd3a95 for site app-rixoirdj4a3x6 has exited, failing site start
2025-10-22T22:44:29.939Z INFO  - Initiating warmup request to container app-rixoirdj4a3x6_0_41fd3a95_middleware for site app-rixoirdj4a3x6
2025-10-22T22:44:30.165Z INFO  - Container app-rixoirdj4a3x6_0_41fd3a95_middleware for site app-rixoirdj4a3x6 initialized successfully and is ready to serve requests.
2025-10-22T22:44:30.172Z ERROR - Container app-rixoirdj4a3x6_0_41fd3a95 didn't respond to HTTP pings on port: 8080. Failing site start. See container logs for debugging.
2025-10-22T22:44:31.974Z INFO  - Stopping site app-rixoirdj4a3x6 because it failed during startup.
2025-10-22T22:49:15.194Z INFO  - Pulling image: mcr.microsoft.com/appsvc/middleware:stage5
2025-10-22T22:49:15.486Z INFO  - stage5 Pulling from appsvc/middleware
2025-10-22T22:49:15.522Z INFO  -  Digest: sha256:c6b2ef843d6563d5e4de4fc215ed70767a024502327712fce37342fe3f2e5d75
2025-10-22T22:49:15.523Z INFO  -  Status: Image is up to date for mcr.microsoft.com/appsvc/middleware:stage5
2025-10-22T22:49:15.549Z INFO  - Pull Image successful, Time taken: 0 Seconds
2025-10-22T22:49:15.614Z INFO  - Starting container for site
2025-10-22T22:49:15.618Z INFO  - docker run -d --expose=8181 --name app-rixoird2025-10-22T22:49:16.353Z INFO  - Initiating warmup request to container app-rixoirdj4a3x6_0_89e500b3_msiProxy for site app-rixoirdj4a3x6
2025-10-22T22:49:16.381Z INFO  - Container app-rixoirdj4a3x6_0_89e500b3_msiProxy for site app-rixoirdj4a3x6 initialized successfully and is ready to serve requests.
2025-10-22T22:49:16.382Z INFO  - Initiating warmup request to container app-rixoirdj4a3x6_0_89e500b3 for site app-rixoirdj4a3x6
2025-10-22T22:49:19.446Z ERROR - Container app-rixoirdj4a3x6_0_89e500b3 for site app-rixoirdj4a3x6 has exited, failing site start
2025-10-22T22:49:19.446Z INFO  - Initiating warmup request to container app-rixoirdj4a3x6_0_89e500b3_middleware for site app-rixoirdj4a3x6
2025-10-22T22:49:19.669Z INFO  - Container app-rixoirdj4a3x6_0_89e500b3_middleware for site app-rixoirdj4a3x6 initialized successfully and is ready to serve requests.
2025-10-22T22:49:19.674Z ERROR - Container app-rixoirdj4a3x6_0_89e500b3 didn't respond to HTTP pings on port: 8080. Failing site start. See container logs for debugging.
2025-10-22T22:49:19.695Z INFO  - Stopping site app-rixoirdj4a3x6 because it failed during startup.
2025-10-22T22:51:53.8785525Z Container start method called.
2025-10-22T22:51:53.8805168Z Establishing network.
2025-10-22T22:51:53.8806774Z Pulling image: appsvc/node:20-lts_20250724.2.tuxprod.
2025-10-22T22:51:59.3547491Z Container is starting.
2025-10-22T22:51:59.3561228Z Establishing user namespace if not established already.
2025-10-22T22:51:59.3563269Z Establishing network if not established already.
2025-10-22T22:51:59.3564563Z Mounting volumes.
2025-10-22T22:51:59.3566219Z Nested mountpoint site/wwwroot
2025-10-22T22:51:59.3646477Z Nested mountpoint volatile/logs
2025-10-22T22:51:59.3699051Z Nested mountpoint 
2025-10-22T22:51:59.3739049Z Nested mountpoint 
2025-10-22T22:51:59.3940263Z Nested mountpoint 
2025-10-22T22:51:59.4329413Z Nested mountpoint 
2025-10-22T22:51:59.5378086Z Creating container.
2025-10-22T22:51:59.5380192Z Creating pipes for streaming container io.
2025-10-22T22:51:59.5382042Z Creating stdout named pipe at /podr/container/pipe/3e5334258572_app-rixoirdj4a3x6/stdout_79b553fa55414cd09df0524a7e30349b.
2025-10-22T22:51:59.5384748Z Successfully created stdout named pipe at: /podr/container/pipe/3e5334258572_app-rixoirdj4a3x6/stdout_79b553fa55414cd09df0524a7e30349b.
2025-10-22T22:51:59.5386009Z Opening named pipe /podr/container/pipe/3e5334258572_app-rixoirdj4a3x6/stdout_79b553fa55414cd09df0524a7e30349b for reading in non-blocking mode.
2025-10-22T22:51:59.5387603Z Successfully opened named pipe: /podr/container/pipe/3e5334258572_app-rixoirdj4a3x6/stdout_79b553fa55414cd09df0524a7e30349b.
2025-10-22T22:51:59.5390417Z Successfully removed non-blocking flag from /podr/container/pipe/3e5334258572_app-rixoirdj4a3x6/stdout_79b553fa55414cd09df0524a7e30349b.
2025-10-22T22:51:59.5392483Z Creating stderr named pipe at /podr/container/pipe/3e5334258572_app-rixoirdj4a3x6/stderr_3744e1fe0b3a4209b9e3fc7ff0226c8b.
2025-10-22T22:51:59.5394793Z Successfully created stderr named pipe at: /podr/container/pipe/3e5334258572_app-rixoirdj4a3x6/stderr_3744e1fe0b3a4209b9e3fc7ff0226c8b.
2025-10-22T22:51:59.5396564Z Opening named pipe /podr/container/pipe/3e5334258572_app-rixoirdj4a3x6/stderr_3744e1fe0b3a4209b9e3fc7ff0226c8b for reading in non-blocking mode.
2025-10-22T22:51:59.5398621Z Successfully opened named pipe: /podr/container/pipe/3e5334258572_app-rixoirdj4a3x6/stderr_3744e1fe0b3a4209b9e3fc7ff0226c8b.
2025-10-22T22:51:59.5400795Z Successfully removed non-blocking flag from /podr/container/pipe/3e5334258572_app-rixoirdj4a3x6/stderr_3744e1fe0b3a4209b9e3fc7ff0226c8b.
2025-10-22T22:51:59.5402694Z Creating container with image: appsvc/node:20-lts_20250724.2.tuxprod from registry: mcr.microsoft.com and fully qualified image name: mcr.microsoft.com/appsvc/node:20-lts_20250724.2.tuxprod
2025-10-22T22:51:59.6812611Z Starting container: 3e5334258572_app-rixoirdj4a3x6.
2025-10-22T22:51:59.7008916Z Starting watchers and probes.
2025-10-22T22:51:59.7049637Z Starting metrics collection.
2025-10-22T22:51:59.7081051Z Container is running.
2025-10-22T22:51:59.7600576Z Container start method finished after 5881 ms.
2025-10-22T22:52:03.3942793Z Container has finished running with exit code: 127.
2025-10-22T22:52:03.3944316Z Container is terminating. Grace period: 5 seconds.
2025-10-22T22:52:03.3949958Z Stop and delete container. Retry count = 0
2025-10-22T22:52:03.3951782Z Stopping container: 3e5334258572_app-rixoirdj4a3x6.
2025-10-22T22:52:03.4072381Z Deleting container: 3e5334258572_app-rixoirdj4a3x6. Retry count = 0
2025-10-22T22:52:03.4601576Z Container spec TerminationMessagePolicy  path 
2025-10-22T22:52:03.4606894Z Container is terminated. Total time elapsed: 65 ms.
2025-10-22T22:52:03.4610781Z Site container: app-rixoirdj4a3x6 terminated during site startup.
2025-10-22T22:52:03.4619058Z Site startup probe failed after 3.6995776 seconds.
2025-10-22T22:52:03.4645132Z Failed to start site. Revert by stopping site.
2025-10-22T22:52:03.4655730Z Site: app-rixoirdj4a3x6 stopped.
2025-10-22T22:52:11.075Z INFO  - Pulling image: mcr.microsoft.com/appsvc/middleware:stage5
2025-10-22T22:52:16.070Z INFO  - stage5 Pulling from appsvc/middleware
2025-10-22T22:52:17.911Z INFO  -  Digest: sha256:c6b2ef843d6563d5e4de4fc215ed70767a024502327712fce37342fe3f2e5d75
2025-10-22T22:52:17.912Z INFO  -  Status: Image is up to date for mcr.microsoft.com/appsvc/middleware:stage5
2025-10-22T22:52:18.832Z INFO  - Pull Image successful, Time taken: 7 Seconds
2025-10-22T22:52:18.876Z INFO  - Starting container for site
2025-10-22T22:52:18.877Z INFO  - docker run -d --expose=8181 --name app-rixoird2025-10-22T22:52:23.264Z INFO  - Initiating warmup request to container app-rixoirdj4a3x6_0_8c06d944_msiProxy for site app-rixoirdj4a3x6
2025-10-22T22:52:23.277Z INFO  - Container app-rixoirdj4a3x6_0_8c06d944_msiProxy for site app-rixoirdj4a3x6 initialized successfully and is ready to serve requests.
2025-10-22T22:52:23.278Z INFO  - Initiating warmup request to container app-rixoirdj4a3x6_0_8c06d944 for site app-rixoirdj4a3x6
2025-10-22T22:52:23.293Z ERROR - Container app-rixoirdj4a3x6_0_8c06d944 for site app-rixoirdj4a3x6 has exited, failing site start
2025-10-22T22:52:23.294Z INFO  - Initiating warmup request to container app-rixoirdj4a3x6_0_8c06d944_middleware for site app-rixoirdj4a3x6
2025-10-22T22:52:24.528Z INFO  - Container app-rixoirdj4a3x6_0_8c06d944_middleware for site app-rixoirdj4a3x6 initialized successfully and is ready to serve requests.
2025-10-22T22:52:24.533Z ERROR - Container app-rixoirdj4a3x6_0_8c06d944 didn't respond to HTTP pings on port: 8080. Failing site start. See container logs for debugging.
2025-10-22T22:52:24.545Z INFO  - Stopping site app-rixoirdj4a3x6 because it failed during startup.
2025-10-22T22:55:24.610Z INFO  - Pulling image: mcr.microsoft.com/appsvc/middleware:stage5
2025-10-22T22:55:24.818Z INFO  - stage5 Pulling from appsvc/middleware
2025-10-22T22:55:24.839Z INFO  -  Digest: sha256:c6b2ef843d6563d5e4de4fc215ed70767a024502327712fce37342fe3f2e5d75
2025-10-22T22:55:24.840Z INFO  -  Status: Image is up to date for mcr.microsoft.com/appsvc/middleware:stage5
2025-10-22T22:55:24.866Z INFO  - Pull Image successful, Time taken: 0 Seconds
2025-10-22T22:55:24.920Z INFO  - Starting container for site
2025-10-22T22:55:24.921Z INFO  - docker run -d --expose=8181 --name app-rixoirdj4a3x6_02025-10-22T22:55:25.639Z INFO  - Initiating warmup request to container app-rixoirdj4a3x6_0_673411b7_msiProxy for site app-rixoirdj4a3x6
2025-10-22T22:55:25.662Z INFO  - Container app-rixoirdj4a3x6_0_673411b7_msiProxy for site app-rixoirdj4a3x6 initialized successfully and is ready to serve requests.
2025-10-22T22:55:25.663Z INFO  - Initiating warmup request to container app-rixoirdj4a3x6_0_673411b7 for site app-rixoirdj4a3x6
2025-10-22T22:55:28.735Z ERROR - Container app-rixoirdj4a3x6_0_673411b7 for site app-rixoirdj4a3x6 has exited, failing site start
2025-10-22T22:55:28.735Z INFO  - Initiating warmup request to container app-rixoirdj4a3x6_0_673411b7_middleware for site app-rixoirdj4a3x6
2025-10-22T22:55:28.952Z INFO  - Container app-rixoirdj4a3x6_0_673411b7_middleware for site app-rixoirdj4a3x6 initialized successfully and is ready to serve requests.
2025-10-22T22:55:28.957Z ERROR - Container app-rixoirdj4a3x6_0_673411b7 didn't respond to HTTP pings on port: 8080. Failing site start. See container logs for debugging.
2025-10-22T22:55:28.978Z INFO  - Stopping site app-rixoirdj4a3x6 because it failed during startup.
2025-10-22T23:11:13.952Z INFO  - Pulling image: mcr.microsoft.com/appsvc/middleware:stage5
2025-10-22T23:11:14.833Z INFO  - stage5 Pulling from appsvc/middleware
2025-10-22T23:11:14.835Z INFO  -  Digest: sha256:c6b2ef843d6563d5e4de4fc215ed70767a024502327712fce37342fe3f2e5d75
2025-10-22T23:11:14.835Z INFO  -  Status: Image is up to date for mcr.microsoft.com/appsvc/middleware:stage5
2025-10-22T23:11:15.839Z INFO  - Pull Image successful, Time taken: 0 Seconds
2025-10-22T23:11:15.941Z INFO  - Starting container for site
2025-10-22T23:11:15.944Z INFO  - docker run -d --expose=8181 --name app-rixoirdj4a3x6_02025-10-22T23:11:17.334Z INFO  - Initiating warmup request to container app-rixoirdj4a3x6_0_a54c3a29_msiProxy for site app-rixoirdj4a3x6
2025-10-22T23:11:17.352Z INFO  - Container app-rixoirdj4a3x6_0_a54c3a29_msiProxy for site app-rixoirdj4a3x6 initialized successfully and is ready to serve requests.
2025-10-22T23:11:17.353Z INFO  - Initiating warmup request to container app-rixoirdj4a3x6_0_a54c3a29 for site app-rixoirdj4a3x6
2025-10-22T23:11:17.369Z ERROR - Container app-rixoirdj4a3x6_0_a54c3a29 for site app-rixoirdj4a3x6 has exited, failing site start
2025-10-22T23:11:17.370Z INFO  - Initiating warmup request to container app-rixoirdj4a3x6_0_a54c3a29_middleware for site app-rixoirdj4a3x6
2025-10-22T23:11:18.596Z INFO  - Container app-rixoirdj4a3x6_0_a54c3a29_middleware for site app-rixoirdj4a3x6 initialized successfully and is ready to serve requests.
2025-10-22T23:11:18.615Z ERROR - Container app-rixoirdj4a3x6_0_a54c3a29 didn't respond to HTTP pings on port: 8080. Failing site start. See container logs for debugging.
2025-10-22T23:11:21.340Z INFO  - Stopping site app-rixoirdj4a3x6 because it failed during startup.
2025-10-22T23:21:21.272Z INFO  - Pulling image: mcr.microsoft.com/appsvc/middleware:stage5
2025-10-22T23:21:21.483Z INFO  - stage5 Pulling from appsvc/middleware
2025-10-22T23:21:21.495Z INFO  -  Digest: sha256:c6b2ef843d6563d5e4de4fc215ed70767a024502327712fce37342fe3f2e5d75
2025-10-22T23:21:21.496Z INFO  -  Status: Image is up to date for mcr.microsoft.com/appsvc/middleware:stage5
2025-10-22T23:21:21.513Z INFO  - Pull Image successful, Time taken: 0 Seconds
2025-10-22T23:21:21.569Z INFO  - Starting container for site
2025-10-22T23:21:21.570Z INFO  - docker run -d --expose=8181 --name app-rixoirdj4a3x6_02025-10-22T23:21:22.252Z INFO  - Initiating warmup request to container app-rixoirdj4a3x6_0_f8e25731_msiProxy for site app-rixoirdj4a3x6
2025-10-22T23:21:22.277Z INFO  - Container app-rixoirdj4a3x6_0_f8e25731_msiProxy for site app-rixoirdj4a3x6 initialized successfully and is ready to serve requests.
2025-10-22T23:21:22.280Z INFO  - Initiating warmup request to container app-rixoirdj4a3x6_0_f8e25731 for site app-rixoirdj4a3x6
2025-10-22T23:21:25.355Z ERROR - Container app-rixoirdj4a3x6_0_f8e25731 for site app-rixoirdj4a3x6 has exited, failing site start
2025-10-22T23:21:25.355Z INFO  - Initiating warmup request to container app-rixoirdj4a3x6_0_f8e25731_middleware for site app-rixoirdj4a3x6
2025-10-22T23:21:25.581Z INFO  - Container app-rixoirdj4a3x6_0_f8e25731_middleware for site app-rixoirdj4a3x6 initialized successfully and is ready to serve requests.
2025-10-22T23:21:25.586Z ERROR - Container app-rixoirdj4a3x6_0_f8e25731 didn't respond to HTTP pings on port: 8080. Failing site start. See container logs for debugging.
2025-10-22T23:21:25.595Z INFO  - Stopping site app-rixoirdj4a3x6 because it failed during startup.
2025-10-22T23:24:07.290Z INFO  - Pulling image: mcr.microsoft.com/appsvc/middleware:stage5
2025-10-22T23:24:07.477Z INFO  - stage5 Pulling from appsvc/middleware
2025-10-22T23:24:07.488Z INFO  -  Digest: sha256:c6b2ef843d6563d5e4de4fc215ed70767a024502327712fce37342fe3f2e5d75
2025-10-22T23:24:07.489Z INFO  -  Status: Image is up to date for mcr.microsoft.com/appsvc/middleware:stage5
2025-10-22T23:24:07.506Z INFO  - Pull Image successful, Time taken: 0 Seconds
2025-10-22T23:24:07.545Z INFO  - Starting container for site
2025-10-22T23:24:07.546Z INFO  - docker run -d --expose=8181 --name app-rixoirdj4a3x6_02025-10-22T23:24:08.382Z INFO  - Initiating warmup request to container app-rixoirdj4a3x6_0_9a6b9fdf_msiProxy for site app-rixoirdj4a3x6
2025-10-22T23:24:08.410Z INFO  - Container app-rixoirdj4a3x6_0_9a6b9fdf_msiProxy for site app-rixoirdj4a3x6 initialized successfully and is ready to serve requests.
2025-10-22T23:24:08.416Z INFO  - Initiating warmup request to container app-rixoirdj4a3x6_0_9a6b9fdf for site app-rixoirdj4a3x6
2025-10-22T23:24:12.502Z ERROR - Container app-rixoirdj4a3x6_0_9a6b9fdf for site app-rixoirdj4a3x6 has exited, failing site start
2025-10-22T23:24:12.503Z INFO  - Initiating warmup request to container app-rixoirdj4a3x6_0_9a6b9fdf_middleware for site app-rixoirdj4a3x6
2025-10-22T23:24:12.728Z INFO  - Container app-rixoirdj4a3x6_0_9a6b9fdf_middleware for site app-rixoirdj4a3x6 initialized successfully and is ready to serve requests.
2025-10-22T23:24:12.733Z ERROR - Container app-rixoirdj4a3x6_0_9a6b9fdf didn't respond to HTTP pings on port: 8080. Failing site start. See container logs for debugging.
2025-10-22T23:24:17.556Z INFO  - Stopping site app-rixoirdj4a3x6 because it failed during startup.
