2025-10-22T21:19:40.7500375Z chown: changing ownership of '/temp': Operation not permitted
2025-10-22T21:19:40.7530875Z chmod: changing permissions of '/temp': Operation not permitted
2025-10-22T21:19:40.7638893Z     __ __          __      __    _ __     
2025-10-22T21:19:40.7639089Z    / //_/_  _ ____/ /_  __/ /   (_) /____ 
2025-10-22T21:19:40.7639130Z   / ,< / / / / __  / / / / /   / / __/ _  
2025-10-22T21:19:40.7639164Z  / /| / /_/ / /_/ / /_/ / /___/ / /_/  __/
2025-10-22T21:19:40.7639226Z /_/ |_\__,_/\__,_/\__,_/_____/_/\__/\___/ 
2025-10-22T21:19:40.7639290Z 
2025-10-22T21:19:40.7639322Z                                           
2025-10-22T21:19:40.7639351Z DEBUG CONSOLE | AZURE APP SERVICE ON LINUX
2025-10-22T21:19:40.7639383Z 
2025-10-22T21:19:40.7639417Z Documentation: http://aka.ms/webapp-linux
2025-10-22T21:19:40.7639446Z Kudu Version : 20250917.3
2025-10-22T21:19:40.7639480Z Commit       : 915b72833717358dab58b9a5b15812c44b8842d3
2025-10-22T21:19:40.7639510Z 
2025-10-22T21:19:41.4706606Z Restarting OpenBSD Secure Shell server: sshd.
2025-10-22T21:19:41.5147909Z node not running, starting node /opt/webssh/index.js
2025-10-22T21:19:42.9879309Z Wed Oct 22 21:19:42 UTC 2025 running .net core
2025-10-22T21:19:43.5015427Z Startup : 09.19.43.493003
2025-10-22T21:19:44.0907315Z Configure Services : 09.19.43.519307
2025-10-22T21:19:44.0907586Z Configure : 09.19.43.685395
2025-10-22T21:19:44.0907619Z Setting Up Routes : 09.19.43.809016
2025-10-22T21:19:44.0907645Z Exiting Configure : 09.19.43.869412
2025-10-22T21:19:44.0907688Z warn: Microsoft.AspNetCore.DataProtection.KeyManagement.XmlKeyManager[35]
2025-10-22T21:19:44.0907741Z       No XML encryptor configured. Key {490c3140-b63b-45f4-a8bc-251daf2d3601} may be persisted to storage in unencrypted form.
2025-10-22T21:19:44.0907767Z Hosting environment: Production
2025-10-22T21:19:44.0907792Z Content root path: /opt/Kudu
2025-10-22T21:19:44.0907817Z Now listening on: http://0.0.0.0:8181
2025-10-22T21:19:44.0907842Z Application started. Press Ctrl+C to shut down.
2025-10-22T21:24:34.9725595Z     __ __          __      __    _ __     
2025-10-22T21:24:34.9727252Z    / //_/_  _ ____/ /_  __/ /   (_) /____ 
2025-10-22T21:24:34.9727345Z   / ,< / / / / __  / / / / /   / / __/ _  
2025-10-22T21:24:34.9727407Z  / /| / /_/ / /_/ / /_/ / /___/ / /_/  __/
2025-10-22T21:24:34.9727435Z /_/ |_\__,_/\__,_/\__,_/_____/_/\__/\___/ 
2025-10-22T21:24:34.9727467Z 
2025-10-22T21:24:34.9727501Z                                           
2025-10-22T21:24:34.9727530Z DEBUG CONSOLE | AZURE APP SERVICE ON LINUX
2025-10-22T21:24:34.9727552Z 
2025-10-22T21:24:34.9727581Z Documentation: http://aka.ms/webapp-linux
2025-10-22T21:24:34.9727606Z Kudu Version : 20250917.3
2025-10-22T21:24:34.9727651Z Commit       : 915b72833717358dab58b9a5b15812c44b8842d3
2025-10-22T21:24:34.9727675Z 
2025-10-22T21:24:35.1643833Z chown: changing ownership of '/temp': Operation not permitted
2025-10-22T21:24:35.1668693Z chmod: changing permissions of '/temp': Operation not permitted
2025-10-22T21:24:36.2082484Z Restarting OpenBSD Secure Shell server: sshd.
2025-10-22T21:24:36.2493285Z node not running, starting node /opt/webssh/index.js
2025-10-22T21:24:38.3282466Z Wed Oct 22 21:24:38 UTC 2025 running .net core
2025-10-22T21:24:38.6097807Z Startup : 09.24.38.603248
2025-10-22T21:24:38.6174734Z Configure Services : 09.24.38.617195
2025-10-22T21:24:38.7578562Z Configure : 09.24.38.757665
2025-10-22T21:24:38.8929501Z Setting Up Routes : 09.24.38.892759
2025-10-22T21:24:38.9778050Z Exiting Configure : 09.24.38.977442
2025-10-22T21:24:39.0170949Z Hosting environment: Production
2025-10-22T21:24:39.0172166Z Content root path: /opt/Kudu
2025-10-22T21:24:39.0173652Z Now listening on: http://0.0.0.0:8181
2025-10-22T21:24:39.0174102Z Application started. Press Ctrl+C to shut down.
2025-10-22T21:29:56.0574120Z Deploy Async
2025-10-22T21:29:58.6898520Z Operation performed by Microsoft Oryx, https://github.com/Microsoft/Oryx
2025-10-22T21:29:58.6948069Z You can report issues at https://github.com/Microsoft/Oryx/issues
2025-10-22T21:29:58.7022787Z 
2025-10-22T21:29:58.7091727Z Oryx Version: 0.2.20250611.1+0649de32f1279969c9023dd41b389cce4bb94493, Commit: 0649de32f1279969c9023dd41b389cce4bb94493, ReleaseTagName: 20250611.1
2025-10-22T21:29:58.7127156Z 
2025-10-22T21:29:58.7179055Z Build Operation ID: d2319f46248504e7
2025-10-22T21:29:58.7241730Z Repository Commit : 9396cbd6-9b97-40e7-ac5e-bf51d318ca9f
2025-10-22T21:29:58.8010204Z OS Type           : bookworm
2025-10-22T21:29:58.8096596Z Image Type        : githubactions
2025-10-22T21:29:58.8149920Z 
2025-10-22T21:29:58.8206983Z Primary SDK Storage URL: https://oryx-cdn.microsoft.io
2025-10-22T21:29:58.8293498Z Backup SDK Storage URL: https://oryxsdks-cdn.azureedge.net
2025-10-22T21:29:58.8442695Z Detecting platforms...
2025-10-22T21:29:58.8528634Z External SDK provider is enabled.
2025-10-22T21:29:58.8806129Z Requesting metadata for platform nodejs from external SDK provider
2025-10-22T21:30:00.1820211Z Requesting metadata for platform nodejs from external SDK provider
2025-10-22T21:30:00.4707333Z Successfully requested blob for platform nodejs, blobName defaultVersion.bookworm.txt, available at /var/OryxSdks/nodejs/defaultVersion.bookworm.txt
2025-10-22T21:30:00.5356985Z Detected following platforms:
2025-10-22T21:30:00.5444403Z   nodejs: 20.19.5
2025-10-22T21:30:00.5471219Z Requesting metadata for platform nodejs from external SDK provider
2025-10-22T21:30:01.7830599Z Successfully requested blob for platform nodejs, blobName nodejs-bookworm-20.19.5.tar.gz, available at /var/OryxSdks/nodejs/nodejs-bookworm-20.19.5.tar.gz
2025-10-22T21:30:02.0006250Z Version '20.19.5' of platform 'nodejs' is not installed. Generating script to install it...
2025-10-22T21:30:02.0831364Z Detected the following frameworks: Typescript,Next.js
2025-10-22T21:30:02.3128686Z 
2025-10-22T21:30:02.3659377Z Using intermediate directory '/tmp/8de11b2262514bc'.
2025-10-22T21:30:02.3746631Z 
2025-10-22T21:30:02.3821701Z Copying files to the intermediate directory...
2025-10-22T21:30:02.9030966Z Done in 0 sec(s).
2025-10-22T21:30:02.9242115Z 
2025-10-22T21:30:02.9260967Z Source directory     : /tmp/8de11b2262514bc
2025-10-22T21:30:02.9331534Z Destination directory: /home/site/wwwroot
2025-10-22T21:30:02.9433772Z 
2025-10-22T21:30:02.9562910Z 
2025-10-22T21:30:02.9587900Z Downloading and extracting 'nodejs' version '20.19.5' to '/tmp/oryx/platforms/nodejs/20.19.5'...
2025-10-22T21:30:02.9676510Z Detected image debian flavor: bookworm.
2025-10-22T21:30:02.9859955Z Skipping download of nodejs version 20.19.5 as it is available in external sdk provider cache...
2025-10-22T21:30:02.9958787Z Extracting contents...
2025-10-22T21:30:04.6000090Z Successfully extracted nodejs version 20.19.5 from external sdk provider cache...
2025-10-22T21:30:04.6081964Z Done in 2 sec(s).
2025-10-22T21:30:04.6184644Z 
2025-10-22T21:30:04.6846661Z Removing existing manifest file
2025-10-22T21:30:04.6906878Z Creating directory for command manifest file if it does not exist
2025-10-22T21:30:04.6984993Z Creating a manifest file...
2025-10-22T21:30:04.7068300Z Node Build Command Manifest file created.
2025-10-22T21:30:04.7131122Z 
2025-10-22T21:30:04.7292673Z Using Node version:
2025-10-22T21:30:04.7364896Z v20.19.5
2025-10-22T21:30:04.7523952Z 
2025-10-22T21:30:04.7601517Z Using Npm version:
2025-10-22T21:30:04.9102651Z 10.8.2
2025-10-22T21:30:04.9241932Z 
2025-10-22T21:30:04.9292162Z Running 'npm install'...
2025-10-22T21:30:04.9354036Z 
2025-10-22T21:30:07.1895565Z npm warn deprecated @studio-freight/lenis@1.0.42: The '@studio-freight/lenis' package has been renamed to 'lenis'. Please update your dependencies: npm install lenis and visit the documentation: https://www.npmjs.com/package/lenis
2025-10-22T21:30:17.1403158Z .....
2025-10-22T21:30:17.1404644Z 
2025-10-22T21:30:17.1413087Z npm notice
2025-10-22T21:30:17.1481239Z added 43 packages, and audited 44 packages in 12s
2025-10-22T21:30:17.1518352Z npm notice New major version of npm available! 10.8.2 -> 11.6.2
2025-10-22T21:30:17.1602122Z 
2025-10-22T21:30:17.1636539Z 9 packages are looking for funding
2025-10-22T21:30:17.1648353Z npm notice Changelog: https://github.com/npm/cli/releases/tag/v11.6.2
2025-10-22T21:30:17.1713862Z   run `npm fund` for details
2025-10-22T21:30:17.1774727Z 
2025-10-22T21:30:17.1819663Z found 0 vulnerabilities
2025-10-22T21:30:17.1881823Z 
2025-10-22T21:30:17.1933313Z npm notice To update run: npm install -g npm@11.6.2
2025-10-22T21:30:17.2003214Z Running 'npm run build'...
2025-10-22T21:30:17.2038151Z 
2025-10-22T21:30:17.2185186Z npm notice
2025-10-22T21:30:17.3363119Z 
2025-10-22T21:30:17.3453576Z > ea-website@0.1.0 build
2025-10-22T21:30:17.3568782Z > next build
2025-10-22T21:30:17.3631748Z 
2025-10-22T21:30:17.9967693Z  ⚠ Installing TypeScript as it was not found while loading "next.config.ts".
2025-10-22T21:30:18.0381445Z 
2025-10-22T21:30:18.0473114Z Installing devDependencies (npm):
2025-10-22T21:30:18.0560994Z - typescript
2025-10-22T21:30:18.0590974Z 
2025-10-22T21:30:31.7446424Z .........
2025-10-22T21:30:31.7451411Z 
2025-10-22T21:30:31.7505327Z added 337 packages, and audited 381 packages in 14s
2025-10-22T21:30:31.7562658Z 
2025-10-22T21:30:31.7598532Z 146 packages are looking for funding
2025-10-22T21:30:31.7687742Z   run `npm fund` for details
2025-10-22T21:30:31.7743886Z 
2025-10-22T21:30:31.7777892Z  ⨯ Failed to load next.config.ts, see more info here https://nextjs.org/docs/messages/next-config-error
2025-10-22T21:30:31.7820310Z found 0 vulnerabilities
2025-10-22T21:30:31.7878625Z 
2025-10-22T21:30:31.7931500Z > Build error occurred
2025-10-22T21:30:31.8002058Z Error: Failed to transpile "next.config.ts".
2025-10-22T21:30:31.8033578Z     at ignore-listed frames {
2025-10-22T21:30:31.8077339Z 
2025-10-22T21:30:31.8153760Z   [cause]: Error: Cannot find module 'typescript'
2025-10-22T21:30:31.8535731Z   Require stack:
2025-10-22T21:30:31.8575488Z   - /tmp/8de11b2262514bc/node_modules/next/dist/build/next-config-ts/transpile-config.js
2025-10-22T21:30:31.8603918Z   - /tmp/8de11b2262514bc/node_modules/next/dist/server/config.js
2025-10-22T21:30:31.8636306Z   - /tmp/8de11b2262514bc/node_modules/next/dist/cli/next-test.js
2025-10-22T21:30:31.8668080Z   - /tmp/8de11b2262514bc/node_modules/next/dist/bin/next
2025-10-22T21:30:31.8740036Z       at ignore-listed frames {
2025-10-22T21:30:31.8765855Z     code: 'MODULE_NOT_FOUND',
2025-10-22T21:30:31.8794974Z     requireStack: [
2025-10-22T21:30:31.8829478Z       '/tmp/8de11b2262514bc/node_modules/next/dist/build/next-config-ts/transpile-config.js',
2025-10-22T21:30:31.8859016Z       '/tmp/8de11b2262514bc/node_modules/next/dist/server/config.js',
2025-10-22T21:30:31.8907713Z       '/tmp/8de11b2262514bc/node_modules/next/dist/cli/next-test.js',
2025-10-22T21:30:31.8933619Z       '/tmp/8de11b2262514bc/node_modules/next/dist/bin/next'
2025-10-22T21:30:31.8966865Z     ]
2025-10-22T21:30:31.8995039Z   }
2025-10-22T21:30:31.9024192Z }
2025-10-22T21:31:47.4507212Z Deploy Async
2025-10-22T21:31:50.0243992Z Operation performed by Microsoft Oryx, https://github.com/Microsoft/Oryx
2025-10-22T21:31:50.0321288Z You can report issues at https://github.com/Microsoft/Oryx/issues
2025-10-22T21:31:50.0401338Z 
2025-10-22T21:31:50.0459009Z Oryx Version: 0.2.20250611.1+0649de32f1279969c9023dd41b389cce4bb94493, Commit: 0649de32f1279969c9023dd41b389cce4bb94493, ReleaseTagName: 20250611.1
2025-10-22T21:31:50.0582971Z 
2025-10-22T21:31:50.0635948Z Build Operation ID: 43b110c354bdb2b7
2025-10-22T21:31:50.0692664Z Repository Commit : 557f8981-4aee-46b5-9824-baa67de337c2
2025-10-22T21:31:50.0742447Z OS Type           : bookworm
2025-10-22T21:31:50.0841897Z Image Type        : githubactions
2025-10-22T21:31:50.0883137Z 
2025-10-22T21:31:50.0941925Z Primary SDK Storage URL: https://oryx-cdn.microsoft.io
2025-10-22T21:31:50.0978728Z Backup SDK Storage URL: https://oryxsdks-cdn.azureedge.net
2025-10-22T21:31:50.1051251Z Detecting platforms...
2025-10-22T21:31:50.1113328Z External SDK provider is enabled.
2025-10-22T21:31:50.1749761Z Requesting metadata for platform nodejs from external SDK provider
2025-10-22T21:31:51.2359565Z Requesting metadata for platform nodejs from external SDK provider
2025-10-22T21:31:52.2605328Z Detected following platforms:
2025-10-22T21:31:52.2710051Z   nodejs: 20.19.5
2025-10-22T21:31:52.3197378Z Detected the following frameworks: Typescript,Next.js
2025-10-22T21:31:52.4187340Z 
2025-10-22T21:31:52.4373647Z Using intermediate directory '/tmp/8de11b268945cd4'.
2025-10-22T21:31:52.4418888Z 
2025-10-22T21:31:52.4491238Z Copying files to the intermediate directory...
2025-10-22T21:31:52.6051864Z Done in 0 sec(s).
2025-10-22T21:31:52.6129699Z 
2025-10-22T21:31:52.6219855Z Source directory     : /tmp/8de11b268945cd4
2025-10-22T21:31:52.6256125Z Destination directory: /home/site/wwwroot
2025-10-22T21:31:52.6353807Z 
2025-10-22T21:31:52.7177456Z Removing existing manifest file
2025-10-22T21:31:52.7328808Z Creating directory for command manifest file if it does not exist
2025-10-22T21:31:52.7369257Z Creating a manifest file...
2025-10-22T21:31:52.7479535Z Node Build Command Manifest file created.
2025-10-22T21:31:52.7561708Z 
2025-10-22T21:31:52.7664886Z Using Node version:
2025-10-22T21:31:52.7712711Z v20.19.5
2025-10-22T21:31:52.7815210Z 
2025-10-22T21:31:52.7937155Z Using Npm version:
2025-10-22T21:31:52.9073793Z 10.8.2
2025-10-22T21:31:52.9235838Z 
2025-10-22T21:31:52.9304654Z Running 'npm install'...
2025-10-22T21:31:52.9414949Z 
2025-10-22T21:31:56.6479714Z npm warn deprecated @studio-freight/lenis@1.0.42: The '@studio-freight/lenis' package has been renamed to 'lenis'. Please update your dependencies: npm install lenis and visit the documentation: https://www.npmjs.com/package/lenis
2025-10-22T21:32:01.7767240Z .
2025-10-22T21:32:01.7773376Z 
2025-10-22T21:32:01.8105404Z added 43 packages, and audited 44 packages in 9s
2025-10-22T21:32:01.8203129Z 
2025-10-22T21:32:01.8333425Z 9 packages are looking for funding
2025-10-22T21:32:01.8372842Z   run `npm fund` for details
2025-10-22T21:32:01.8444042Z 
2025-10-22T21:32:01.8562312Z found 0 vulnerabilities
2025-10-22T21:32:01.8769422Z 
2025-10-22T21:32:01.8857310Z Running 'npm run build'...
2025-10-22T21:32:01.9055563Z 
2025-10-22T21:32:02.1964873Z 
2025-10-22T21:32:02.2083433Z > ea-website@0.1.0 build
2025-10-22T21:32:02.2278860Z > next build
2025-10-22T21:32:02.2418044Z 
2025-10-22T21:32:03.0540188Z  ⚠ Installing TypeScript as it was not found while loading "next.config.ts".
2025-10-22T21:32:03.0960687Z 
2025-10-22T21:32:03.1033092Z Installing devDependencies (npm):
2025-10-22T21:32:03.1090918Z - typescript
2025-10-22T21:32:03.1129899Z 
2025-10-22T21:32:08.0642980Z 
2025-10-22T21:32:08.0791384Z added 337 packages, and audited 381 packages in 5s
2025-10-22T21:32:08.1377871Z 
2025-10-22T21:32:08.1417716Z 146 packages are looking for funding
2025-10-22T21:32:08.1454317Z   run `npm fund` for details
2025-10-22T21:32:08.1817762Z 
2025-10-22T21:32:08.2072949Z found 0 vulnerabilities
2025-10-22T21:32:08.2106888Z 
2025-10-22T21:32:08.2136071Z  ⨯ Failed to load next.config.ts, see more info here https://nextjs.org/docs/messages/next-config-error
2025-10-22T21:32:08.2163342Z 
2025-10-22T21:32:08.2188901Z > Build error occurred
2025-10-22T21:32:08.2225202Z Error: Failed to transpile "next.config.ts".
2025-10-22T21:32:08.2253989Z     at ignore-listed frames {
2025-10-22T21:32:08.2300738Z   [cause]: Error: Cannot find module 'typescript'
2025-10-22T21:32:08.2379932Z   Require stack:
2025-10-22T21:32:08.2421077Z   - /tmp/8de11b268945cd4/node_modules/next/dist/build/next-config-ts/transpile-config.js
2025-10-22T21:32:08.2451485Z   - /tmp/8de11b268945cd4/node_modules/next/dist/server/config.js
2025-10-22T21:32:08.2483725Z   - /tmp/8de11b268945cd4/node_modules/next/dist/cli/next-test.js
2025-10-22T21:32:08.2515773Z   - /tmp/8de11b268945cd4/node_modules/next/dist/bin/next
2025-10-22T21:32:08.2545779Z       at ignore-listed frames {
2025-10-22T21:32:08.2610267Z     code: 'MODULE_NOT_FOUND',
2025-10-22T21:32:08.2643468Z     requireStack: [
2025-10-22T21:32:08.2669329Z       '/tmp/8de11b268945cd4/node_modules/next/dist/build/next-config-ts/transpile-config.js',
2025-10-22T21:32:08.3161751Z       '/tmp/8de11b268945cd4/node_modules/next/dist/server/config.js',
2025-10-22T21:32:08.3284550Z       '/tmp/8de11b268945cd4/node_modules/next/dist/cli/next-test.js',
2025-10-22T21:32:08.3408065Z       '/tmp/8de11b268945cd4/node_modules/next/dist/bin/next'
2025-10-22T21:32:08.3512152Z     ]
2025-10-22T21:32:08.3542235Z   }
2025-10-22T21:32:08.3575330Z }
2025-10-22T21:47:24.7638012Z Deploy Async
2025-10-22T21:47:27.2285603Z Operation performed by Microsoft Oryx, https://github.com/Microsoft/Oryx
2025-10-22T21:47:27.2453312Z You can report issues at https://github.com/Microsoft/Oryx/issues
2025-10-22T21:47:27.2505505Z 
2025-10-22T21:47:27.2615229Z Oryx Version: 0.2.20250611.1+0649de32f1279969c9023dd41b389cce4bb94493, Commit: 0649de32f1279969c9023dd41b389cce4bb94493, ReleaseTagName: 20250611.1
2025-10-22T21:47:27.2699757Z 
2025-10-22T21:47:27.2741550Z Build Operation ID: 5aea27579477c85f
2025-10-22T21:47:27.2815775Z Repository Commit : 34aceefa-34c3-4457-b1fc-064c2a7e0b65
2025-10-22T21:47:27.2846115Z OS Type           : bookworm
2025-10-22T21:47:27.2937529Z Image Type        : githubactions
2025-10-22T21:47:27.3003591Z 
2025-10-22T21:47:27.3096495Z Primary SDK Storage URL: https://oryx-cdn.microsoft.io
2025-10-22T21:47:27.3132122Z Backup SDK Storage URL: https://oryxsdks-cdn.azureedge.net
2025-10-22T21:47:27.3300945Z Detecting platforms...
2025-10-22T21:47:27.3341079Z External SDK provider is enabled.
2025-10-22T21:47:27.3967076Z Requesting metadata for platform nodejs from external SDK provider
2025-10-22T21:47:28.4531582Z Requesting metadata for platform nodejs from external SDK provider
2025-10-22T21:47:28.8515599Z Detected following platforms:
2025-10-22T21:47:28.8594272Z   nodejs: 20.19.5
2025-10-22T21:47:28.9426087Z Detected the following frameworks: Typescript,Next.js
2025-10-22T21:47:29.0995383Z 
2025-10-22T21:47:29.1419243Z Using intermediate directory '/tmp/8de11b49744ddbe'.
2025-10-22T21:47:29.1503529Z 
2025-10-22T21:47:29.1566755Z Copying files to the intermediate directory...
2025-10-22T21:47:29.9638221Z Done in 0 sec(s).
2025-10-22T21:47:29.9803530Z 
2025-10-22T21:47:29.9988050Z Source directory     : /tmp/8de11b49744ddbe
2025-10-22T21:47:30.0145410Z Destination directory: /home/site/wwwroot
2025-10-22T21:47:30.0339682Z 
2025-10-22T21:47:30.2372264Z Removing existing manifest file
2025-10-22T21:47:30.2477826Z Creating directory for command manifest file if it does not exist
2025-10-22T21:47:30.2691917Z Creating a manifest file...
2025-10-22T21:47:30.2836251Z Node Build Command Manifest file created.
2025-10-22T21:47:30.2886890Z 
2025-10-22T21:47:30.3029596Z Using Node version:
2025-10-22T21:47:30.3070317Z v20.19.5
2025-10-22T21:47:30.3134221Z 
2025-10-22T21:47:30.3221563Z Using Npm version:
2025-10-22T21:47:30.4947742Z 10.8.2
2025-10-22T21:47:30.5105949Z 
2025-10-22T21:47:30.5202873Z Running 'npm install'...
2025-10-22T21:47:30.5297390Z 
2025-10-22T21:47:35.4379349Z npm warn deprecated @studio-freight/lenis@1.0.42: The '@studio-freight/lenis' package has been renamed to 'lenis'. Please update your dependencies: npm install lenis and visit the documentation: https://www.npmjs.com/package/lenis
2025-10-22T21:47:41.7605579Z ..
2025-10-22T21:47:41.7606058Z 
2025-10-22T21:47:41.7762458Z added 43 packages, and audited 44 packages in 11s
2025-10-22T21:47:41.7843208Z 
2025-10-22T21:47:41.7985832Z 9 packages are looking for funding
2025-10-22T21:47:41.8035074Z   run `npm fund` for details
2025-10-22T21:47:41.8133076Z 
2025-10-22T21:47:41.8206545Z found 0 vulnerabilities
2025-10-22T21:47:41.8706083Z 
2025-10-22T21:47:41.8786404Z Running 'npm run build'...
2025-10-22T21:47:41.8862631Z 
2025-10-22T21:47:42.1204944Z 
2025-10-22T21:47:42.1436289Z > ea-website@0.1.0 build
2025-10-22T21:47:42.1563744Z > next build
2025-10-22T21:47:42.1667390Z 
2025-10-22T21:47:43.3330794Z  ⚠ Installing TypeScript as it was not found while loading "next.config.ts".
2025-10-22T21:47:43.3687209Z 
2025-10-22T21:47:43.4122402Z Installing devDependencies (npm):
2025-10-22T21:47:43.4159741Z - typescript
2025-10-22T21:47:43.4281701Z 
2025-10-22T21:47:48.5973768Z .
2025-10-22T21:47:48.5985422Z 
2025-10-22T21:47:48.6083289Z added 337 packages, and audited 381 packages in 5s
2025-10-22T21:47:48.6134274Z 
2025-10-22T21:47:48.6378043Z  ⨯ Failed to load next.config.ts, see more info here https://nextjs.org/docs/messages/next-config-error
2025-10-22T21:47:48.6412434Z 146 packages are looking for funding
2025-10-22T21:47:48.6475567Z   run `npm fund` for details
2025-10-22T21:47:48.6527607Z 
2025-10-22T21:47:48.6537960Z 
2025-10-22T21:47:48.6624705Z found 0 vulnerabilities
2025-10-22T21:47:48.6638133Z > Build error occurred
2025-10-22T21:47:48.6782498Z 
2025-10-22T21:47:48.6788937Z Error: Failed to transpile "next.config.ts".
2025-10-22T21:47:48.6923214Z     at ignore-listed frames {
2025-10-22T21:47:48.6997739Z   [cause]: Error: Cannot find module 'typescript'
2025-10-22T21:47:48.7170875Z   Require stack:
2025-10-22T21:47:48.7236941Z   - /tmp/8de11b49744ddbe/node_modules/next/dist/build/next-config-ts/transpile-config.js
2025-10-22T21:47:48.7282587Z   - /tmp/8de11b49744ddbe/node_modules/next/dist/server/config.js
2025-10-22T21:47:48.7340140Z   - /tmp/8de11b49744ddbe/node_modules/next/dist/cli/next-test.js
2025-10-22T21:47:48.7390604Z   - /tmp/8de11b49744ddbe/node_modules/next/dist/bin/next
2025-10-22T21:47:48.7481588Z       at ignore-listed frames {
2025-10-22T21:47:48.7546307Z     code: 'MODULE_NOT_FOUND',
2025-10-22T21:47:48.7587379Z     requireStack: [
2025-10-22T21:47:48.7652812Z       '/tmp/8de11b49744ddbe/node_modules/next/dist/build/next-config-ts/transpile-config.js',
2025-10-22T21:47:48.7832284Z       '/tmp/8de11b49744ddbe/node_modules/next/dist/server/config.js',
2025-10-22T21:47:48.7883848Z       '/tmp/8de11b49744ddbe/node_modules/next/dist/cli/next-test.js',
2025-10-22T21:47:48.7935315Z       '/tmp/8de11b49744ddbe/node_modules/next/dist/bin/next'
2025-10-22T21:47:48.8024549Z     ]
2025-10-22T21:47:48.8123078Z   }
2025-10-22T21:47:48.8369296Z }
2025-10-22T21:50:43.7684934Z Deploy Async
2025-10-22T21:50:46.4621251Z Operation performed by Microsoft Oryx, https://github.com/Microsoft/Oryx
2025-10-22T21:50:46.4722970Z You can report issues at https://github.com/Microsoft/Oryx/issues
2025-10-22T21:50:46.4837988Z 
2025-10-22T21:50:46.4895988Z Oryx Version: 0.2.20250611.1+0649de32f1279969c9023dd41b389cce4bb94493, Commit: 0649de32f1279969c9023dd41b389cce4bb94493, ReleaseTagName: 20250611.1
2025-10-22T21:50:46.4929873Z 
2025-10-22T21:50:46.4961868Z Build Operation ID: fdcf3b036fbfa3e4
2025-10-22T21:50:46.5129505Z Repository Commit : 83592fff-3aa0-4f42-a557-7d6cfb85d2a0
2025-10-22T21:50:46.5196367Z OS Type           : bookworm
2025-10-22T21:50:46.5275392Z Image Type        : githubactions
2025-10-22T21:50:46.5368698Z 
2025-10-22T21:50:46.5498113Z Primary SDK Storage URL: https://oryx-cdn.microsoft.io
2025-10-22T21:50:46.5552219Z Backup SDK Storage URL: https://oryxsdks-cdn.azureedge.net
2025-10-22T21:50:46.5586251Z Detecting platforms...
2025-10-22T21:50:46.5663667Z External SDK provider is enabled.
2025-10-22T21:50:46.6353200Z Requesting metadata for platform nodejs from external SDK provider
2025-10-22T21:50:47.6733710Z Requesting metadata for platform nodejs from external SDK provider
2025-10-22T21:50:48.7923052Z Detected following platforms:
2025-10-22T21:50:48.8141476Z   nodejs: 20.19.5
2025-10-22T21:50:48.8700567Z Detected the following frameworks: Typescript,Next.js
2025-10-22T21:50:49.0895359Z 
2025-10-22T21:50:49.1031371Z Using intermediate directory '/tmp/8de11b50e04ec4f'.
2025-10-22T21:50:49.1147933Z 
2025-10-22T21:50:49.1377037Z Copying files to the intermediate directory...
2025-10-22T21:50:50.1292431Z Done in 1 sec(s).
2025-10-22T21:50:50.1597631Z 
2025-10-22T21:50:50.1673283Z Source directory     : /tmp/8de11b50e04ec4f
2025-10-22T21:50:50.1733876Z Destination directory: /home/site/wwwroot
2025-10-22T21:50:50.1763854Z 
2025-10-22T21:50:50.3923720Z Removing existing manifest file
2025-10-22T21:50:50.4094045Z Creating directory for command manifest file if it does not exist
2025-10-22T21:50:50.4211081Z Creating a manifest file...
2025-10-22T21:50:50.4535160Z Node Build Command Manifest file created.
2025-10-22T21:50:50.4766692Z 
2025-10-22T21:50:50.4785019Z Using Node version:
2025-10-22T21:50:50.4843474Z v20.19.5
2025-10-22T21:50:50.4921114Z 
2025-10-22T21:50:50.4974319Z Using Npm version:
2025-10-22T21:50:50.8121988Z 10.8.2
2025-10-22T21:50:50.8342393Z 
2025-10-22T21:50:50.8382916Z Running 'npm install'...
2025-10-22T21:50:50.8529209Z 
2025-10-22T21:50:55.2238541Z npm warn deprecated @studio-freight/lenis@1.0.42: The '@studio-freight/lenis' package has been renamed to 'lenis'. Please update your dependencies: npm install lenis and visit the documentation: https://www.npmjs.com/package/lenis
2025-10-22T21:51:02.1047098Z ..
2025-10-22T21:51:02.1047606Z 
2025-10-22T21:51:02.1180251Z added 43 packages, and audited 44 packages in 11s
2025-10-22T21:51:02.1293160Z 
2025-10-22T21:51:02.1335221Z 9 packages are looking for funding
2025-10-22T21:51:02.1382957Z   run `npm fund` for details
2025-10-22T21:51:02.1430937Z 
2025-10-22T21:51:02.1526351Z found 0 vulnerabilities
2025-10-22T21:51:02.1792822Z 
2025-10-22T21:51:02.1948553Z Running 'npm run build'...
2025-10-22T21:51:02.2046835Z 
2025-10-22T21:51:02.4708261Z 
2025-10-22T21:51:02.4737745Z > ea-website@0.1.0 build
2025-10-22T21:51:02.4849298Z > next build
2025-10-22T21:51:02.4936624Z 
2025-10-22T21:51:03.2124348Z  ⚠ Installing TypeScript as it was not found while loading "next.config.ts".
2025-10-22T21:51:03.2597484Z 
2025-10-22T21:51:03.2670262Z Installing devDependencies (npm):
2025-10-22T21:51:03.2778607Z - typescript
2025-10-22T21:51:03.2809007Z 
2025-10-22T21:51:08.4716122Z .
2025-10-22T21:51:08.4717312Z 
2025-10-22T21:51:08.4921036Z added 337 packages, and audited 381 packages in 5s
2025-10-22T21:51:08.5004629Z 
2025-10-22T21:51:08.5113923Z 146 packages are looking for funding
2025-10-22T21:51:08.5170471Z   run `npm fund` for details
2025-10-22T21:51:08.5231209Z 
2025-10-22T21:51:08.5291304Z found 0 vulnerabilities
2025-10-22T21:51:08.5351156Z 
2025-10-22T21:51:08.5441327Z  ⨯ Failed to load next.config.ts, see more info here https://nextjs.org/docs/messages/next-config-error
2025-10-22T21:51:08.5596252Z 
2025-10-22T21:51:08.5648020Z > Build error occurred
2025-10-22T21:51:08.5791888Z Error: Failed to transpile "next.config.ts".
2025-10-22T21:51:08.5865268Z     at ignore-listed frames {
2025-10-22T21:51:08.5916252Z   [cause]: Error: Cannot find module 'typescript'
2025-10-22T21:51:08.6001644Z   Require stack:
2025-10-22T21:51:08.6134539Z   - /tmp/8de11b50e04ec4f/node_modules/next/dist/build/next-config-ts/transpile-config.js
2025-10-22T21:51:08.6193816Z   - /tmp/8de11b50e04ec4f/node_modules/next/dist/server/config.js
2025-10-22T21:51:08.6435261Z   - /tmp/8de11b50e04ec4f/node_modules/next/dist/cli/next-test.js
2025-10-22T21:51:08.6475921Z   - /tmp/8de11b50e04ec4f/node_modules/next/dist/bin/next
2025-10-22T21:51:08.6542892Z       at ignore-listed frames {
2025-10-22T21:51:08.6579271Z     code: 'MODULE_NOT_FOUND',
2025-10-22T21:51:08.6727821Z     requireStack: [
2025-10-22T21:51:08.6756734Z       '/tmp/8de11b50e04ec4f/node_modules/next/dist/build/next-config-ts/transpile-config.js',
2025-10-22T21:51:08.6876955Z       '/tmp/8de11b50e04ec4f/node_modules/next/dist/server/config.js',
2025-10-22T21:51:08.7003430Z       '/tmp/8de11b50e04ec4f/node_modules/next/dist/cli/next-test.js',
2025-10-22T21:51:08.7071304Z       '/tmp/8de11b50e04ec4f/node_modules/next/dist/bin/next'
2025-10-22T21:51:08.7125240Z     ]
2025-10-22T21:51:08.7154167Z   }
2025-10-22T21:51:08.7207434Z }
2025-10-22T21:53:57.7208363Z     __ __          __      __    _ __     
2025-10-22T21:53:57.7217169Z    / //_/_  _ ____/ /_  __/ /   (_) /____ 
2025-10-22T21:53:57.7217320Z   / ,< / / / / __  / / / / /   / / __/ _  
2025-10-22T21:53:57.7217352Z  / /| / /_/ / /_/ / /_/ / /___/ / /_/  __/
2025-10-22T21:53:57.7217383Z /_/ |_\__,_/\__,_/\__,_/_____/_/\__/\___/ 
2025-10-22T21:53:57.7217420Z 
2025-10-22T21:53:57.7217452Z                                           
2025-10-22T21:53:57.7217480Z DEBUG CONSOLE | AZURE APP SERVICE ON LINUX
2025-10-22T21:53:57.7217506Z 
2025-10-22T21:53:57.7217554Z Documentation: http://aka.ms/webapp-linux
2025-10-22T21:53:57.7217584Z Kudu Version : 20250917.3
2025-10-22T21:53:57.7217615Z Commit       : 915b72833717358dab58b9a5b15812c44b8842d3
2025-10-22T21:53:57.7217643Z 
2025-10-22T21:53:57.8942497Z chown: changing ownership of '/temp': Operation not permitted
2025-10-22T21:53:57.9041570Z chmod: changing permissions of '/temp': Operation not permitted
2025-10-22T21:54:00.1400889Z Restarting OpenBSD Secure Shell server: sshd.
2025-10-22T21:54:00.1631788Z node not running, starting node /opt/webssh/index.js
2025-10-22T21:54:02.7943416Z Wed Oct 22 21:54:02 UTC 2025 running .net core
2025-10-22T21:54:03.2301087Z Startup : 09.54.03.226097
2025-10-22T21:54:03.2364836Z Configure Services : 09.54.03.236332
2025-10-22T21:54:03.3345830Z Configure : 09.54.03.334419
2025-10-22T21:54:03.4109344Z Setting Up Routes : 09.54.03.410761
2025-10-22T21:54:03.5784561Z Exiting Configure : 09.54.03.578212
2025-10-22T21:54:03.6288581Z Hosting environment: Production
2025-10-22T21:54:03.6291618Z Content root path: /opt/Kudu
2025-10-22T21:54:03.6291944Z Now listening on: http://0.0.0.0:8181
2025-10-22T21:54:03.6292065Z Application started. Press Ctrl+C to shut down.
2025-10-22T22:29:50.8882864Z Deploy Async
